{"meta": {"format": 3, "version": "7.9.2", "timestamp": "2025-09-17T00:16:15.377548", "branch_coverage": false, "show_contexts": false}, "files": {"src/youtubeviz/__init__.py": {"executed_lines": [], "summary": {"covered_lines": 0, "num_statements": 12, "percent_covered": 0.0, "percent_covered_display": "0", "missing_lines": 12, "excluded_lines": 0}, "missing_lines": [12, 18, 30, 33, 34, 40, 48, 49, 50, 52, 77, 78], "excluded_lines": [], "functions": {"": {"executed_lines": [], "summary": {"covered_lines": 0, "num_statements": 12, "percent_covered": 0.0, "percent_covered_display": "0", "missing_lines": 12, "excluded_lines": 0}, "missing_lines": [12, 18, 30, 33, 34, 40, 48, 49, 50, 52, 77, 78], "excluded_lines": []}}, "classes": {"": {"executed_lines": [], "summary": {"covered_lines": 0, "num_statements": 12, "percent_covered": 0.0, "percent_covered_display": "0", "missing_lines": 12, "excluded_lines": 0}, "missing_lines": [12, 18, 30, 33, 34, 40, 48, 49, 50, 52, 77, 78], "excluded_lines": []}}}, "src/youtubeviz/advanced_music_sentiment.py": {"executed_lines": [], "summary": {"covered_lines": 0, "num_statements": 158, "percent_covered": 0.0, "percent_covered_display": "0", "missing_lines": 158, "excluded_lines": 0}, "missing_lines": [16, 17, 18, 19, 21, 24, 25, 26, 27, 30, 31, 32, 33, 34, 35, 38, 39, 40, 41, 42, 43, 46, 47, 48, 49, 50, 51, 52, 53, 54, 57, 69, 70, 128, 149, 157, 174, 176, 177, 180, 183, 184, 185, 188, 189, 190, 193, 194, 197, 198, 199, 202, 203, 206, 213, 215, 217, 219, 222, 223, 224, 227, 228, 231, 232, 235, 236, 237, 240, 241, 242, 245, 247, 249, 252, 253, 254, 257, 258, 259, 262, 263, 264, 267, 268, 269, 271, 273, 283, 286, 289, 304, 305, 306, 309, 310, 311, 312, 315, 316, 319, 320, 323, 325, 326, 328, 329, 330, 331, 332, 333, 336, 337, 338, 339, 340, 341, 343, 344, 346, 352, 353, 364, 367, 368, 371, 374, 375, 376, 377, 378, 379, 380, 382, 384, 396, 398, 400, 428, 429, 431, 432, 434, 435, 436, 438, 439, 440, 441, 442, 443, 445, 446, 448, 449, 451, 454, 455], "excluded_lines": [], "functions": {"AdvancedMusicSentimentAnalyzer.__init__": {"executed_lines": [], "summary": {"covered_lines": 0, "num_statements": 4, "percent_covered": 0.0, "percent_covered_display": "0", "missing_lines": 4, "excluded_lines": 0}, "missing_lines": [70, 128, 149, 157], "excluded_lines": []}, "AdvancedMusicSentimentAnalyzer.extract_booster_features": {"executed_lines": [], "summary": {"covered_lines": 0, "num_statements": 19, "percent_covered": 0.0, "percent_covered_display": "0", "missing_lines": 19, "excluded_lines": 0}, "missing_lines": [176, 177, 180, 183, 184, 185, 188, 189, 190, 193, 194, 197, 198, 199, 202, 203, 206, 213, 215], "excluded_lines": []}, "AdvancedMusicSentimentAnalyzer.detect_intent": {"executed_lines": [], "summary": {"covered_lines": 0, "num_statements": 15, "percent_covered": 0.0, "percent_covered_display": "0", "missing_lines": 15, "excluded_lines": 0}, "missing_lines": [219, 222, 223, 224, 227, 228, 231, 232, 235, 236, 237, 240, 241, 242, 245], "excluded_lines": []}, "AdvancedMusicSentimentAnalyzer.detect_aspect": {"executed_lines": [], "summary": {"covered_lines": 0, "num_statements": 14, "percent_covered": 0.0, "percent_covered_display": "0", "missing_lines": 14, "excluded_lines": 0}, "missing_lines": [249, 252, 253, 254, 257, 258, 259, 262, 263, 264, 267, 268, 269, 271], "excluded_lines": []}, "AdvancedMusicSentimentAnalyzer.calculate_sentiment": {"executed_lines": [], "summary": {"covered_lines": 0, "num_statements": 31, "percent_covered": 0.0, "percent_covered_display": "0", "missing_lines": 31, "excluded_lines": 0}, "missing_lines": [283, 286, 289, 304, 305, 306, 309, 310, 311, 312, 315, 316, 319, 320, 323, 325, 326, 328, 329, 330, 331, 332, 333, 336, 337, 338, 339, 340, 341, 343, 344], "excluded_lines": []}, "AdvancedMusicSentimentAnalyzer.analyze_comment": {"executed_lines": [], "summary": {"covered_lines": 0, "num_statements": 15, "percent_covered": 0.0, "percent_covered_display": "0", "missing_lines": 15, "excluded_lines": 0}, "missing_lines": [352, 353, 364, 367, 368, 371, 374, 375, 376, 377, 378, 379, 380, 382, 384], "excluded_lines": []}, "test_advanced_analyzer": {"executed_lines": [], "summary": {"covered_lines": 0, "num_statements": 20, "percent_covered": 0.0, "percent_covered_display": "0", "missing_lines": 20, "excluded_lines": 0}, "missing_lines": [398, 400, 428, 429, 431, 432, 434, 435, 436, 438, 439, 440, 441, 442, 443, 445, 446, 448, 449, 451], "excluded_lines": []}, "": {"executed_lines": [], "summary": {"covered_lines": 0, "num_statements": 40, "percent_covered": 0.0, "percent_covered_display": "0", "missing_lines": 40, "excluded_lines": 0}, "missing_lines": [16, 17, 18, 19, 21, 24, 25, 26, 27, 30, 31, 32, 33, 34, 35, 38, 39, 40, 41, 42, 43, 46, 47, 48, 49, 50, 51, 52, 53, 54, 57, 69, 174, 217, 247, 273, 346, 396, 454, 455], "excluded_lines": []}}, "classes": {"SentimentLabel": {"executed_lines": [], "summary": {"covered_lines": 0, "num_statements": 0, "percent_covered": 100.0, "percent_covered_display": "100", "missing_lines": 0, "excluded_lines": 0}, "missing_lines": [], "excluded_lines": []}, "IntentLabel": {"executed_lines": [], "summary": {"covered_lines": 0, "num_statements": 0, "percent_covered": 100.0, "percent_covered_display": "100", "missing_lines": 0, "excluded_lines": 0}, "missing_lines": [], "excluded_lines": []}, "AspectLabel": {"executed_lines": [], "summary": {"covered_lines": 0, "num_statements": 0, "percent_covered": 100.0, "percent_covered_display": "100", "missing_lines": 0, "excluded_lines": 0}, "missing_lines": [], "excluded_lines": []}, "AnalysisResult": {"executed_lines": [], "summary": {"covered_lines": 0, "num_statements": 0, "percent_covered": 100.0, "percent_covered_display": "100", "missing_lines": 0, "excluded_lines": 0}, "missing_lines": [], "excluded_lines": []}, "AdvancedMusicSentimentAnalyzer": {"executed_lines": [], "summary": {"covered_lines": 0, "num_statements": 98, "percent_covered": 0.0, "percent_covered_display": "0", "missing_lines": 98, "excluded_lines": 0}, "missing_lines": [70, 128, 149, 157, 176, 177, 180, 183, 184, 185, 188, 189, 190, 193, 194, 197, 198, 199, 202, 203, 206, 213, 215, 219, 222, 223, 224, 227, 228, 231, 232, 235, 236, 237, 240, 241, 242, 245, 249, 252, 253, 254, 257, 258, 259, 262, 263, 264, 267, 268, 269, 271, 283, 286, 289, 304, 305, 306, 309, 310, 311, 312, 315, 316, 319, 320, 323, 325, 326, 328, 329, 330, 331, 332, 333, 336, 337, 338, 339, 340, 341, 343, 344, 352, 353, 364, 367, 368, 371, 374, 375, 376, 377, 378, 379, 380, 382, 384], "excluded_lines": []}, "": {"executed_lines": [], "summary": {"covered_lines": 0, "num_statements": 60, "percent_covered": 0.0, "percent_covered_display": "0", "missing_lines": 60, "excluded_lines": 0}, "missing_lines": [16, 17, 18, 19, 21, 24, 25, 26, 27, 30, 31, 32, 33, 34, 35, 38, 39, 40, 41, 42, 43, 46, 47, 48, 49, 50, 51, 52, 53, 54, 57, 69, 174, 217, 247, 273, 346, 396, 398, 400, 428, 429, 431, 432, 434, 435, 436, 438, 439, 440, 441, 442, 443, 445, 446, 448, 449, 451, 454, 455], "excluded_lines": []}}}, "src/youtubeviz/bot_detection.py": {"executed_lines": [], "summary": {"covered_lines": 0, "num_statements": 195, "percent_covered": 0.0, "percent_covered_display": "0", "missing_lines": 195, "excluded_lines": 0}, "missing_lines": [19, 21, 22, 23, 24, 25, 27, 28, 29, 30, 31, 32, 35, 39, 85, 88, 91, 94, 97, 98, 99, 100, 101, 104, 105, 107, 108, 109, 110, 111, 112, 116, 117, 120, 127, 128, 131, 132, 135, 137, 140, 143, 144, 147, 149, 152, 154, 155, 157, 160, 161, 172, 174, 188, 190, 191, 192, 194, 195, 198, 201, 203, 204, 205, 206, 209, 211, 213, 216, 218, 220, 221, 222, 224, 229, 230, 231, 232, 235, 238, 254, 256, 259, 261, 263, 264, 267, 273, 274, 275, 278, 279, 281, 282, 283, 284, 286, 288, 290, 293, 294, 295, 296, 298, 299, 301, 304, 306, 307, 308, 311, 313, 314, 315, 316, 317, 318, 320, 323, 324, 326, 327, 329, 332, 334, 335, 338, 339, 341, 342, 344, 346, 347, 348, 349, 351, 352, 353, 358, 359, 361, 363, 364, 365, 366, 367, 368, 370, 372, 374, 378, 380, 381, 384, 386, 388, 392, 393, 395, 397, 401, 403, 405, 407, 408, 409, 410, 411, 414, 417, 418, 428, 429, 431, 433, 436, 440, 443, 454, 456, 474, 477, 489, 490, 493, 495, 496, 499, 500, 502, 505, 515, 516, 519, 521], "excluded_lines": [], "functions": {"BotDetectionConfig.validate_threshold": {"executed_lines": [], "summary": {"covered_lines": 0, "num_statements": 3, "percent_covered": 0.0, "percent_covered_display": "0", "missing_lines": 3, "excluded_lines": 0}, "missing_lines": [110, 111, 112], "excluded_lines": []}, "_normalize_text": {"executed_lines": [], "summary": {"covered_lines": 0, "num_statements": 6, "percent_covered": 0.0, "percent_covered_display": "0", "missing_lines": 6, "excluded_lines": 0}, "missing_lines": [127, 128, 131, 132, 135, 137], "excluded_lines": []}, "_strip_emojis": {"executed_lines": [], "summary": {"covered_lines": 0, "num_statements": 2, "percent_covered": 0.0, "percent_covered_display": "0", "missing_lines": 2, "excluded_lines": 0}, "missing_lines": [143, 144], "excluded_lines": []}, "_count_emojis": {"executed_lines": [], "summary": {"covered_lines": 0, "num_statements": 1, "percent_covered": 0.0, "percent_covered_display": "0", "missing_lines": 1, "excluded_lines": 0}, "missing_lines": [149], "excluded_lines": []}, "_clamp_01": {"executed_lines": [], "summary": {"covered_lines": 0, "num_statements": 3, "percent_covered": 0.0, "percent_covered_display": "0", "missing_lines": 3, "excluded_lines": 0}, "missing_lines": [154, 155, 157], "excluded_lines": []}, "BotDetector.analyze_comments": {"executed_lines": [], "summary": {"covered_lines": 0, "num_statements": 25, "percent_covered": 0.0, "percent_covered_display": "0", "missing_lines": 25, "excluded_lines": 0}, "missing_lines": [188, 190, 191, 192, 194, 195, 198, 201, 203, 204, 205, 206, 209, 211, 213, 216, 218, 224, 229, 230, 231, 232, 235, 238, 254], "excluded_lines": []}, "BotDetector.analyze_comments._contains_whitelist_phrase": {"executed_lines": [], "summary": {"covered_lines": 0, "num_statements": 3, "percent_covered": 0.0, "percent_covered_display": "0", "missing_lines": 3, "excluded_lines": 0}, "missing_lines": [220, 221, 222], "excluded_lines": []}, "BotDetector._add_similarity_features": {"executed_lines": [], "summary": {"covered_lines": 0, "num_statements": 21, "percent_covered": 0.0, "percent_covered_display": "0", "missing_lines": 21, "excluded_lines": 0}, "missing_lines": [259, 293, 294, 295, 296, 298, 299, 301, 304, 306, 313, 314, 315, 316, 317, 318, 320, 323, 324, 326, 327], "excluded_lines": []}, "BotDetector._add_similarity_features._count_similar_comments": {"executed_lines": [], "summary": {"covered_lines": 0, "num_statements": 16, "percent_covered": 0.0, "percent_covered_display": "0", "missing_lines": 16, "excluded_lines": 0}, "missing_lines": [261, 263, 264, 267, 273, 274, 275, 278, 279, 281, 282, 283, 284, 286, 288, 290], "excluded_lines": []}, "BotDetector._add_similarity_features._count_similar_global": {"executed_lines": [], "summary": {"covered_lines": 0, "num_statements": 3, "percent_covered": 0.0, "percent_covered_display": "0", "missing_lines": 3, "excluded_lines": 0}, "missing_lines": [307, 308, 311], "excluded_lines": []}, "BotDetector._add_timing_features": {"executed_lines": [], "summary": {"covered_lines": 0, "num_statements": 9, "percent_covered": 0.0, "percent_covered_display": "0", "missing_lines": 9, "excluded_lines": 0}, "missing_lines": [332, 363, 364, 365, 366, 367, 368, 370, 372], "excluded_lines": []}, "BotDetector._add_timing_features._calculate_burst_score": {"executed_lines": [], "summary": {"covered_lines": 0, "num_statements": 17, "percent_covered": 0.0, "percent_covered_display": "0", "missing_lines": 17, "excluded_lines": 0}, "missing_lines": [334, 335, 338, 339, 341, 342, 344, 346, 347, 348, 349, 351, 352, 353, 358, 359, 361], "excluded_lines": []}, "BotDetector._add_author_features": {"executed_lines": [], "summary": {"covered_lines": 0, "num_statements": 5, "percent_covered": 0.0, "percent_covered_display": "0", "missing_lines": 5, "excluded_lines": 0}, "missing_lines": [378, 380, 381, 384, 386], "excluded_lines": []}, "BotDetector._add_engagement_features": {"executed_lines": [], "summary": {"covered_lines": 0, "num_statements": 3, "percent_covered": 0.0, "percent_covered_display": "0", "missing_lines": 3, "excluded_lines": 0}, "missing_lines": [392, 393, 395], "excluded_lines": []}, "BotDetector._calculate_bot_score": {"executed_lines": [], "summary": {"covered_lines": 0, "num_statements": 15, "percent_covered": 0.0, "percent_covered_display": "0", "missing_lines": 15, "excluded_lines": 0}, "missing_lines": [401, 407, 408, 409, 410, 411, 414, 417, 418, 428, 429, 431, 433, 436, 440], "excluded_lines": []}, "BotDetector._calculate_bot_score._duplicate_component": {"executed_lines": [], "summary": {"covered_lines": 0, "num_statements": 2, "percent_covered": 0.0, "percent_covered_display": "0", "missing_lines": 2, "excluded_lines": 0}, "missing_lines": [403, 405], "excluded_lines": []}, "load_recent_comments": {"executed_lines": [], "summary": {"covered_lines": 0, "num_statements": 3, "percent_covered": 0.0, "percent_covered_display": "0", "missing_lines": 3, "excluded_lines": 0}, "missing_lines": [454, 456, 474], "excluded_lines": []}, "analyze_bot_patterns": {"executed_lines": [], "summary": {"covered_lines": 0, "num_statements": 8, "percent_covered": 0.0, "percent_covered_display": "0", "missing_lines": 8, "excluded_lines": 0}, "missing_lines": [489, 490, 493, 495, 496, 499, 500, 502], "excluded_lines": []}, "store_bot_analysis": {"executed_lines": [], "summary": {"covered_lines": 0, "num_statements": 4, "percent_covered": 0.0, "percent_covered_display": "0", "missing_lines": 4, "excluded_lines": 0}, "missing_lines": [515, 516, 519, 521], "excluded_lines": []}, "": {"executed_lines": [], "summary": {"covered_lines": 0, "num_statements": 46, "percent_covered": 0.0, "percent_covered_display": "0", "missing_lines": 46, "excluded_lines": 0}, "missing_lines": [19, 21, 22, 23, 24, 25, 27, 28, 29, 30, 31, 32, 35, 39, 85, 88, 91, 94, 97, 98, 99, 100, 101, 104, 105, 107, 108, 109, 116, 117, 120, 140, 147, 152, 160, 161, 172, 174, 256, 329, 374, 388, 397, 443, 477, 505], "excluded_lines": []}}, "classes": {"BotDetectionConfig": {"executed_lines": [], "summary": {"covered_lines": 0, "num_statements": 3, "percent_covered": 0.0, "percent_covered_display": "0", "missing_lines": 3, "excluded_lines": 0}, "missing_lines": [110, 111, 112], "excluded_lines": []}, "BotDetector": {"executed_lines": [], "summary": {"covered_lines": 0, "num_statements": 119, "percent_covered": 0.0, "percent_covered_display": "0", "missing_lines": 119, "excluded_lines": 0}, "missing_lines": [188, 190, 191, 192, 194, 195, 198, 201, 203, 204, 205, 206, 209, 211, 213, 216, 218, 220, 221, 222, 224, 229, 230, 231, 232, 235, 238, 254, 259, 261, 263, 264, 267, 273, 274, 275, 278, 279, 281, 282, 283, 284, 286, 288, 290, 293, 294, 295, 296, 298, 299, 301, 304, 306, 307, 308, 311, 313, 314, 315, 316, 317, 318, 320, 323, 324, 326, 327, 332, 334, 335, 338, 339, 341, 342, 344, 346, 347, 348, 349, 351, 352, 353, 358, 359, 361, 363, 364, 365, 366, 367, 368, 370, 372, 378, 380, 381, 384, 386, 392, 393, 395, 401, 403, 405, 407, 408, 409, 410, 411, 414, 417, 418, 428, 429, 431, 433, 436, 440], "excluded_lines": []}, "": {"executed_lines": [], "summary": {"covered_lines": 0, "num_statements": 73, "percent_covered": 0.0, "percent_covered_display": "0", "missing_lines": 73, "excluded_lines": 0}, "missing_lines": [19, 21, 22, 23, 24, 25, 27, 28, 29, 30, 31, 32, 35, 39, 85, 88, 91, 94, 97, 98, 99, 100, 101, 104, 105, 107, 108, 109, 116, 117, 120, 127, 128, 131, 132, 135, 137, 140, 143, 144, 147, 149, 152, 154, 155, 157, 160, 161, 172, 174, 256, 329, 374, 388, 397, 443, 454, 456, 474, 477, 489, 490, 493, 495, 496, 499, 500, 502, 505, 515, 516, 519, 521], "excluded_lines": []}}}, "src/youtubeviz/chart_models.py": {"executed_lines": [], "summary": {"covered_lines": 0, "num_statements": 150, "percent_covered": 0.0, "percent_covered_display": "0", "missing_lines": 150, "excluded_lines": 0}, "missing_lines": [6, 7, 8, 9, 10, 13, 15, 18, 21, 22, 23, 24, 26, 27, 28, 29, 30, 33, 36, 37, 38, 39, 40, 41, 43, 44, 45, 46, 47, 50, 53, 54, 55, 56, 57, 58, 59, 61, 62, 63, 64, 65, 67, 68, 69, 70, 71, 72, 73, 76, 79, 80, 81, 82, 85, 86, 87, 88, 89, 91, 92, 93, 94, 95, 98, 101, 102, 103, 104, 105, 106, 107, 109, 110, 112, 113, 114, 117, 120, 121, 122, 123, 124, 125, 126, 129, 130, 132, 133, 135, 136, 139, 140, 143, 144, 147, 148, 150, 152, 153, 155, 156, 157, 159, 160, 162, 163, 164, 165, 166, 169, 172, 183, 184, 185, 186, 189, 190, 191, 194, 195, 198, 210, 211, 214, 216, 218, 219, 221, 222, 223, 224, 226, 227, 228, 229, 230, 232, 235, 246, 248, 249, 250, 256, 267, 268, 273, 274, 276, 277], "excluded_lines": [], "functions": {"SentimentData.validate_non_empty_strings": {"executed_lines": [], "summary": {"covered_lines": 0, "num_statements": 3, "percent_covered": 0.0, "percent_covered_display": "0", "missing_lines": 3, "excluded_lines": 0}, "missing_lines": [28, 29, 30], "excluded_lines": []}, "ThemeData.validate_comment_quality": {"executed_lines": [], "summary": {"covered_lines": 0, "num_statements": 3, "percent_covered": 0.0, "percent_covered_display": "0", "missing_lines": 3, "excluded_lines": 0}, "missing_lines": [45, 46, 47], "excluded_lines": []}, "VideoPerformanceData.validate_comment_consistency": {"executed_lines": [], "summary": {"covered_lines": 0, "num_statements": 3, "percent_covered": 0.0, "percent_covered_display": "0", "missing_lines": 3, "excluded_lines": 0}, "missing_lines": [63, 64, 65], "excluded_lines": []}, "VideoPerformanceData.validate_rate_consistency": {"executed_lines": [], "summary": {"covered_lines": 0, "num_statements": 5, "percent_covered": 0.0, "percent_covered_display": "0", "missing_lines": 5, "excluded_lines": 0}, "missing_lines": [69, 70, 71, 72, 73], "excluded_lines": []}, "FeatureData.validate_realistic_engagement": {"executed_lines": [], "summary": {"covered_lines": 0, "num_statements": 3, "percent_covered": 0.0, "percent_covered_display": "0", "missing_lines": 3, "excluded_lines": 0}, "missing_lines": [93, 94, 95], "excluded_lines": []}, "UMAPClusteringData.validate_text_quality": {"executed_lines": [], "summary": {"covered_lines": 0, "num_statements": 3, "percent_covered": 0.0, "percent_covered_display": "0", "missing_lines": 3, "excluded_lines": 0}, "missing_lines": [112, 113, 114], "excluded_lines": []}, "ContentAnalysisData.validate_realistic_duration": {"executed_lines": [], "summary": {"covered_lines": 0, "num_statements": 9, "percent_covered": 0.0, "percent_covered_display": "0", "missing_lines": 9, "excluded_lines": 0}, "missing_lines": [135, 136, 139, 140, 143, 144, 147, 148, 150], "excluded_lines": []}, "ContentAnalysisData.auto_detect_short_form": {"executed_lines": [], "summary": {"covered_lines": 0, "num_statements": 3, "percent_covered": 0.0, "percent_covered_display": "0", "missing_lines": 3, "excluded_lines": 0}, "missing_lines": [155, 156, 157], "excluded_lines": []}, "ContentAnalysisData.validate_upload_date_format": {"executed_lines": [], "summary": {"covered_lines": 0, "num_statements": 5, "percent_covered": 0.0, "percent_covered_display": "0", "missing_lines": 5, "excluded_lines": 0}, "missing_lines": [162, 163, 164, 165, 166], "excluded_lines": []}, "validate_dataframe_schema": {"executed_lines": [], "summary": {"covered_lines": 0, "num_statements": 16, "percent_covered": 0.0, "percent_covered_display": "0", "missing_lines": 16, "excluded_lines": 0}, "missing_lines": [210, 211, 214, 216, 218, 219, 221, 222, 223, 224, 226, 227, 228, 229, 230, 232], "excluded_lines": []}, "validate_required_columns": {"executed_lines": [], "summary": {"covered_lines": 0, "num_statements": 4, "percent_covered": 0.0, "percent_covered_display": "0", "missing_lines": 4, "excluded_lines": 0}, "missing_lines": [246, 248, 249, 250], "excluded_lines": []}, "validate_data_quality": {"executed_lines": [], "summary": {"covered_lines": 0, "num_statements": 6, "percent_covered": 0.0, "percent_covered_display": "0", "missing_lines": 6, "excluded_lines": 0}, "missing_lines": [267, 268, 273, 274, 276, 277], "excluded_lines": []}, "": {"executed_lines": [], "summary": {"covered_lines": 0, "num_statements": 87, "percent_covered": 0.0, "percent_covered_display": "0", "missing_lines": 87, "excluded_lines": 0}, "missing_lines": [6, 7, 8, 9, 10, 13, 15, 18, 21, 22, 23, 24, 26, 27, 33, 36, 37, 38, 39, 40, 41, 43, 44, 50, 53, 54, 55, 56, 57, 58, 59, 61, 62, 67, 68, 76, 79, 80, 81, 82, 85, 86, 87, 88, 89, 91, 92, 98, 101, 102, 103, 104, 105, 106, 107, 109, 110, 117, 120, 121, 122, 123, 124, 125, 126, 129, 130, 132, 133, 152, 153, 159, 160, 169, 172, 183, 184, 185, 186, 189, 190, 191, 194, 195, 198, 235, 256], "excluded_lines": []}}, "classes": {"ChartDataValidationError": {"executed_lines": [], "summary": {"covered_lines": 0, "num_statements": 0, "percent_covered": 100.0, "percent_covered_display": "100", "missing_lines": 0, "excluded_lines": 0}, "missing_lines": [], "excluded_lines": []}, "SentimentData": {"executed_lines": [], "summary": {"covered_lines": 0, "num_statements": 3, "percent_covered": 0.0, "percent_covered_display": "0", "missing_lines": 3, "excluded_lines": 0}, "missing_lines": [28, 29, 30], "excluded_lines": []}, "ThemeData": {"executed_lines": [], "summary": {"covered_lines": 0, "num_statements": 3, "percent_covered": 0.0, "percent_covered_display": "0", "missing_lines": 3, "excluded_lines": 0}, "missing_lines": [45, 46, 47], "excluded_lines": []}, "VideoPerformanceData": {"executed_lines": [], "summary": {"covered_lines": 0, "num_statements": 8, "percent_covered": 0.0, "percent_covered_display": "0", "missing_lines": 8, "excluded_lines": 0}, "missing_lines": [63, 64, 65, 69, 70, 71, 72, 73], "excluded_lines": []}, "FeatureData": {"executed_lines": [], "summary": {"covered_lines": 0, "num_statements": 3, "percent_covered": 0.0, "percent_covered_display": "0", "missing_lines": 3, "excluded_lines": 0}, "missing_lines": [93, 94, 95], "excluded_lines": []}, "UMAPClusteringData": {"executed_lines": [], "summary": {"covered_lines": 0, "num_statements": 3, "percent_covered": 0.0, "percent_covered_display": "0", "missing_lines": 3, "excluded_lines": 0}, "missing_lines": [112, 113, 114], "excluded_lines": []}, "ContentAnalysisData": {"executed_lines": [], "summary": {"covered_lines": 0, "num_statements": 17, "percent_covered": 0.0, "percent_covered_display": "0", "missing_lines": 17, "excluded_lines": 0}, "missing_lines": [135, 136, 139, 140, 143, 144, 147, 148, 150, 155, 156, 157, 162, 163, 164, 165, 166], "excluded_lines": []}, "ChartConfiguration": {"executed_lines": [], "summary": {"covered_lines": 0, "num_statements": 0, "percent_covered": 100.0, "percent_covered_display": "100", "missing_lines": 0, "excluded_lines": 0}, "missing_lines": [], "excluded_lines": []}, "": {"executed_lines": [], "summary": {"covered_lines": 0, "num_statements": 113, "percent_covered": 0.0, "percent_covered_display": "0", "missing_lines": 113, "excluded_lines": 0}, "missing_lines": [6, 7, 8, 9, 10, 13, 15, 18, 21, 22, 23, 24, 26, 27, 33, 36, 37, 38, 39, 40, 41, 43, 44, 50, 53, 54, 55, 56, 57, 58, 59, 61, 62, 67, 68, 76, 79, 80, 81, 82, 85, 86, 87, 88, 89, 91, 92, 98, 101, 102, 103, 104, 105, 106, 107, 109, 110, 117, 120, 121, 122, 123, 124, 125, 126, 129, 130, 132, 133, 152, 153, 159, 160, 169, 172, 183, 184, 185, 186, 189, 190, 191, 194, 195, 198, 210, 211, 214, 216, 218, 219, 221, 222, 223, 224, 226, 227, 228, 229, 230, 232, 235, 246, 248, 249, 250, 256, 267, 268, 273, 274, 276, 277], "excluded_lines": []}}}, "src/youtubeviz/charts.py": {"executed_lines": [], "summary": {"covered_lines": 0, "num_statements": 434, "percent_covered": 0.0, "percent_covered_display": "0", "missing_lines": 434, "excluded_lines": 5}, "missing_lines": [1, 3, 4, 5, 7, 9, 10, 11, 16, 17, 22, 68, 70, 82, 83, 85, 86, 87, 88, 91, 104, 105, 107, 108, 111, 112, 113, 114, 115, 116, 119, 121, 122, 123, 124, 125, 126, 128, 129, 130, 131, 132, 133, 134, 135, 136, 137, 138, 140, 141, 142, 145, 148, 149, 150, 153, 156, 158, 159, 160, 161, 162, 163, 164, 166, 169, 188, 189, 192, 200, 201, 204, 221, 224, 225, 248, 249, 251, 252, 254, 255, 257, 258, 260, 261, 264, 265, 274, 275, 277, 278, 280, 281, 283, 284, 287, 290, 298, 299, 301, 302, 304, 305, 307, 308, 310, 312, 313, 314, 315, 316, 317, 318, 319, 320, 322, 324, 325, 327, 328, 329, 330, 331, 332, 333, 334, 335, 337, 338, 339, 340, 342, 343, 344, 346, 347, 349, 350, 352, 355, 358, 359, 361, 362, 363, 364, 365, 366, 367, 368, 369, 370, 371, 372, 373, 374, 376, 379, 382, 383, 385, 386, 387, 389, 390, 392, 395, 402, 403, 405, 410, 412, 413, 430, 431, 445, 458, 459, 460, 461, 462, 463, 464, 466, 469, 481, 482, 483, 490, 493, 510, 511, 513, 514, 517, 518, 519, 522, 526, 527, 528, 530, 531, 532, 533, 534, 535, 538, 552, 564, 572, 575, 580, 582, 584, 585, 594, 597, 615, 616, 619, 620, 623, 626, 627, 628, 629, 632, 635, 638, 648, 658, 667, 670, 690, 691, 693, 712, 714, 717, 731, 732, 733, 734, 735, 738, 741, 749, 750, 751, 752, 753, 754, 756, 757, 759, 761, 763, 766, 786, 787, 789, 803, 805, 808, 829, 830, 833, 836, 851, 857, 860, 878, 879, 882, 884, 885, 887, 888, 890, 895, 898, 915, 917, 920, 940, 941, 944, 945, 950, 953, 970, 972, 975, 993, 994, 997, 1002, 1005, 1007, 1014, 1022, 1023, 1026, 1034, 1035, 1037, 1043, 1046, 1066, 1067, 1070, 1072, 1073, 1087, 1101, 1103, 1106, 1124, 1125, 1128, 1131, 1143, 1144, 1146, 1149, 1167, 1168, 1171, 1173, 1186, 1188, 1191, 1207, 1208, 1210, 1217, 1219, 1222, 1236, 1237, 1241, 1243, 1244, 1251, 1260, 1263, 1270, 1273, 1284, 1285, 1288, 1292, 1293, 1295, 1299, 1314, 1324, 1325, 1326, 1327, 1328, 1331, 1353, 1371, 1372, 1375, 1377, 1378, 1379, 1380, 1381, 1383, 1385, 1393, 1394, 1396, 1403, 1406, 1426, 1427, 1429, 1431, 1432, 1433, 1434, 1435, 1436, 1442, 1444, 1458, 1460, 1473, 1475, 1478, 1502, 1503, 1506, 1507, 1510, 1511, 1514, 1515, 1516, 1517, 1518, 1520, 1521, 1523, 1526, 1527, 1528, 1529, 1531, 1546, 1549, 1569, 1570, 1573, 1576, 1583, 1588, 1591, 1609, 1610, 1616, 1617, 1618, 1620, 1626, 1628, 1631, 1638, 1642], "excluded_lines": [12, 13, 14, 18, 19], "functions": {"_default_palette": {"executed_lines": [], "summary": {"covered_lines": 0, "num_statements": 7, "percent_covered": 0.0, "percent_covered_display": "0", "missing_lines": 7, "excluded_lines": 0}, "missing_lines": [70, 82, 83, 85, 86, 87, 88], "excluded_lines": []}, "get_artist_color_map": {"executed_lines": [], "summary": {"covered_lines": 0, "num_statements": 31, "percent_covered": 0.0, "percent_covered_display": "0", "missing_lines": 31, "excluded_lines": 0}, "missing_lines": [104, 105, 107, 108, 111, 112, 113, 114, 115, 116, 119, 121, 122, 123, 124, 125, 126, 128, 129, 130, 131, 132, 133, 134, 135, 136, 137, 138, 140, 141, 142], "excluded_lines": []}, "_get_scheme_colors": {"executed_lines": [], "summary": {"covered_lines": 0, "num_statements": 3, "percent_covered": 0.0, "percent_covered_display": "0", "missing_lines": 3, "excluded_lines": 0}, "missing_lines": [148, 149, 150], "excluded_lines": []}, "_extract_plotly_series_labels": {"executed_lines": [], "summary": {"covered_lines": 0, "num_statements": 9, "percent_covered": 0.0, "percent_covered_display": "0", "missing_lines": 9, "excluded_lines": 0}, "missing_lines": [156, 158, 159, 160, 161, 162, 163, 164, 166], "excluded_lines": []}, "enhance_chart_beauty": {"executed_lines": [], "summary": {"covered_lines": 0, "num_statements": 30, "percent_covered": 0.0, "percent_covered_display": "0", "missing_lines": 30, "excluded_lines": 0}, "missing_lines": [188, 189, 192, 200, 201, 204, 221, 224, 225, 248, 249, 251, 252, 254, 255, 257, 258, 260, 261, 264, 265, 274, 275, 277, 278, 280, 281, 283, 284, 287], "excluded_lines": []}, "apply_color_scheme": {"executed_lines": [], "summary": {"covered_lines": 0, "num_statements": 34, "percent_covered": 0.0, "percent_covered_display": "0", "missing_lines": 34, "excluded_lines": 0}, "missing_lines": [298, 299, 301, 302, 304, 305, 307, 308, 310, 312, 322, 324, 325, 327, 328, 329, 330, 331, 332, 333, 334, 335, 337, 338, 339, 340, 342, 343, 344, 346, 347, 349, 350, 352], "excluded_lines": []}, "apply_color_scheme._extend": {"executed_lines": [], "summary": {"covered_lines": 0, "num_statements": 8, "percent_covered": 0.0, "percent_covered_display": "0", "missing_lines": 8, "excluded_lines": 0}, "missing_lines": [313, 314, 315, 316, 317, 318, 319, 320], "excluded_lines": []}, "_apply_plotly_colors": {"executed_lines": [], "summary": {"covered_lines": 0, "num_statements": 17, "percent_covered": 0.0, "percent_covered_display": "0", "missing_lines": 17, "excluded_lines": 0}, "missing_lines": [358, 359, 361, 362, 363, 364, 365, 366, 367, 368, 369, 370, 371, 372, 373, 374, 376], "excluded_lines": []}, "_apply_altair_colors": {"executed_lines": [], "summary": {"covered_lines": 0, "num_statements": 8, "percent_covered": 0.0, "percent_covered_display": "0", "missing_lines": 8, "excluded_lines": 0}, "missing_lines": [382, 383, 385, 386, 387, 389, 390, 392], "excluded_lines": []}, "create_chart_annotations": {"executed_lines": [], "summary": {"covered_lines": 0, "num_statements": 17, "percent_covered": 0.0, "percent_covered_display": "0", "missing_lines": 17, "excluded_lines": 0}, "missing_lines": [402, 403, 405, 410, 412, 413, 430, 431, 445, 458, 459, 460, 461, 462, 463, 464, 466], "excluded_lines": []}, "views_over_time_plotly": {"executed_lines": [], "summary": {"covered_lines": 0, "num_statements": 4, "percent_covered": 0.0, "percent_covered_display": "0", "missing_lines": 4, "excluded_lines": 0}, "missing_lines": [481, 482, 483, 490], "excluded_lines": []}, "views_over_time_advanced": {"executed_lines": [], "summary": {"covered_lines": 0, "num_statements": 21, "percent_covered": 0.0, "percent_covered_display": "0", "missing_lines": 21, "excluded_lines": 0}, "missing_lines": [510, 511, 513, 514, 517, 518, 519, 522, 526, 527, 528, 530, 531, 532, 533, 534, 535, 538, 552, 564, 572], "excluded_lines": []}, "artist_compare_altair": {"executed_lines": [], "summary": {"covered_lines": 0, "num_statements": 5, "percent_covered": 0.0, "percent_covered_display": "0", "missing_lines": 5, "excluded_lines": 0}, "missing_lines": [580, 582, 584, 585, 594], "excluded_lines": []}, "create_divergent_sentiment_chart": {"executed_lines": [], "summary": {"covered_lines": 0, "num_statements": 15, "percent_covered": 0.0, "percent_covered_display": "0", "missing_lines": 15, "excluded_lines": 0}, "missing_lines": [615, 616, 619, 620, 623, 626, 627, 628, 629, 632, 635, 638, 648, 658, 667], "excluded_lines": []}, "create_sentiment_cluster_chart": {"executed_lines": [], "summary": {"covered_lines": 0, "num_statements": 5, "percent_covered": 0.0, "percent_covered_display": "0", "missing_lines": 5, "excluded_lines": 0}, "missing_lines": [690, 691, 693, 712, 714], "excluded_lines": []}, "create_sentiment_wordcloud": {"executed_lines": [], "summary": {"covered_lines": 0, "num_statements": 18, "percent_covered": 0.0, "percent_covered_display": "0", "missing_lines": 18, "excluded_lines": 0}, "missing_lines": [731, 732, 733, 734, 735, 738, 741, 749, 750, 751, 752, 753, 754, 756, 757, 759, 761, 763], "excluded_lines": []}, "create_sentiment_timeline": {"executed_lines": [], "summary": {"covered_lines": 0, "num_statements": 5, "percent_covered": 0.0, "percent_covered_display": "0", "missing_lines": 5, "excluded_lines": 0}, "missing_lines": [786, 787, 789, 803, 805], "excluded_lines": []}, "create_artist_strengths_venn_diagram": {"executed_lines": [], "summary": {"covered_lines": 0, "num_statements": 6, "percent_covered": 0.0, "percent_covered_display": "0", "missing_lines": 6, "excluded_lines": 0}, "missing_lines": [829, 830, 833, 836, 851, 857], "excluded_lines": []}, "create_isrc_balance_chart": {"executed_lines": [], "summary": {"covered_lines": 0, "num_statements": 12, "percent_covered": 0.0, "percent_covered_display": "0", "missing_lines": 12, "excluded_lines": 0}, "missing_lines": [878, 879, 882, 884, 885, 887, 888, 890, 895, 898, 915, 917], "excluded_lines": []}, "create_duration_breakdown_chart": {"executed_lines": [], "summary": {"covered_lines": 0, "num_statements": 8, "percent_covered": 0.0, "percent_covered_display": "0", "missing_lines": 8, "excluded_lines": 0}, "missing_lines": [940, 941, 944, 945, 950, 953, 970, 972], "excluded_lines": []}, "create_content_type_breakdown_chart": {"executed_lines": [], "summary": {"covered_lines": 0, "num_statements": 14, "percent_covered": 0.0, "percent_covered_display": "0", "missing_lines": 14, "excluded_lines": 0}, "missing_lines": [993, 994, 997, 1002, 1005, 1007, 1014, 1022, 1023, 1026, 1034, 1035, 1037, 1043], "excluded_lines": []}, "create_artist_content_comparison_chart": {"executed_lines": [], "summary": {"covered_lines": 0, "num_statements": 8, "percent_covered": 0.0, "percent_covered_display": "0", "missing_lines": 8, "excluded_lines": 0}, "missing_lines": [1066, 1067, 1070, 1072, 1073, 1087, 1101, 1103], "excluded_lines": []}, "create_roster_content_overview_chart": {"executed_lines": [], "summary": {"covered_lines": 0, "num_statements": 7, "percent_covered": 0.0, "percent_covered_display": "0", "missing_lines": 7, "excluded_lines": 0}, "missing_lines": [1124, 1125, 1128, 1131, 1143, 1144, 1146], "excluded_lines": []}, "create_content_stacked_bar_chart": {"executed_lines": [], "summary": {"covered_lines": 0, "num_statements": 6, "percent_covered": 0.0, "percent_covered_display": "0", "missing_lines": 6, "excluded_lines": 0}, "missing_lines": [1167, 1168, 1171, 1173, 1186, 1188], "excluded_lines": []}, "create_content_distribution_pie_chart": {"executed_lines": [], "summary": {"covered_lines": 0, "num_statements": 14, "percent_covered": 0.0, "percent_covered_display": "0", "missing_lines": 14, "excluded_lines": 0}, "missing_lines": [1371, 1372, 1375, 1377, 1378, 1379, 1380, 1381, 1383, 1385, 1393, 1394, 1396, 1403], "excluded_lines": []}, "create_artist_strategy_comparison_chart": {"executed_lines": [], "summary": {"covered_lines": 0, "num_statements": 9, "percent_covered": 0.0, "percent_covered_display": "0", "missing_lines": 9, "excluded_lines": 0}, "missing_lines": [1236, 1237, 1241, 1243, 1244, 1251, 1260, 1263, 1270], "excluded_lines": []}, "linked_scatter_detail_altair": {"executed_lines": [], "summary": {"covered_lines": 0, "num_statements": 13, "percent_covered": 0.0, "percent_covered_display": "0", "missing_lines": 13, "excluded_lines": 0}, "missing_lines": [1284, 1285, 1288, 1292, 1293, 1295, 1299, 1314, 1324, 1325, 1326, 1327, 1328], "excluded_lines": []}, "create_content_category_stacked_chart": {"executed_lines": [], "summary": {"covered_lines": 0, "num_statements": 15, "percent_covered": 0.0, "percent_covered_display": "0", "missing_lines": 15, "excluded_lines": 0}, "missing_lines": [1426, 1427, 1429, 1431, 1432, 1433, 1434, 1435, 1436, 1442, 1444, 1458, 1460, 1473, 1475], "excluded_lines": []}, "create_performance_diversity_bubble_chart": {"executed_lines": [], "summary": {"covered_lines": 0, "num_statements": 20, "percent_covered": 0.0, "percent_covered_display": "0", "missing_lines": 20, "excluded_lines": 0}, "missing_lines": [1502, 1503, 1506, 1507, 1510, 1511, 1514, 1515, 1516, 1517, 1518, 1520, 1521, 1523, 1526, 1527, 1528, 1529, 1531, 1546], "excluded_lines": []}, "create_genre_context_chart": {"executed_lines": [], "summary": {"covered_lines": 0, "num_statements": 6, "percent_covered": 0.0, "percent_covered_display": "0", "missing_lines": 6, "excluded_lines": 0}, "missing_lines": [1569, 1570, 1573, 1576, 1583, 1588], "excluded_lines": []}, "create_venn_diagram_chart": {"executed_lines": [], "summary": {"covered_lines": 0, "num_statements": 10, "percent_covered": 0.0, "percent_covered_display": "0", "missing_lines": 10, "excluded_lines": 0}, "missing_lines": [1609, 1610, 1616, 1617, 1618, 1620, 1626, 1628, 1631, 1638], "excluded_lines": []}, "": {"executed_lines": [], "summary": {"covered_lines": 0, "num_statements": 44, "percent_covered": 0.0, "percent_covered_display": "0", "missing_lines": 44, "excluded_lines": 5}, "missing_lines": [1, 3, 4, 5, 7, 9, 10, 11, 16, 17, 22, 68, 91, 145, 153, 169, 290, 355, 379, 395, 469, 493, 575, 597, 670, 717, 766, 808, 860, 920, 975, 1046, 1106, 1149, 1191, 1222, 1273, 1331, 1353, 1406, 1478, 1549, 1591, 1642], "excluded_lines": [12, 13, 14, 18, 19]}}, "classes": {"": {"executed_lines": [], "summary": {"covered_lines": 0, "num_statements": 434, "percent_covered": 0.0, "percent_covered_display": "0", "missing_lines": 434, "excluded_lines": 5}, "missing_lines": [1, 3, 4, 5, 7, 9, 10, 11, 16, 17, 22, 68, 70, 82, 83, 85, 86, 87, 88, 91, 104, 105, 107, 108, 111, 112, 113, 114, 115, 116, 119, 121, 122, 123, 124, 125, 126, 128, 129, 130, 131, 132, 133, 134, 135, 136, 137, 138, 140, 141, 142, 145, 148, 149, 150, 153, 156, 158, 159, 160, 161, 162, 163, 164, 166, 169, 188, 189, 192, 200, 201, 204, 221, 224, 225, 248, 249, 251, 252, 254, 255, 257, 258, 260, 261, 264, 265, 274, 275, 277, 278, 280, 281, 283, 284, 287, 290, 298, 299, 301, 302, 304, 305, 307, 308, 310, 312, 313, 314, 315, 316, 317, 318, 319, 320, 322, 324, 325, 327, 328, 329, 330, 331, 332, 333, 334, 335, 337, 338, 339, 340, 342, 343, 344, 346, 347, 349, 350, 352, 355, 358, 359, 361, 362, 363, 364, 365, 366, 367, 368, 369, 370, 371, 372, 373, 374, 376, 379, 382, 383, 385, 386, 387, 389, 390, 392, 395, 402, 403, 405, 410, 412, 413, 430, 431, 445, 458, 459, 460, 461, 462, 463, 464, 466, 469, 481, 482, 483, 490, 493, 510, 511, 513, 514, 517, 518, 519, 522, 526, 527, 528, 530, 531, 532, 533, 534, 535, 538, 552, 564, 572, 575, 580, 582, 584, 585, 594, 597, 615, 616, 619, 620, 623, 626, 627, 628, 629, 632, 635, 638, 648, 658, 667, 670, 690, 691, 693, 712, 714, 717, 731, 732, 733, 734, 735, 738, 741, 749, 750, 751, 752, 753, 754, 756, 757, 759, 761, 763, 766, 786, 787, 789, 803, 805, 808, 829, 830, 833, 836, 851, 857, 860, 878, 879, 882, 884, 885, 887, 888, 890, 895, 898, 915, 917, 920, 940, 941, 944, 945, 950, 953, 970, 972, 975, 993, 994, 997, 1002, 1005, 1007, 1014, 1022, 1023, 1026, 1034, 1035, 1037, 1043, 1046, 1066, 1067, 1070, 1072, 1073, 1087, 1101, 1103, 1106, 1124, 1125, 1128, 1131, 1143, 1144, 1146, 1149, 1167, 1168, 1171, 1173, 1186, 1188, 1191, 1207, 1208, 1210, 1217, 1219, 1222, 1236, 1237, 1241, 1243, 1244, 1251, 1260, 1263, 1270, 1273, 1284, 1285, 1288, 1292, 1293, 1295, 1299, 1314, 1324, 1325, 1326, 1327, 1328, 1331, 1353, 1371, 1372, 1375, 1377, 1378, 1379, 1380, 1381, 1383, 1385, 1393, 1394, 1396, 1403, 1406, 1426, 1427, 1429, 1431, 1432, 1433, 1434, 1435, 1436, 1442, 1444, 1458, 1460, 1473, 1475, 1478, 1502, 1503, 1506, 1507, 1510, 1511, 1514, 1515, 1516, 1517, 1518, 1520, 1521, 1523, 1526, 1527, 1528, 1529, 1531, 1546, 1549, 1569, 1570, 1573, 1576, 1583, 1588, 1591, 1609, 1610, 1616, 1617, 1618, 1620, 1626, 1628, 1631, 1638, 1642], "excluded_lines": [12, 13, 14, 18, 19]}}}, "src/youtubeviz/clustering_analysis.py": {"executed_lines": [], "summary": {"covered_lines": 0, "num_statements": 125, "percent_covered": 0.0, "percent_covered_display": "0", "missing_lines": 125, "excluded_lines": 0}, "missing_lines": [6, 7, 8, 9, 10, 11, 12, 13, 15, 24, 26, 29, 31, 34, 35, 37, 38, 39, 40, 41, 42, 45, 52, 69, 70, 71, 74, 76, 78, 79, 80, 81, 82, 83, 84, 89, 101, 105, 108, 111, 114, 115, 117, 118, 125, 126, 131, 144, 145, 148, 150, 151, 156, 157, 160, 168, 169, 171, 172, 174, 187, 188, 190, 198, 201, 202, 204, 205, 207, 209, 210, 212, 226, 227, 228, 231, 232, 235, 237, 238, 241, 242, 245, 246, 248, 250, 252, 253, 255, 271, 274, 275, 278, 281, 284, 286, 295, 297, 299, 300, 301, 303, 304, 305, 307, 308, 309, 310, 313, 314, 318, 319, 321, 324, 335, 336, 339, 351, 352, 354, 356, 358, 362, 363, 365], "excluded_lines": [], "functions": {"UMAPClusteringAnalyzer.__init__": {"executed_lines": [], "summary": {"covered_lines": 0, "num_statements": 4, "percent_covered": 0.0, "percent_covered_display": "0", "missing_lines": 4, "excluded_lines": 0}, "missing_lines": [69, 70, 71, 74], "excluded_lines": []}, "UMAPClusteringAnalyzer._validate_dependencies": {"executed_lines": [], "summary": {"covered_lines": 0, "num_statements": 7, "percent_covered": 0.0, "percent_covered_display": "0", "missing_lines": 7, "excluded_lines": 0}, "missing_lines": [78, 79, 80, 81, 82, 83, 84], "excluded_lines": []}, "UMAPClusteringAnalyzer.validate_input_data": {"executed_lines": [], "summary": {"covered_lines": 0, "num_statements": 10, "percent_covered": 0.0, "percent_covered_display": "0", "missing_lines": 10, "excluded_lines": 0}, "missing_lines": [101, 105, 108, 111, 114, 115, 117, 118, 125, 126], "excluded_lines": []}, "UMAPClusteringAnalyzer.create_text_embeddings": {"executed_lines": [], "summary": {"covered_lines": 0, "num_statements": 12, "percent_covered": 0.0, "percent_covered_display": "0", "missing_lines": 12, "excluded_lines": 0}, "missing_lines": [144, 145, 148, 150, 151, 156, 157, 160, 168, 169, 171, 172], "excluded_lines": []}, "UMAPClusteringAnalyzer.perform_umap_reduction": {"executed_lines": [], "summary": {"covered_lines": 0, "num_statements": 11, "percent_covered": 0.0, "percent_covered_display": "0", "missing_lines": 11, "excluded_lines": 0}, "missing_lines": [187, 188, 190, 198, 201, 202, 204, 205, 207, 209, 210], "excluded_lines": []}, "UMAPClusteringAnalyzer.perform_clustering": {"executed_lines": [], "summary": {"covered_lines": 0, "num_statements": 16, "percent_covered": 0.0, "percent_covered_display": "0", "missing_lines": 16, "excluded_lines": 0}, "missing_lines": [226, 227, 228, 231, 232, 235, 237, 238, 241, 242, 245, 246, 248, 250, 252, 253], "excluded_lines": []}, "UMAPClusteringAnalyzer.analyze_clustering": {"executed_lines": [], "summary": {"covered_lines": 0, "num_statements": 7, "percent_covered": 0.0, "percent_covered_display": "0", "missing_lines": 7, "excluded_lines": 0}, "missing_lines": [271, 274, 275, 278, 281, 284, 286], "excluded_lines": []}, "UMAPClusteringAnalyzer._calculate_artist_similarity_matrix": {"executed_lines": [], "summary": {"covered_lines": 0, "num_statements": 16, "percent_covered": 0.0, "percent_covered_display": "0", "missing_lines": 16, "excluded_lines": 0}, "missing_lines": [297, 299, 300, 301, 303, 304, 305, 307, 308, 309, 310, 313, 314, 318, 319, 321], "excluded_lines": []}, "calculate_artist_similarity_matrix": {"executed_lines": [], "summary": {"covered_lines": 0, "num_statements": 2, "percent_covered": 0.0, "percent_covered_display": "0", "missing_lines": 2, "excluded_lines": 0}, "missing_lines": [335, 336], "excluded_lines": []}, "analyze_tour_compatibility": {"executed_lines": [], "summary": {"covered_lines": 0, "num_statements": 8, "percent_covered": 0.0, "percent_covered_display": "0", "missing_lines": 8, "excluded_lines": 0}, "missing_lines": [351, 352, 354, 356, 358, 362, 363, 365], "excluded_lines": []}, "": {"executed_lines": [], "summary": {"covered_lines": 0, "num_statements": 32, "percent_covered": 0.0, "percent_covered_display": "0", "missing_lines": 32, "excluded_lines": 0}, "missing_lines": [6, 7, 8, 9, 10, 11, 12, 13, 15, 24, 26, 29, 31, 34, 35, 37, 38, 39, 40, 41, 42, 45, 52, 76, 89, 131, 174, 212, 255, 295, 324, 339], "excluded_lines": []}}, "classes": {"UMAPNotAvailableError": {"executed_lines": [], "summary": {"covered_lines": 0, "num_statements": 0, "percent_covered": 100.0, "percent_covered_display": "100", "missing_lines": 0, "excluded_lines": 0}, "missing_lines": [], "excluded_lines": []}, "InsufficientDataError": {"executed_lines": [], "summary": {"covered_lines": 0, "num_statements": 0, "percent_covered": 100.0, "percent_covered_display": "100", "missing_lines": 0, "excluded_lines": 0}, "missing_lines": [], "excluded_lines": []}, "ClusteringResult": {"executed_lines": [], "summary": {"covered_lines": 0, "num_statements": 0, "percent_covered": 100.0, "percent_covered_display": "100", "missing_lines": 0, "excluded_lines": 0}, "missing_lines": [], "excluded_lines": []}, "UMAPClusteringAnalyzer": {"executed_lines": [], "summary": {"covered_lines": 0, "num_statements": 83, "percent_covered": 0.0, "percent_covered_display": "0", "missing_lines": 83, "excluded_lines": 0}, "missing_lines": [69, 70, 71, 74, 78, 79, 80, 81, 82, 83, 84, 101, 105, 108, 111, 114, 115, 117, 118, 125, 126, 144, 145, 148, 150, 151, 156, 157, 160, 168, 169, 171, 172, 187, 188, 190, 198, 201, 202, 204, 205, 207, 209, 210, 226, 227, 228, 231, 232, 235, 237, 238, 241, 242, 245, 246, 248, 250, 252, 253, 271, 274, 275, 278, 281, 284, 286, 297, 299, 300, 301, 303, 304, 305, 307, 308, 309, 310, 313, 314, 318, 319, 321], "excluded_lines": []}, "": {"executed_lines": [], "summary": {"covered_lines": 0, "num_statements": 42, "percent_covered": 0.0, "percent_covered_display": "0", "missing_lines": 42, "excluded_lines": 0}, "missing_lines": [6, 7, 8, 9, 10, 11, 12, 13, 15, 24, 26, 29, 31, 34, 35, 37, 38, 39, 40, 41, 42, 45, 52, 76, 89, 131, 174, 212, 255, 295, 324, 335, 336, 339, 351, 352, 354, 356, 358, 362, 363, 365], "excluded_lines": []}}}, "src/youtubeviz/config_validation.py": {"executed_lines": [], "summary": {"covered_lines": 0, "num_statements": 82, "percent_covered": 0.0, "percent_covered_display": "0", "missing_lines": 82, "excluded_lines": 0}, "missing_lines": [6, 7, 8, 9, 10, 13, 20, 23, 25, 28, 29, 30, 31, 32, 33, 34, 35, 36, 39, 40, 42, 45, 56, 65, 68, 79, 81, 82, 91, 92, 95, 98, 99, 100, 102, 115, 125, 126, 127, 128, 131, 138, 139, 141, 142, 143, 153, 161, 162, 163, 164, 167, 168, 169, 170, 172, 174, 175, 176, 178, 179, 181, 182, 184, 185, 187, 188, 189, 190, 191, 192, 193, 194, 195, 196, 197, 198, 201, 208, 209, 213, 214], "excluded_lines": [], "functions": {"get_artists_from_env": {"executed_lines": [], "summary": {"covered_lines": 0, "num_statements": 15, "percent_covered": 0.0, "percent_covered_display": "0", "missing_lines": 15, "excluded_lines": 0}, "missing_lines": [20, 23, 25, 28, 29, 30, 31, 32, 33, 34, 35, 36, 39, 40, 42], "excluded_lines": []}, "format_artist_name": {"executed_lines": [], "summary": {"covered_lines": 0, "num_statements": 2, "percent_covered": 0.0, "percent_covered_display": "0", "missing_lines": 2, "excluded_lines": 0}, "missing_lines": [56, 65], "excluded_lines": []}, "validate_artist_count_in_data": {"executed_lines": [], "summary": {"covered_lines": 0, "num_statements": 10, "percent_covered": 0.0, "percent_covered_display": "0", "missing_lines": 10, "excluded_lines": 0}, "missing_lines": [79, 81, 82, 91, 92, 95, 98, 99, 100, 102], "excluded_lines": []}, "validate_database_artist_count": {"executed_lines": [], "summary": {"covered_lines": 0, "num_statements": 10, "percent_covered": 0.0, "percent_covered_display": "0", "missing_lines": 10, "excluded_lines": 0}, "missing_lines": [125, 126, 127, 128, 131, 138, 139, 141, 142, 143], "excluded_lines": []}, "print_validation_results": {"executed_lines": [], "summary": {"covered_lines": 0, "num_statements": 30, "percent_covered": 0.0, "percent_covered_display": "0", "missing_lines": 30, "excluded_lines": 0}, "missing_lines": [161, 162, 163, 164, 167, 168, 169, 170, 172, 174, 175, 176, 178, 179, 181, 182, 184, 185, 187, 188, 189, 190, 191, 192, 193, 194, 195, 196, 197, 198], "excluded_lines": []}, "get_expected_artist_count": {"executed_lines": [], "summary": {"covered_lines": 0, "num_statements": 2, "percent_covered": 0.0, "percent_covered_display": "0", "missing_lines": 2, "excluded_lines": 0}, "missing_lines": [208, 209], "excluded_lines": []}, "": {"executed_lines": [], "summary": {"covered_lines": 0, "num_statements": 13, "percent_covered": 0.0, "percent_covered_display": "0", "missing_lines": 13, "excluded_lines": 0}, "missing_lines": [6, 7, 8, 9, 10, 13, 45, 68, 115, 153, 201, 213, 214], "excluded_lines": []}}, "classes": {"": {"executed_lines": [], "summary": {"covered_lines": 0, "num_statements": 82, "percent_covered": 0.0, "percent_covered_display": "0", "missing_lines": 82, "excluded_lines": 0}, "missing_lines": [6, 7, 8, 9, 10, 13, 20, 23, 25, 28, 29, 30, 31, 32, 33, 34, 35, 36, 39, 40, 42, 45, 56, 65, 68, 79, 81, 82, 91, 92, 95, 98, 99, 100, 102, 115, 125, 126, 127, 128, 131, 138, 139, 141, 142, 143, 153, 161, 162, 163, 164, 167, 168, 169, 170, 172, 174, 175, 176, 178, 179, 181, 182, 184, 185, 187, 188, 189, 190, 191, 192, 193, 194, 195, 196, 197, 198, 201, 208, 209, 213, 214], "excluded_lines": []}}}, "src/youtubeviz/content.py": {"executed_lines": [], "summary": {"covered_lines": 0, "num_statements": 372, "percent_covered": 0.0, "percent_covered_display": "0", "missing_lines": 372, "excluded_lines": 0}, "missing_lines": [6, 8, 9, 10, 13, 22, 23, 24, 25, 28, 49, 50, 52, 55, 56, 58, 61, 63, 66, 68, 69, 70, 71, 73, 76, 95, 98, 99, 102, 105, 107, 117, 131, 134, 146, 149, 151, 154, 170, 173, 177, 180, 199, 201, 202, 205, 206, 208, 209, 210, 213, 214, 217, 218, 219, 221, 233, 236, 253, 258, 261, 264, 265, 268, 270, 273, 293, 295, 296, 299, 302, 305, 308, 309, 310, 312, 315, 316, 317, 318, 320, 322, 331, 334, 354, 357, 359, 360, 361, 363, 366, 367, 369, 372, 373, 374, 376, 377, 380, 381, 382, 383, 384, 386, 387, 389, 391, 394, 414, 415, 417, 420, 421, 424, 425, 426, 428, 429, 430, 433, 434, 436, 437, 438, 439, 440, 442, 449, 467, 469, 470, 473, 474, 476, 477, 478, 480, 481, 482, 485, 488, 489, 490, 491, 493, 495, 508, 509, 511, 512, 513, 514, 515, 516, 519, 520, 522, 530, 551, 552, 556, 559, 578, 583, 585, 588, 609, 612, 614, 615, 617, 619, 620, 622, 623, 624, 625, 627, 629, 631, 634, 635, 636, 637, 639, 640, 642, 643, 644, 646, 647, 649, 651, 658, 665, 684, 687, 690, 691, 694, 696, 697, 699, 701, 702, 704, 705, 706, 707, 708, 709, 711, 713, 715, 718, 719, 721, 722, 723, 726, 727, 728, 729, 730, 737, 744, 767, 768, 771, 773, 775, 776, 778, 779, 780, 783, 785, 786, 787, 788, 791, 794, 797, 798, 799, 800, 802, 804, 814, 815, 817, 826, 828, 837, 851, 852, 855, 857, 859, 875, 876, 877, 879, 881, 884, 885, 886, 889, 890, 891, 893, 896, 916, 917, 918, 919, 920, 921, 922, 923, 924, 925, 928, 931, 932, 936, 941, 943, 948, 951, 972, 974, 976, 978, 979, 980, 982, 983, 984, 986, 989, 990, 993, 994, 997, 1001, 1002, 1003, 1006, 1007, 1010, 1011, 1012, 1015, 1016, 1017, 1022, 1023, 1024, 1025, 1027, 1028, 1033, 1034, 1035, 1036, 1038, 1039, 1044, 1045, 1046, 1049, 1050, 1051, 1053, 1055, 1058, 1078, 1080, 1081, 1084, 1085, 1086, 1088, 1090, 1093, 1095, 1103, 1105, 1106, 1109, 1111, 1113, 1121, 1124, 1125, 1127, 1128, 1129, 1131, 1134, 1135, 1136, 1137, 1138, 1139, 1141, 1143, 1153, 1154, 1156, 1158], "excluded_lines": [], "functions": {"calculate_views_by_category": {"executed_lines": [], "summary": {"covered_lines": 0, "num_statements": 6, "percent_covered": 0.0, "percent_covered_display": "0", "missing_lines": 6, "excluded_lines": 0}, "missing_lines": [49, 50, 52, 55, 56, 58], "excluded_lines": []}, "_calculate_diversity_score": {"executed_lines": [], "summary": {"covered_lines": 0, "num_statements": 1, "percent_covered": 0.0, "percent_covered_display": "0", "missing_lines": 1, "excluded_lines": 0}, "missing_lines": [63], "excluded_lines": []}, "_generate_genre_diversity_narrative": {"executed_lines": [], "summary": {"covered_lines": 0, "num_statements": 5, "percent_covered": 0.0, "percent_covered_display": "0", "missing_lines": 5, "excluded_lines": 0}, "missing_lines": [68, 69, 70, 71, 73], "excluded_lines": []}, "analyze_genre_diversity": {"executed_lines": [], "summary": {"covered_lines": 0, "num_statements": 6, "percent_covered": 0.0, "percent_covered_display": "0", "missing_lines": 6, "excluded_lines": 0}, "missing_lines": [95, 98, 99, 102, 105, 107], "excluded_lines": []}, "categorize_content_types": {"executed_lines": [], "summary": {"covered_lines": 0, "num_statements": 5, "percent_covered": 0.0, "percent_covered_display": "0", "missing_lines": 5, "excluded_lines": 0}, "missing_lines": [131, 134, 146, 149, 151], "excluded_lines": []}, "classify_video_duration": {"executed_lines": [], "summary": {"covered_lines": 0, "num_statements": 3, "percent_covered": 0.0, "percent_covered_display": "0", "missing_lines": 3, "excluded_lines": 0}, "missing_lines": [170, 173, 177], "excluded_lines": []}, "analyze_isrc_distribution": {"executed_lines": [], "summary": {"covered_lines": 0, "num_statements": 15, "percent_covered": 0.0, "percent_covered_display": "0", "missing_lines": 15, "excluded_lines": 0}, "missing_lines": [199, 201, 202, 205, 206, 208, 209, 210, 213, 214, 217, 218, 219, 221, 233], "excluded_lines": []}, "calculate_content_performance_metrics": {"executed_lines": [], "summary": {"covered_lines": 0, "num_statements": 7, "percent_covered": 0.0, "percent_covered_display": "0", "missing_lines": 7, "excluded_lines": 0}, "missing_lines": [253, 258, 261, 264, 265, 268, 270], "excluded_lines": []}, "analyze_content_strategy_effectiveness": {"executed_lines": [], "summary": {"covered_lines": 0, "num_statements": 17, "percent_covered": 0.0, "percent_covered_display": "0", "missing_lines": 17, "excluded_lines": 0}, "missing_lines": [293, 295, 296, 299, 302, 305, 308, 309, 310, 312, 315, 316, 317, 318, 320, 322, 331], "excluded_lines": []}, "identify_content_opportunities": {"executed_lines": [], "summary": {"covered_lines": 0, "num_statements": 23, "percent_covered": 0.0, "percent_covered_display": "0", "missing_lines": 23, "excluded_lines": 0}, "missing_lines": [354, 357, 359, 360, 361, 363, 366, 367, 369, 372, 373, 374, 376, 377, 380, 381, 382, 383, 384, 386, 387, 389, 391], "excluded_lines": []}, "create_artist_strengths_venn_diagram": {"executed_lines": [], "summary": {"covered_lines": 0, "num_statements": 19, "percent_covered": 0.0, "percent_covered_display": "0", "missing_lines": 19, "excluded_lines": 0}, "missing_lines": [414, 415, 417, 420, 421, 424, 425, 426, 428, 429, 430, 433, 434, 436, 437, 438, 439, 440, 442], "excluded_lines": []}, "analyze_isrc_vs_content_balance": {"executed_lines": [], "summary": {"covered_lines": 0, "num_statements": 29, "percent_covered": 0.0, "percent_covered_display": "0", "missing_lines": 29, "excluded_lines": 0}, "missing_lines": [467, 469, 470, 473, 474, 476, 477, 478, 480, 481, 482, 485, 488, 489, 490, 491, 493, 495, 508, 509, 511, 512, 513, 514, 515, 516, 519, 520, 522], "excluded_lines": []}, "analyze_video_length_performance": {"executed_lines": [], "summary": {"covered_lines": 0, "num_statements": 3, "percent_covered": 0.0, "percent_covered_display": "0", "missing_lines": 3, "excluded_lines": 0}, "missing_lines": [551, 552, 556], "excluded_lines": []}, "analyze_video_type_distribution": {"executed_lines": [], "summary": {"covered_lines": 0, "num_statements": 3, "percent_covered": 0.0, "percent_covered_display": "0", "missing_lines": 3, "excluded_lines": 0}, "missing_lines": [578, 583, 585], "excluded_lines": []}, "create_artist_comparison_chart": {"executed_lines": [], "summary": {"covered_lines": 0, "num_statements": 28, "percent_covered": 0.0, "percent_covered_display": "0", "missing_lines": 28, "excluded_lines": 0}, "missing_lines": [609, 612, 614, 615, 617, 619, 620, 622, 623, 624, 625, 627, 629, 631, 634, 635, 636, 637, 639, 640, 642, 643, 644, 646, 647, 649, 651, 658], "excluded_lines": []}, "create_roster_overview_chart": {"executed_lines": [], "summary": {"covered_lines": 0, "num_statements": 30, "percent_covered": 0.0, "percent_covered_display": "0", "missing_lines": 30, "excluded_lines": 0}, "missing_lines": [684, 687, 690, 691, 694, 696, 697, 699, 701, 702, 704, 705, 706, 707, 708, 709, 711, 713, 715, 718, 719, 721, 722, 723, 726, 727, 728, 729, 730, 737], "excluded_lines": []}, "analyze_genre_context": {"executed_lines": [], "summary": {"covered_lines": 0, "num_statements": 27, "percent_covered": 0.0, "percent_covered_display": "0", "missing_lines": 27, "excluded_lines": 0}, "missing_lines": [767, 768, 771, 773, 775, 776, 778, 779, 780, 783, 785, 786, 787, 788, 791, 794, 797, 798, 799, 800, 802, 804, 814, 815, 817, 826, 828], "excluded_lines": []}, "_categorize_single_content": {"executed_lines": [], "summary": {"covered_lines": 0, "num_statements": 17, "percent_covered": 0.0, "percent_covered_display": "0", "missing_lines": 17, "excluded_lines": 0}, "missing_lines": [851, 852, 855, 857, 859, 875, 876, 877, 879, 881, 884, 885, 886, 889, 890, 891, 893], "excluded_lines": []}, "categorize_video_content": {"executed_lines": [], "summary": {"covered_lines": 0, "num_statements": 17, "percent_covered": 0.0, "percent_covered_display": "0", "missing_lines": 17, "excluded_lines": 0}, "missing_lines": [916, 917, 918, 919, 920, 921, 922, 923, 924, 925, 928, 931, 932, 936, 941, 943, 948], "excluded_lines": []}, "generate_content_strategy_recommendations": {"executed_lines": [], "summary": {"covered_lines": 0, "num_statements": 46, "percent_covered": 0.0, "percent_covered_display": "0", "missing_lines": 46, "excluded_lines": 0}, "missing_lines": [972, 974, 976, 978, 979, 980, 982, 983, 984, 986, 989, 990, 993, 994, 997, 1001, 1002, 1003, 1006, 1007, 1010, 1011, 1012, 1015, 1016, 1017, 1022, 1023, 1024, 1025, 1027, 1028, 1033, 1034, 1035, 1036, 1038, 1039, 1044, 1045, 1046, 1049, 1050, 1051, 1053, 1055], "excluded_lines": []}, "check_isrc_compliance": {"executed_lines": [], "summary": {"covered_lines": 0, "num_statements": 35, "percent_covered": 0.0, "percent_covered_display": "0", "missing_lines": 35, "excluded_lines": 0}, "missing_lines": [1078, 1080, 1081, 1084, 1085, 1086, 1088, 1090, 1093, 1095, 1103, 1105, 1106, 1109, 1111, 1113, 1121, 1124, 1125, 1127, 1128, 1129, 1131, 1134, 1135, 1136, 1137, 1138, 1139, 1141, 1143, 1153, 1154, 1156, 1158], "excluded_lines": []}, "": {"executed_lines": [], "summary": {"covered_lines": 0, "num_statements": 30, "percent_covered": 0.0, "percent_covered_display": "0", "missing_lines": 30, "excluded_lines": 0}, "missing_lines": [6, 8, 9, 10, 13, 22, 23, 24, 25, 28, 61, 66, 76, 117, 154, 180, 236, 273, 334, 394, 449, 530, 559, 588, 665, 744, 837, 896, 951, 1058], "excluded_lines": []}}, "classes": {"": {"executed_lines": [], "summary": {"covered_lines": 0, "num_statements": 372, "percent_covered": 0.0, "percent_covered_display": "0", "missing_lines": 372, "excluded_lines": 0}, "missing_lines": [6, 8, 9, 10, 13, 22, 23, 24, 25, 28, 49, 50, 52, 55, 56, 58, 61, 63, 66, 68, 69, 70, 71, 73, 76, 95, 98, 99, 102, 105, 107, 117, 131, 134, 146, 149, 151, 154, 170, 173, 177, 180, 199, 201, 202, 205, 206, 208, 209, 210, 213, 214, 217, 218, 219, 221, 233, 236, 253, 258, 261, 264, 265, 268, 270, 273, 293, 295, 296, 299, 302, 305, 308, 309, 310, 312, 315, 316, 317, 318, 320, 322, 331, 334, 354, 357, 359, 360, 361, 363, 366, 367, 369, 372, 373, 374, 376, 377, 380, 381, 382, 383, 384, 386, 387, 389, 391, 394, 414, 415, 417, 420, 421, 424, 425, 426, 428, 429, 430, 433, 434, 436, 437, 438, 439, 440, 442, 449, 467, 469, 470, 473, 474, 476, 477, 478, 480, 481, 482, 485, 488, 489, 490, 491, 493, 495, 508, 509, 511, 512, 513, 514, 515, 516, 519, 520, 522, 530, 551, 552, 556, 559, 578, 583, 585, 588, 609, 612, 614, 615, 617, 619, 620, 622, 623, 624, 625, 627, 629, 631, 634, 635, 636, 637, 639, 640, 642, 643, 644, 646, 647, 649, 651, 658, 665, 684, 687, 690, 691, 694, 696, 697, 699, 701, 702, 704, 705, 706, 707, 708, 709, 711, 713, 715, 718, 719, 721, 722, 723, 726, 727, 728, 729, 730, 737, 744, 767, 768, 771, 773, 775, 776, 778, 779, 780, 783, 785, 786, 787, 788, 791, 794, 797, 798, 799, 800, 802, 804, 814, 815, 817, 826, 828, 837, 851, 852, 855, 857, 859, 875, 876, 877, 879, 881, 884, 885, 886, 889, 890, 891, 893, 896, 916, 917, 918, 919, 920, 921, 922, 923, 924, 925, 928, 931, 932, 936, 941, 943, 948, 951, 972, 974, 976, 978, 979, 980, 982, 983, 984, 986, 989, 990, 993, 994, 997, 1001, 1002, 1003, 1006, 1007, 1010, 1011, 1012, 1015, 1016, 1017, 1022, 1023, 1024, 1025, 1027, 1028, 1033, 1034, 1035, 1036, 1038, 1039, 1044, 1045, 1046, 1049, 1050, 1051, 1053, 1055, 1058, 1078, 1080, 1081, 1084, 1085, 1086, 1088, 1090, 1093, 1095, 1103, 1105, 1106, 1109, 1111, 1113, 1121, 1124, 1125, 1127, 1128, 1129, 1131, 1134, 1135, 1136, 1137, 1138, 1139, 1141, 1143, 1153, 1154, 1156, 1158], "excluded_lines": []}}}, "src/youtubeviz/content_analysis.py": {"executed_lines": [], "summary": {"covered_lines": 0, "num_statements": 111, "percent_covered": 0.0, "percent_covered_display": "0", "missing_lines": 111, "excluded_lines": 0}, "missing_lines": [6, 7, 8, 9, 10, 11, 12, 13, 15, 22, 25, 27, 30, 32, 35, 36, 38, 39, 40, 41, 42, 43, 44, 47, 48, 50, 51, 52, 53, 54, 55, 58, 66, 83, 84, 85, 86, 87, 88, 90, 91, 92, 94, 106, 110, 113, 116, 119, 120, 122, 123, 130, 131, 132, 136, 154, 155, 157, 158, 160, 161, 164, 165, 166, 169, 172, 175, 176, 179, 180, 183, 184, 185, 186, 188, 198, 208, 210, 211, 212, 213, 215, 216, 218, 220, 230, 232, 233, 234, 235, 237, 239, 249, 251, 252, 254, 261, 263, 265, 280, 283, 284, 285, 288, 289, 290, 292, 294, 304, 320, 321], "excluded_lines": [], "functions": {"ContentAnalysisEngine.__init__": {"executed_lines": [], "summary": {"covered_lines": 0, "num_statements": 9, "percent_covered": 0.0, "percent_covered_display": "0", "missing_lines": 9, "excluded_lines": 0}, "missing_lines": [83, 84, 85, 86, 87, 88, 90, 91, 92], "excluded_lines": []}, "ContentAnalysisEngine.validate_content_data": {"executed_lines": [], "summary": {"covered_lines": 0, "num_statements": 11, "percent_covered": 0.0, "percent_covered_display": "0", "missing_lines": 11, "excluded_lines": 0}, "missing_lines": [106, 110, 113, 116, 119, 120, 122, 123, 130, 131, 132], "excluded_lines": []}, "ContentAnalysisEngine.calculate_p_chart_control_limits": {"executed_lines": [], "summary": {"covered_lines": 0, "num_statements": 20, "percent_covered": 0.0, "percent_covered_display": "0", "missing_lines": 20, "excluded_lines": 0}, "missing_lines": [154, 155, 157, 158, 160, 161, 164, 165, 166, 169, 172, 175, 176, 179, 180, 183, 184, 185, 186, 188], "excluded_lines": []}, "ContentAnalysisEngine.analyze_isrc_balance": {"executed_lines": [], "summary": {"covered_lines": 0, "num_statements": 8, "percent_covered": 0.0, "percent_covered_display": "0", "missing_lines": 8, "excluded_lines": 0}, "missing_lines": [208, 210, 211, 212, 213, 215, 216, 218], "excluded_lines": []}, "ContentAnalysisEngine.analyze_content_type_distribution": {"executed_lines": [], "summary": {"covered_lines": 0, "num_statements": 6, "percent_covered": 0.0, "percent_covered_display": "0", "missing_lines": 6, "excluded_lines": 0}, "missing_lines": [230, 232, 233, 234, 235, 237], "excluded_lines": []}, "ContentAnalysisEngine.analyze_duration_patterns": {"executed_lines": [], "summary": {"covered_lines": 0, "num_statements": 6, "percent_covered": 0.0, "percent_covered_display": "0", "missing_lines": 6, "excluded_lines": 0}, "missing_lines": [249, 251, 252, 254, 261, 263], "excluded_lines": []}, "ContentAnalysisEngine.perform_complete_analysis": {"executed_lines": [], "summary": {"covered_lines": 0, "num_statements": 9, "percent_covered": 0.0, "percent_covered_display": "0", "missing_lines": 9, "excluded_lines": 0}, "missing_lines": [280, 283, 284, 285, 288, 289, 290, 292, 294], "excluded_lines": []}, "calculate_p_chart_control_limits": {"executed_lines": [], "summary": {"covered_lines": 0, "num_statements": 2, "percent_covered": 0.0, "percent_covered_display": "0", "missing_lines": 2, "excluded_lines": 0}, "missing_lines": [320, 321], "excluded_lines": []}, "": {"executed_lines": [], "summary": {"covered_lines": 0, "num_statements": 40, "percent_covered": 0.0, "percent_covered_display": "0", "missing_lines": 40, "excluded_lines": 0}, "missing_lines": [6, 7, 8, 9, 10, 11, 12, 13, 15, 22, 25, 27, 30, 32, 35, 36, 38, 39, 40, 41, 42, 43, 44, 47, 48, 50, 51, 52, 53, 54, 55, 58, 66, 94, 136, 198, 220, 239, 265, 304], "excluded_lines": []}}, "classes": {"InsufficientContentDataError": {"executed_lines": [], "summary": {"covered_lines": 0, "num_statements": 0, "percent_covered": 100.0, "percent_covered_display": "100", "missing_lines": 0, "excluded_lines": 0}, "missing_lines": [], "excluded_lines": []}, "InvalidContentTypeError": {"executed_lines": [], "summary": {"covered_lines": 0, "num_statements": 0, "percent_covered": 100.0, "percent_covered_display": "100", "missing_lines": 0, "excluded_lines": 0}, "missing_lines": [], "excluded_lines": []}, "PChartControlLimits": {"executed_lines": [], "summary": {"covered_lines": 0, "num_statements": 0, "percent_covered": 100.0, "percent_covered_display": "100", "missing_lines": 0, "excluded_lines": 0}, "missing_lines": [], "excluded_lines": []}, "ContentAnalysisResult": {"executed_lines": [], "summary": {"covered_lines": 0, "num_statements": 0, "percent_covered": 100.0, "percent_covered_display": "100", "missing_lines": 0, "excluded_lines": 0}, "missing_lines": [], "excluded_lines": []}, "ContentAnalysisEngine": {"executed_lines": [], "summary": {"covered_lines": 0, "num_statements": 69, "percent_covered": 0.0, "percent_covered_display": "0", "missing_lines": 69, "excluded_lines": 0}, "missing_lines": [83, 84, 85, 86, 87, 88, 90, 91, 92, 106, 110, 113, 116, 119, 120, 122, 123, 130, 131, 132, 154, 155, 157, 158, 160, 161, 164, 165, 166, 169, 172, 175, 176, 179, 180, 183, 184, 185, 186, 188, 208, 210, 211, 212, 213, 215, 216, 218, 230, 232, 233, 234, 235, 237, 249, 251, 252, 254, 261, 263, 280, 283, 284, 285, 288, 289, 290, 292, 294], "excluded_lines": []}, "": {"executed_lines": [], "summary": {"covered_lines": 0, "num_statements": 42, "percent_covered": 0.0, "percent_covered_display": "0", "missing_lines": 42, "excluded_lines": 0}, "missing_lines": [6, 7, 8, 9, 10, 11, 12, 13, 15, 22, 25, 27, 30, 32, 35, 36, 38, 39, 40, 41, 42, 43, 44, 47, 48, 50, 51, 52, 53, 54, 55, 58, 66, 94, 136, 198, 220, 239, 265, 304, 320, 321], "excluded_lines": []}}}, "src/youtubeviz/data.py": {"executed_lines": [], "summary": {"covered_lines": 0, "num_statements": 437, "percent_covered": 0.0, "percent_covered_display": "0", "missing_lines": 437, "excluded_lines": 0}, "missing_lines": [1, 3, 4, 5, 6, 7, 8, 10, 11, 14, 15, 16, 17, 20, 21, 22, 24, 26, 29, 44, 47, 64, 66, 67, 68, 69, 70, 72, 73, 74, 76, 77, 78, 80, 82, 85, 86, 87, 88, 89, 90, 92, 95, 114, 117, 118, 119, 120, 122, 123, 124, 125, 126, 127, 128, 131, 132, 133, 134, 135, 136, 137, 139, 141, 142, 144, 162, 163, 164, 166, 167, 168, 169, 170, 171, 172, 174, 175, 178, 179, 180, 181, 183, 184, 185, 187, 188, 189, 190, 191, 193, 194, 197, 203, 206, 207, 209, 211, 212, 213, 214, 215, 216, 218, 219, 220, 221, 222, 224, 226, 227, 230, 231, 232, 233, 236, 237, 239, 240, 241, 242, 243, 244, 245, 246, 247, 250, 251, 252, 253, 254, 255, 256, 257, 258, 261, 262, 263, 266, 273, 274, 275, 276, 288, 289, 292, 293, 294, 295, 298, 305, 306, 308, 309, 310, 311, 312, 313, 314, 316, 317, 318, 319, 322, 324, 325, 326, 327, 328, 329, 330, 331, 332, 333, 334, 335, 336, 339, 350, 351, 353, 355, 357, 358, 359, 360, 361, 363, 364, 366, 368, 369, 371, 383, 386, 388, 389, 390, 391, 392, 393, 394, 395, 398, 408, 409, 410, 413, 418, 419, 420, 421, 422, 423, 424, 426, 427, 428, 431, 442, 443, 444, 445, 446, 449, 450, 451, 452, 453, 459, 460, 461, 462, 463, 464, 466, 467, 469, 470, 475, 476, 487, 488, 489, 490, 491, 492, 493, 494, 496, 497, 499, 500, 501, 502, 503, 504, 505, 506, 509, 515, 516, 517, 518, 519, 520, 521, 522, 523, 524, 525, 527, 528, 530, 532, 533, 534, 542, 543, 544, 545, 546, 547, 548, 549, 551, 552, 553, 554, 555, 556, 557, 558, 559, 560, 570, 573, 579, 580, 581, 582, 583, 584, 585, 586, 587, 590, 592, 593, 594, 597, 606, 615, 622, 631, 634, 635, 636, 637, 639, 648, 649, 650, 652, 653, 654, 655, 656, 658, 661, 662, 665, 666, 667, 669, 670, 672, 686, 687, 688, 689, 690, 691, 692, 693, 694, 697, 709, 712, 713, 714, 715, 717, 726, 727, 728, 730, 731, 732, 734, 735, 736, 737, 738, 739, 740, 741, 742, 744, 747, 749, 750, 751, 752, 753, 754, 755, 758, 759, 760, 762, 763, 765, 779, 780, 781, 782, 783, 784, 785, 786, 789, 790, 791, 792, 794, 797, 811, 813, 815, 817, 819, 821, 822, 834, 835, 838, 839, 842, 843, 844, 845, 848, 849, 852, 853, 856, 857, 862, 864, 867, 868, 869, 871, 873, 876, 877, 878, 881, 882, 883, 884, 885, 886, 888, 905, 906], "excluded_lines": [], "functions": {"_get_engine": {"executed_lines": [], "summary": {"covered_lines": 0, "num_statements": 4, "percent_covered": 0.0, "percent_covered_display": "0", "missing_lines": 4, "excluded_lines": 0}, "missing_lines": [21, 22, 24, 26], "excluded_lines": []}, "load_youtube_data": {"executed_lines": [], "summary": {"covered_lines": 0, "num_statements": 23, "percent_covered": 0.0, "percent_covered_display": "0", "missing_lines": 23, "excluded_lines": 0}, "missing_lines": [44, 47, 64, 66, 67, 68, 69, 70, 72, 73, 74, 76, 77, 78, 80, 82, 85, 86, 87, 88, 89, 90, 92], "excluded_lines": []}, "load_artist_daily_metrics": {"executed_lines": [], "summary": {"covered_lines": 0, "num_statements": 45, "percent_covered": 0.0, "percent_covered_display": "0", "missing_lines": 45, "excluded_lines": 0}, "missing_lines": [114, 117, 118, 119, 120, 122, 123, 124, 125, 126, 127, 128, 131, 132, 133, 134, 135, 136, 137, 139, 141, 142, 144, 162, 163, 164, 166, 167, 168, 169, 170, 171, 172, 174, 175, 178, 179, 180, 181, 183, 184, 185, 187, 193, 194], "excluded_lines": []}, "load_artist_daily_metrics._canonical": {"executed_lines": [], "summary": {"covered_lines": 0, "num_statements": 4, "percent_covered": 0.0, "percent_covered_display": "0", "missing_lines": 4, "excluded_lines": 0}, "missing_lines": [188, 189, 190, 191], "excluded_lines": []}, "_build_artist_alias_map": {"executed_lines": [], "summary": {"covered_lines": 0, "num_statements": 45, "percent_covered": 0.0, "percent_covered_display": "0", "missing_lines": 45, "excluded_lines": 0}, "missing_lines": [203, 206, 207, 209, 211, 212, 213, 214, 215, 216, 218, 219, 220, 221, 222, 224, 226, 227, 230, 231, 232, 233, 236, 237, 239, 240, 241, 242, 243, 244, 245, 246, 247, 250, 251, 252, 253, 254, 255, 256, 257, 258, 261, 262, 263], "excluded_lines": []}, "compute_kpis": {"executed_lines": [], "summary": {"covered_lines": 0, "num_statements": 10, "percent_covered": 0.0, "percent_covered_display": "0", "missing_lines": 10, "excluded_lines": 0}, "missing_lines": [273, 274, 275, 276, 288, 289, 292, 293, 294, 295], "excluded_lines": []}, "detect_outliers_iqr": {"executed_lines": [], "summary": {"covered_lines": 0, "num_statements": 7, "percent_covered": 0.0, "percent_covered_display": "0", "missing_lines": 7, "excluded_lines": 0}, "missing_lines": [305, 306, 308, 316, 317, 318, 319], "excluded_lines": []}, "detect_outliers_iqr._outliers": {"executed_lines": [], "summary": {"covered_lines": 0, "num_statements": 6, "percent_covered": 0.0, "percent_covered_display": "0", "missing_lines": 6, "excluded_lines": 0}, "missing_lines": [309, 310, 311, 312, 313, 314], "excluded_lines": []}, "read_rpm_from_env": {"executed_lines": [], "summary": {"covered_lines": 0, "num_statements": 13, "percent_covered": 0.0, "percent_covered_display": "0", "missing_lines": 13, "excluded_lines": 0}, "missing_lines": [324, 325, 326, 327, 328, 329, 330, 331, 332, 333, 334, 335, 336], "excluded_lines": []}, "compute_estimated_revenue": {"executed_lines": [], "summary": {"covered_lines": 0, "num_statements": 11, "percent_covered": 0.0, "percent_covered_display": "0", "missing_lines": 11, "excluded_lines": 0}, "missing_lines": [350, 351, 353, 355, 363, 364, 366, 368, 369, 371, 383], "excluded_lines": []}, "compute_estimated_revenue._rpm_for": {"executed_lines": [], "summary": {"covered_lines": 0, "num_statements": 5, "percent_covered": 0.0, "percent_covered_display": "0", "missing_lines": 5, "excluded_lines": 0}, "missing_lines": [357, 358, 359, 360, 361], "excluded_lines": []}, "compute_yoy_views": {"executed_lines": [], "summary": {"covered_lines": 0, "num_statements": 8, "percent_covered": 0.0, "percent_covered_display": "0", "missing_lines": 8, "excluded_lines": 0}, "missing_lines": [388, 389, 390, 391, 392, 393, 394, 395], "excluded_lines": []}, "run_artist_metrics_pipeline": {"executed_lines": [], "summary": {"covered_lines": 0, "num_statements": 3, "percent_covered": 0.0, "percent_covered_display": "0", "missing_lines": 3, "excluded_lines": 0}, "missing_lines": [408, 409, 410], "excluded_lines": []}, "benchmark_run_artist_metrics_pipeline": {"executed_lines": [], "summary": {"covered_lines": 0, "num_statements": 10, "percent_covered": 0.0, "percent_covered_display": "0", "missing_lines": 10, "excluded_lines": 0}, "missing_lines": [418, 419, 420, 421, 422, 423, 424, 426, 427, 428], "excluded_lines": []}, "load_comment_examples": {"executed_lines": [], "summary": {"covered_lines": 0, "num_statements": 40, "percent_covered": 0.0, "percent_covered_display": "0", "missing_lines": 40, "excluded_lines": 0}, "missing_lines": [442, 443, 444, 445, 446, 449, 450, 451, 452, 453, 459, 460, 461, 462, 463, 464, 466, 467, 469, 470, 475, 476, 487, 488, 489, 490, 491, 492, 493, 494, 496, 497, 499, 500, 501, 502, 503, 504, 505, 506], "excluded_lines": []}, "compute_coengagement_matrix": {"executed_lines": [], "summary": {"covered_lines": 0, "num_statements": 36, "percent_covered": 0.0, "percent_covered_display": "0", "missing_lines": 36, "excluded_lines": 0}, "missing_lines": [515, 516, 517, 518, 519, 520, 521, 522, 523, 524, 525, 527, 528, 530, 532, 533, 534, 542, 543, 544, 545, 546, 547, 548, 549, 551, 552, 553, 554, 555, 556, 557, 558, 559, 560, 570], "excluded_lines": []}, "load_recent_window_days": {"executed_lines": [], "summary": {"covered_lines": 0, "num_statements": 9, "percent_covered": 0.0, "percent_covered_display": "0", "missing_lines": 9, "excluded_lines": 0}, "missing_lines": [579, 580, 581, 582, 583, 584, 585, 586, 587], "excluded_lines": []}, "qa_nulls_and_orphans": {"executed_lines": [], "summary": {"covered_lines": 0, "num_statements": 6, "percent_covered": 0.0, "percent_covered_display": "0", "missing_lines": 6, "excluded_lines": 0}, "missing_lines": [592, 593, 594, 597, 606, 615], "excluded_lines": []}, "load_sentiment_summary": {"executed_lines": [], "summary": {"covered_lines": 0, "num_statements": 32, "percent_covered": 0.0, "percent_covered_display": "0", "missing_lines": 32, "excluded_lines": 0}, "missing_lines": [631, 634, 635, 636, 637, 639, 648, 649, 650, 652, 653, 654, 655, 656, 658, 661, 662, 665, 666, 667, 669, 670, 672, 686, 687, 688, 689, 690, 691, 692, 693, 694], "excluded_lines": []}, "load_sentiment_daily": {"executed_lines": [], "summary": {"covered_lines": 0, "num_statements": 49, "percent_covered": 0.0, "percent_covered_display": "0", "missing_lines": 49, "excluded_lines": 0}, "missing_lines": [709, 712, 713, 714, 715, 717, 726, 727, 728, 730, 731, 732, 734, 735, 736, 737, 738, 739, 740, 741, 742, 744, 747, 749, 750, 751, 752, 753, 754, 755, 758, 759, 760, 762, 763, 765, 779, 780, 781, 782, 783, 784, 785, 786, 789, 790, 791, 792, 794], "excluded_lines": []}, "qa_artist_consistency_check": {"executed_lines": [], "summary": {"covered_lines": 0, "num_statements": 40, "percent_covered": 0.0, "percent_covered_display": "0", "missing_lines": 40, "excluded_lines": 0}, "missing_lines": [811, 813, 815, 817, 819, 821, 822, 834, 835, 838, 839, 842, 843, 844, 845, 848, 849, 852, 853, 856, 857, 862, 864, 867, 868, 869, 871, 873, 876, 877, 878, 881, 882, 883, 884, 885, 886, 888, 905, 906], "excluded_lines": []}, "": {"executed_lines": [], "summary": {"covered_lines": 0, "num_statements": 31, "percent_covered": 0.0, "percent_covered_display": "0", "missing_lines": 31, "excluded_lines": 0}, "missing_lines": [1, 3, 4, 5, 6, 7, 8, 10, 11, 14, 15, 16, 17, 20, 29, 95, 197, 266, 298, 322, 339, 386, 398, 413, 431, 509, 573, 590, 622, 697, 797], "excluded_lines": []}}, "classes": {"DateRange": {"executed_lines": [], "summary": {"covered_lines": 0, "num_statements": 0, "percent_covered": 100.0, "percent_covered_display": "100", "missing_lines": 0, "excluded_lines": 0}, "missing_lines": [], "excluded_lines": []}, "": {"executed_lines": [], "summary": {"covered_lines": 0, "num_statements": 437, "percent_covered": 0.0, "percent_covered_display": "0", "missing_lines": 437, "excluded_lines": 0}, "missing_lines": [1, 3, 4, 5, 6, 7, 8, 10, 11, 14, 15, 16, 17, 20, 21, 22, 24, 26, 29, 44, 47, 64, 66, 67, 68, 69, 70, 72, 73, 74, 76, 77, 78, 80, 82, 85, 86, 87, 88, 89, 90, 92, 95, 114, 117, 118, 119, 120, 122, 123, 124, 125, 126, 127, 128, 131, 132, 133, 134, 135, 136, 137, 139, 141, 142, 144, 162, 163, 164, 166, 167, 168, 169, 170, 171, 172, 174, 175, 178, 179, 180, 181, 183, 184, 185, 187, 188, 189, 190, 191, 193, 194, 197, 203, 206, 207, 209, 211, 212, 213, 214, 215, 216, 218, 219, 220, 221, 222, 224, 226, 227, 230, 231, 232, 233, 236, 237, 239, 240, 241, 242, 243, 244, 245, 246, 247, 250, 251, 252, 253, 254, 255, 256, 257, 258, 261, 262, 263, 266, 273, 274, 275, 276, 288, 289, 292, 293, 294, 295, 298, 305, 306, 308, 309, 310, 311, 312, 313, 314, 316, 317, 318, 319, 322, 324, 325, 326, 327, 328, 329, 330, 331, 332, 333, 334, 335, 336, 339, 350, 351, 353, 355, 357, 358, 359, 360, 361, 363, 364, 366, 368, 369, 371, 383, 386, 388, 389, 390, 391, 392, 393, 394, 395, 398, 408, 409, 410, 413, 418, 419, 420, 421, 422, 423, 424, 426, 427, 428, 431, 442, 443, 444, 445, 446, 449, 450, 451, 452, 453, 459, 460, 461, 462, 463, 464, 466, 467, 469, 470, 475, 476, 487, 488, 489, 490, 491, 492, 493, 494, 496, 497, 499, 500, 501, 502, 503, 504, 505, 506, 509, 515, 516, 517, 518, 519, 520, 521, 522, 523, 524, 525, 527, 528, 530, 532, 533, 534, 542, 543, 544, 545, 546, 547, 548, 549, 551, 552, 553, 554, 555, 556, 557, 558, 559, 560, 570, 573, 579, 580, 581, 582, 583, 584, 585, 586, 587, 590, 592, 593, 594, 597, 606, 615, 622, 631, 634, 635, 636, 637, 639, 648, 649, 650, 652, 653, 654, 655, 656, 658, 661, 662, 665, 666, 667, 669, 670, 672, 686, 687, 688, 689, 690, 691, 692, 693, 694, 697, 709, 712, 713, 714, 715, 717, 726, 727, 728, 730, 731, 732, 734, 735, 736, 737, 738, 739, 740, 741, 742, 744, 747, 749, 750, 751, 752, 753, 754, 755, 758, 759, 760, 762, 763, 765, 779, 780, 781, 782, 783, 784, 785, 786, 789, 790, 791, 792, 794, 797, 811, 813, 815, 817, 819, 821, 822, 834, 835, 838, 839, 842, 843, 844, 845, 848, 849, 852, 853, 856, 857, 862, 864, 867, 868, 869, 871, 873, 876, 877, 878, 881, 882, 883, 884, 885, 886, 888, 905, 906], "excluded_lines": []}}}, "src/youtubeviz/education.py": {"executed_lines": [], "summary": {"covered_lines": 0, "num_statements": 77, "percent_covered": 0.0, "percent_covered_display": "0", "missing_lines": 77, "excluded_lines": 0}, "missing_lines": [3, 5, 6, 9, 16, 22, 23, 25, 27, 81, 94, 110, 112, 113, 115, 117, 118, 120, 123, 125, 127, 129, 135, 137, 146, 147, 150, 151, 153, 167, 168, 169, 171, 172, 173, 174, 175, 176, 178, 180, 182, 183, 189, 190, 196, 198, 200, 201, 203, 205, 211, 213, 215, 216, 218, 224, 226, 228, 230, 246, 249, 250, 251, 252, 253, 254, 256, 257, 259, 261, 262, 265, 266, 267, 268, 270, 272], "excluded_lines": [], "functions": {"EducationalContentGenerator.__init__": {"executed_lines": [], "summary": {"covered_lines": 0, "num_statements": 2, "percent_covered": 0.0, "percent_covered_display": "0", "missing_lines": 2, "excluded_lines": 0}, "missing_lines": [22, 23], "excluded_lines": []}, "EducationalContentGenerator._load_content_database": {"executed_lines": [], "summary": {"covered_lines": 0, "num_statements": 2, "percent_covered": 0.0, "percent_covered_display": "0", "missing_lines": 2, "excluded_lines": 0}, "missing_lines": [27, 81], "excluded_lines": []}, "EducationalContentGenerator.explain_concept": {"executed_lines": [], "summary": {"covered_lines": 0, "num_statements": 8, "percent_covered": 0.0, "percent_covered_display": "0", "missing_lines": 8, "excluded_lines": 0}, "missing_lines": [110, 112, 113, 115, 117, 118, 120, 123], "excluded_lines": []}, "EducationalContentGenerator._generate_generic_explanation": {"executed_lines": [], "summary": {"covered_lines": 0, "num_statements": 3, "percent_covered": 0.0, "percent_covered_display": "0", "missing_lines": 3, "excluded_lines": 0}, "missing_lines": [127, 129, 135], "excluded_lines": []}, "EducationalContentGenerator.get_glo
[...]
3, 1959, 1965, 1971, 1977, 1983, 1984, 1989, 1990, 1997, 2000, 2001, 2002, 2005, 2006, 2007, 2008, 2011, 2022, 2023, 2024, 2026, 2027], "excluded_lines": []}}, "classes": {"QuotaTracker": {"executed_lines": [], "summary": {"covered_lines": 0, "num_statements": 9, "percent_covered": 0.0, "percent_covered_display": "0", "missing_lines": 9, "excluded_lines": 0}, "missing_lines": [229, 230, 242, 243, 244, 253, 262, 263, 264], "excluded_lines": []}, "": {"executed_lines": [], "summary": {"covered_lines": 0, "num_statements": 753, "percent_covered": 0.0, "percent_covered_display": "0", "missing_lines": 753, "excluded_lines": 0}, "missing_lines": [61, 62, 63, 64, 65, 66, 67, 69, 70, 71, 72, 73, 76, 78, 79, 80, 82, 84, 93, 96, 109, 111, 114, 122, 123, 126, 127, 128, 131, 132, 135, 137, 140, 141, 143, 146, 151, 152, 153, 154, 156, 157, 158, 162, 163, 164, 165, 166, 169, 179, 182, 196, 197, 198, 199, 200, 201, 202, 206, 213, 222, 232, 246, 255, 268, 271, 278, 279, 280, 282, 285, 298, 301, 302, 303, 305, 307, 312, 313, 315, 316, 317, 318, 320, 321, 324, 357, 358, 359, 360, 361, 362, 365, 368, 369, 370, 371, 373, 376, 377, 379, 381, 383, 386, 387, 390, 391, 394, 397, 398, 401, 402, 405, 406, 407, 408, 409, 410, 412, 413, 415, 418, 420, 421, 422, 423, 427, 428, 430, 431, 432, 435, 438, 439, 442, 445, 446, 449, 461, 464, 465, 468, 469, 471, 477, 478, 479, 480, 483, 484, 486, 487, 489, 490, 491, 493, 494, 497, 498, 499, 502, 503, 504, 505, 508, 514, 515, 516, 518, 519, 520, 521, 523, 524, 527, 550, 551, 554, 555, 556, 559, 560, 561, 564, 565, 566, 567, 568, 569, 570, 571, 574, 575, 576, 577, 578, 580, 582, 585, 587, 590, 591, 592, 594, 597, 598, 601, 603, 604, 607, 608, 610, 611, 612, 617, 622, 623, 625, 626, 629, 630, 631, 633, 634, 635, 636, 639, 640, 641, 642, 645, 646, 647, 648, 649, 650, 651, 654, 656, 658, 659, 662, 663, 664, 665, 666, 667, 669, 670, 673, 675, 676, 677, 680, 717, 720, 721, 723, 733, 734, 737, 738, 745, 754, 759, 760, 763, 766, 767, 770, 771, 774, 775, 777, 778, 781, 782, 783, 786, 787, 788, 789, 790, 791, 792, 795, 798, 799, 800, 801, 804, 805, 806, 808, 809, 812, 814, 815, 817, 818, 821, 822, 823, 824, 825, 826, 829, 830, 831, 832, 833, 834, 837, 840, 841, 842, 845, 846, 847, 851, 852, 855, 866, 867, 870, 873, 876, 877, 879, 882, 885, 886, 887, 890, 891, 894, 896, 899, 901, 903, 906, 907, 908, 911, 914, 915, 918, 920, 922, 925, 926, 927, 929, 931, 934, 935, 936, 941, 942, 944, 945, 947, 948, 951, 952, 955, 956, 959, 962, 965, 966, 969, 972, 973, 976, 977, 980, 981, 983, 984, 985, 986, 987, 990, 991, 994, 995, 996, 997, 998, 999, 1000, 1003, 1004, 1007, 1009, 1010, 1013, 1014, 1017, 1020, 1023, 1039, 1041, 1042, 1043, 1045, 1046, 1047, 1049, 1063, 1066, 1074, 1077, 1078, 1081, 1084, 1086, 1087, 1090, 1092, 1095, 1098, 1101, 1104, 1105, 1106, 1107, 1108, 1111, 1112, 1118, 1120, 1123, 1132, 1134, 1137, 1138, 1139, 1142, 1151, 1153, 1154, 1155, 1156, 1159, 1173, 1176, 1185, 1187, 1188, 1189, 1190, 1193, 1207, 1210, 1222, 1224, 1225, 1226, 1227, 1230, 1231, 1234, 1235, 1236, 1237, 1238, 1239, 1240, 1242, 1243, 1246, 1249, 1261, 1273, 1275, 1276, 1277, 1278, 1281, 1282, 1285, 1286, 1287, 1288, 1289, 1290, 1291, 1293, 1294, 1297, 1300, 1312, 1322, 1324, 1325, 1326, 1327, 1330, 1342, 1350, 1352, 1353, 1354, 1356, 1357, 1358, 1359, 1360, 1361, 1364, 1372, 1373, 1374, 1375, 1378, 1390, 1393, 1394, 1395, 1398, 1399, 1400, 1403, 1404, 1405, 1408, 1409, 1410, 1412, 1415, 1427, 1429, 1431, 1433, 1434, 1437, 1438, 1440, 1443, 1445, 1446, 1447, 1450, 1451, 1454, 1462, 1463, 1466, 1467, 1470, 1473, 1476, 1479, 1482, 1484, 1486, 1489, 1499, 1502, 1505, 1506, 1507, 1508, 1522, 1524, 1527, 1528, 1529, 1530, 1544, 1546, 1548, 1551, 1566, 1569, 1570, 1573, 1574, 1577, 1578, 1581, 1582, 1583, 1584, 1585, 1588, 1589, 1593, 1594, 1597, 1598, 1599, 1600, 1601, 1603, 1606, 1650, 1653, 1655, 1656, 1658, 1661, 1664, 1667, 1670, 1671, 1673, 1675, 1689, 1690, 1700, 1701, 1702, 1703, 1704, 1705, 1708, 1709, 1719, 1722, 1723, 1732, 1735, 1736, 1737, 1738, 1740, 1743, 1745, 1746, 1747, 1749, 1752, 1755, 1758, 1764, 1766, 1768, 1770, 1771, 1772, 1773, 1774, 1775, 1777, 1778, 1781, 1784, 1785, 1786, 1791, 1796, 1797, 1798, 1799, 1801, 1803, 1804, 1805, 1806, 1808, 1811, 1812, 1815, 1816, 1817, 1818, 1820, 1821, 1822, 1824, 1825, 1826, 1828, 1831, 1832, 1835, 1837, 1840, 1842, 1843, 1844, 1848, 1849, 1851, 1860, 1862, 1873, 1874, 1875, 1878, 1880, 1881, 1882, 1885, 1887, 1888, 1889, 1892, 1893, 1894, 1895, 1898, 1899, 1901, 1902, 1906, 1907, 1909, 1912, 1918, 1919, 1921, 1922, 1924, 1925, 1927, 1930, 1932, 1934, 1936, 1939, 1941, 1943, 1945, 1948, 1949, 1952, 1953, 1959, 1965, 1971, 1977, 1983, 1984, 1989, 1990, 1997, 2000, 2001, 2002, 2005, 2006, 2007, 2008, 2011, 2022, 2023, 2024, 2026, 2027], "excluded_lines": []}}}, "web/youtube_metrics_helpers.py": {"executed_lines": [], "summary": {"covered_lines": 0, "num_statements": 42, "percent_covered": 0.0, "percent_covered_display": "0", "missing_lines": 42, "excluded_lines": 0}, "missing_lines": [8, 9, 10, 12, 13, 14, 15, 17, 19, 22, 45, 47, 49, 61, 63, 85, 88, 106, 109, 127, 130, 141, 142, 157, 158, 168, 171, 185, 191, 255, 257, 258, 260, 262, 265, 275, 278, 320, 322, 323, 325, 327], "excluded_lines": [], "functions": {"upsert_metrics": {"executed_lines": [], "summary": {"covered_lines": 0, "num_statements": 8, "percent_covered": 0.0, "percent_covered_display": "0", "missing_lines": 8, "excluded_lines": 0}, "missing_lines": [45, 47, 49, 61, 63, 85, 88, 106], "excluded_lines": []}, "get_playlist_count": {"executed_lines": [], "summary": {"covered_lines": 0, "num_statements": 1, "percent_covered": 0.0, "percent_covered_display": "0", "missing_lines": 1, "excluded_lines": 0}, "missing_lines": [127], "excluded_lines": []}, "get_latest_metrics": {"executed_lines": [], "summary": {"covered_lines": 0, "num_statements": 5, "percent_covered": 0.0, "percent_covered_display": "0", "missing_lines": 5, "excluded_lines": 0}, "missing_lines": [141, 142, 157, 158, 168], "excluded_lines": []}, "get_top_viewcount_increases": {"executed_lines": [], "summary": {"covered_lines": 0, "num_statements": 7, "percent_covered": 0.0, "percent_covered_display": "0", "missing_lines": 7, "excluded_lines": 0}, "missing_lines": [185, 191, 255, 257, 258, 260, 262], "excluded_lines": []}, "analyze_viewcount_changes": {"executed_lines": [], "summary": {"covered_lines": 0, "num_statements": 7, "percent_covered": 0.0, "percent_covered_display": "0", "missing_lines": 7, "excluded_lines": 0}, "missing_lines": [275, 278, 320, 322, 323, 325, 327], "excluded_lines": []}, "": {"executed_lines": [], "summary": {"covered_lines": 0, "num_statements": 14, "percent_covered": 0.0, "percent_covered_display": "0", "missing_lines": 14, "excluded_lines": 0}, "missing_lines": [8, 9, 10, 12, 13, 14, 15, 17, 19, 22, 109, 130, 171, 265], "excluded_lines": []}}, "classes": {"": {"executed_lines": [], "summary": {"covered_lines": 0, "num_statements": 42, "percent_covered": 0.0, "percent_covered_display": "0", "missing_lines": 42, "excluded_lines": 0}, "missing_lines": [8, 9, 10, 12, 13, 14, 15, 17, 19, 22, 45, 47, 49, 61, 63, 85, 88, 106, 109, 127, 130, 141, 142, 157, 158, 168, 171, 185, 191, 255, 257, 258, 260, 262, 265, 275, 278, 320, 322, 323, 325, 327], "excluded_lines": []}}}, "web/youtube_version_parser.py": {"executed_lines": [], "summary": {"covered_lines": 0, "num_statements": 446, "percent_covered": 0.0, "percent_covered_display": "0", "missing_lines": 446, "excluded_lines": 0}, "missing_lines": [32, 33, 34, 35, 36, 38, 39, 41, 42, 43, 46, 47, 49, 50, 51, 54, 153, 174, 217, 224, 227, 230, 233, 246, 247, 248, 249, 250, 251, 252, 253, 256, 266, 267, 270, 273, 274, 276, 279, 290, 291, 294, 297, 298, 299, 301, 302, 304, 310, 313, 314, 315, 316, 317, 318, 319, 323, 326, 329, 340, 341, 344, 347, 348, 349, 351, 352, 353, 354, 355, 358, 359, 360, 361, 362, 363, 364, 366, 369, 370, 371, 372, 374, 375, 376, 377, 378, 381, 382, 383, 384, 385, 386, 387, 389, 392, 395, 398, 403, 405, 406, 407, 408, 409, 410, 413, 414, 415, 416, 419, 420, 421, 422, 424, 426, 427, 428, 429, 432, 434, 440, 441, 444, 445, 447, 450, 460, 461, 462, 463, 464, 465, 466, 469, 477, 480, 482, 487, 489, 492, 494, 495, 498, 504, 505, 506, 507, 510, 513, 515, 518, 521, 522, 524, 529, 530, 532, 535, 544, 545, 547, 548, 550, 551, 553, 554, 555, 556, 558, 559, 566, 567, 569, 570, 571, 572, 574, 575, 577, 578, 580, 581, 584, 589, 590, 593, 594, 595, 598, 599, 600, 601, 604, 608, 610, 611, 614, 615, 616, 618, 621, 627, 630, 632, 633, 634, 635, 638, 645, 648, 649, 651, 652, 653, 656, 657, 659, 662, 663, 665, 668, 673, 681, 682, 684, 685, 686, 689, 690, 692, 693, 694, 695, 698, 699, 700, 701, 703, 705, 708, 712, 715, 718, 721, 722, 724, 725, 728, 729, 731, 733, 741, 743, 744, 746, 747, 748, 749, 752, 754, 763, 764, 765, 766, 767, 770, 771, 773, 775, 778, 785, 786, 787, 790, 792, 797, 798, 799, 802, 810, 813, 814, 816, 817, 818, 820, 823, 830, 831, 832, 833, 834, 837, 840, 841, 843, 845, 852, 853, 854, 857, 858, 861, 863, 864, 868, 871, 875, 879, 880, 883, 884, 887, 890, 893, 896, 897, 901, 903, 910, 925, 928, 930, 937, 948, 949, 952, 953, 954, 955, 958, 959, 960, 961, 963, 966, 977, 978, 981, 987, 988, 989, 992, 993, 994, 996, 999, 1010, 1011, 1012, 1015, 1018, 1021, 1031, 1034, 1046, 1047, 1049, 1050, 1051, 1054, 1055, 1057, 1058, 1061, 1062, 1063, 1066, 1067, 1070, 1073, 1074, 1075, 1076, 1079, 1081, 1084, 1087, 1088, 1090, 1093, 1126, 1127, 1130, 1131, 1132, 1133, 1135, 1137, 1140, 1141, 1142, 1143, 1144, 1145, 1146, 1147, 1148, 1149, 1154, 1155, 1158, 1180, 1181, 1183, 1185, 1186, 1187, 1188, 1189, 1190, 1193, 1194, 1195, 1196, 1197, 1198, 1199, 1200, 1203, 1216, 1222, 1223, 1224, 1227, 1243, 1246, 1247, 1248, 1251, 1252, 1255, 1258, 1260, 1288, 1316, 1317, 1318, 1319, 1320, 1321, 1322, 1323, 1325, 1326, 1327], "excluded_lines": [], "functions": {"_norm": {"executed_lines": [], "summary": {"covered_lines": 0, "num_statements": 8, "percent_covered": 0.0, "percent_covered_display": "0", "missing_lines": 8, "excluded_lines": 0}, "missing_lines": [246, 247, 248, 249, 250, 251, 252, 253], "excluded_lines": []}, "clean_text": {"executed_lines": [], "summary": {"covered_lines": 0, "num_statements": 6, "percent_covered": 0.0, "percent_covered_display": "0", "missing_lines": 6, "excluded_lines": 0}, "missing_lines": [266, 267, 270, 273, 274, 276], "excluded_lines": []}, "extract_version_from_title": {"executed_lines": [], "summary": {"covered_lines": 0, "num_statements": 19, "percent_covered": 0.0, "percent_covered_display": "0", "missing_lines": 19, "excluded_lines": 0}, "missing_lines": [290, 291, 294, 297, 298, 299, 301, 302, 304, 310, 313, 314, 315, 316, 317, 318, 319, 323, 326], "excluded_lines": []}, "extract_artists_from_title": {"executed_lines": [], "summary": {"covered_lines": 0, "num_statements": 60, "percent_covered": 0.0, "percent_covered_display": "0", "missing_lines": 60, "excluded_lines": 0}, "missing_lines": [340, 341, 344, 347, 348, 349, 351, 352, 353, 354, 355, 358, 359, 360, 361, 362, 363, 364, 366, 369, 370, 371, 372, 374, 375, 376, 377, 378, 381, 382, 383, 384, 385, 386, 387, 389, 392, 395, 398, 403, 413, 414, 415, 416, 419, 420, 421, 422, 424, 426, 427, 428, 429, 432, 434, 440, 441, 444, 445, 447], "excluded_lines": []}, "extract_artists_from_title.split_feat": {"executed_lines": [], "summary": {"covered_lines": 0, "num_statements": 6, "percent_covered": 0.0, "percent_covered_display": "0", "missing_lines": 6, "excluded_lines": 0}, "missing_lines": [405, 406, 407, 408, 409, 410], "excluded_lines": []}, "split_if_csv": {"executed_lines": [], "summary": {"covered_lines": 0, "num_statements": 7, "percent_covered": 0.0, "percent_covered_display": "0", "missing_lines": 7, "excluded_lines": 0}, "missing_lines": [460, 461, 462, 463, 464, 465, 466], "excluded_lines": []}, "_split_primary_block": {"executed_lines": [], "summary": {"covered_lines": 0, "num_statements": 17, "percent_covered": 0.0, "percent_covered_display": "0", "missing_lines": 17, "excluded_lines": 0}, "missing_lines": [494, 495, 498, 504, 505, 506, 507, 510, 513, 515, 518, 521, 522, 524, 529, 530, 532], "excluded_lines": []}, "_extract_collaboration_clauses": {"executed_lines": [], "summary": {"covered_lines": 0, "num_statements": 24, "percent_covered": 0.0, "percent_covered_display": "0", "missing_lines": 24, "excluded_lines": 0}, "missing_lines": [544, 545, 547, 548, 550, 551, 553, 554, 555, 556, 558, 559, 566, 567, 569, 570, 571, 572, 574, 575, 577, 578, 580, 581], "excluded_lines": []}, "_is_ripper_channel": {"executed_lines": [], "summary": {"covered_lines": 0, "num_statements": 9, "percent_covered": 0.0, "percent_covered_display": "0", "missing_lines": 9, "excluded_lines": 0}, "missing_lines": [589, 590, 593, 594, 595, 598, 599, 600, 601], "excluded_lines": []}, "_remove_meaningless_descriptors": {"executed_lines": [], "summary": {"covered_lines": 0, "num_statements": 7, "percent_covered": 0.0, "percent_covered_display": "0", "missing_lines": 7, "excluded_lines": 0}, "missing_lines": [608, 610, 611, 614, 615, 616, 618], "excluded_lines": []}, "_extract_artist_from_title_start": {"executed_lines": [], "summary": {"covered_lines": 0, "num_statements": 19, "percent_covered": 0.0, "percent_covered_display": "0", "missing_lines": 19, "excluded_lines": 0}, "missing_lines": [627, 630, 632, 633, 634, 635, 638, 645, 648, 649, 651, 652, 653, 656, 657, 659, 662, 663, 665], "excluded_lines": []}, "_detect_multi_song_performance": {"executed_lines": [], "summary": {"covered_lines": 0, "num_statements": 18, "percent_covered": 0.0, "percent_covered_display": "0", "missing_lines": 18, "excluded_lines": 0}, "missing_lines": [673, 681, 682, 684, 685, 686, 689, 690, 692, 693, 694, 695, 698, 699, 700, 701, 703, 705], "excluded_lines": []}, "parse_youtube_title": {"executed_lines": [], "summary": {"covered_lines": 0, "num_statements": 83, "percent_covered": 0.0, "percent_covered_display": "0", "missing_lines": 83, "excluded_lines": 0}, "missing_lines": [712, 715, 718, 721, 722, 724, 725, 728, 729, 731, 733, 741, 743, 744, 746, 747, 748, 749, 752, 754, 763, 764, 765, 766, 767, 770, 771, 773, 775, 778, 785, 786, 787, 790, 792, 797, 798, 799, 802, 810, 813, 814, 816, 817, 818, 820, 823, 830, 831, 832, 833, 834, 837, 840, 841, 843, 845, 852, 853, 854, 857, 858, 861, 863, 864, 868, 871, 875, 879, 880, 883, 884, 887, 890, 893, 896, 897, 901, 903, 910, 925, 928, 930], "excluded_lines": []}, "is_lyric_video": {"executed_lines": [], "summary": {"covered_lines": 0, "num_statements": 11, "percent_covered": 0.0, "percent_covered_display": "0", "missing_lines": 11, "excluded_lines": 0}, "missing_lines": [948, 949, 952, 953, 954, 955, 958, 959, 960, 961, 963], "excluded_lines": []}, "is_official_video": {"executed_lines": [], "summary": {"covered_lines": 0, "num_statements": 10, "percent_covered": 0.0, "percent_covered_display": "0", "missing_lines": 10, "excluded_lines": 0}, "missing_lines": [977, 978, 981, 987, 988, 989, 992, 993, 994, 996], "excluded_lines": []}, "extract_artists_and_title_from_youtube": {"executed_lines": [], "summary": {"covered_lines": 0, "num_statements": 7, "percent_covered": 0.0, "percent_covered_display": "0", "missing_lines": 7, "excluded_lines": 0}, "missing_lines": [1010, 1011, 1012, 1015, 1018, 1021, 1031], "excluded_lines": []}, "match_youtube_to_song": {"executed_lines": [], "summary": {"covered_lines": 0, "num_statements": 25, "percent_covered": 0.0, "percent_covered_display": "0", "missing_lines": 25, "excluded_lines": 0}, "missing_lines": [1046, 1047, 1049, 1050, 1051, 1054, 1055, 1057, 1058, 1061, 1062, 1063, 1066, 1067, 1070, 1073, 1074, 1075, 1076, 1079, 1081, 1084, 1087, 1088, 1090], "excluded_lines": []}, "calculate_similarity": {"executed_lines": [], "summary": {"covered_lines": 0, "num_statements": 20, "percent_covered": 0.0, "percent_covered_display": "0", "missing_lines": 20, "excluded_lines": 0}, "missing_lines": [1126, 1127, 1130, 1131, 1132, 1133, 1135, 1137, 1140, 1141, 1142, 1143, 1144, 1145, 1146, 1147, 1148, 1149, 1154, 1155], "excluded_lines": []}, "calculate_artist_similarity": {"executed_lines": [], "summary": {"covered_lines": 0, "num_statements": 17, "percent_covered": 0.0, "percent_covered_display": "0", "missing_lines": 17, "excluded_lines": 0}, "missing_lines": [1180, 1181, 1183, 1185, 1186, 1187, 1188, 1189, 1190, 1193, 1194, 1195, 1196, 1197, 1198, 1199, 1200], "excluded_lines": []}, "extract_version_type": {"executed_lines": [], "summary": {"covered_lines": 0, "num_statements": 12, "percent_covered": 0.0, "percent_covered_display": "0", "missing_lines": 12, "excluded_lines": 0}, "missing_lines": [1216, 1222, 1223, 1224, 1227, 1243, 1246, 1247, 1248, 1251, 1252, 1255], "excluded_lines": []}, "": {"executed_lines": [], "summary": {"covered_lines": 0, "num_statements": 61, "percent_covered": 0.0, "percent_covered_display": "0", "missing_lines": 61, "excluded_lines": 0}, "missing_lines": [32, 33, 34, 35, 36, 38, 39, 41, 42, 43, 46, 47, 49, 50, 51, 54, 153, 174, 217, 224, 227, 230, 233, 256, 279, 329, 450, 469, 477, 480, 482, 487, 489, 492, 535, 584, 604, 621, 668, 708, 937, 966, 999, 1034, 1093, 1158, 1203, 1258, 1260, 1288, 1316, 1317, 1318, 1319, 1320, 1321, 1322, 1323, 1325, 1326, 1327], "excluded_lines": []}}, "classes": {"": {"executed_lines": [], "summary": {"covered_lines": 0, "num_statements": 446, "percent_covered": 0.0, "percent_covered_display": "0", "missing_lines": 446, "excluded_lines": 0}, "missing_lines": [32, 33, 34, 35, 36, 38, 39, 41, 42, 43, 46, 47, 49, 50, 51, 54, 153, 174, 217, 224, 227, 230, 233, 246, 247, 248, 249, 250, 251, 252, 253, 256, 266, 267, 270, 273, 274, 276, 279, 290, 291, 294, 297, 298, 299, 301, 302, 304, 310, 313, 314, 315, 316, 317, 318, 319, 323, 326, 329, 340, 341, 344, 347, 348, 349, 351, 352, 353, 354, 355, 358, 359, 360, 361, 362, 363, 364, 366, 369, 370, 371, 372, 374, 375, 376, 377, 378, 381, 382, 383, 384, 385, 386, 387, 389, 392, 395, 398, 403, 405, 406, 407, 408, 409, 410, 413, 414, 415, 416, 419, 420, 421, 422, 424, 426, 427, 428, 429, 432, 434, 440, 441, 444, 445, 447, 450, 460, 461, 462, 463, 464, 465, 466, 469, 477, 480, 482, 487, 489, 492, 494, 495, 498, 504, 505, 506, 507, 510, 513, 515, 518, 521, 522, 524, 529, 530, 532, 535, 544, 545, 547, 548, 550, 551, 553, 554, 555, 556, 558, 559, 566, 567, 569, 570, 571, 572, 574, 575, 577, 578, 580, 581, 584, 589, 590, 593, 594, 595, 598, 599, 600, 601, 604, 608, 610, 611, 614, 615, 616, 618, 621, 627, 630, 632, 633, 634, 635, 638, 645, 648, 649, 651, 652, 653, 656, 657, 659, 662, 663, 665, 668, 673, 681, 682, 684, 685, 686, 689, 690, 692, 693, 694, 695, 698, 699, 700, 701, 703, 705, 708, 712, 715, 718, 721, 722, 724, 725, 728, 729, 731, 733, 741, 743, 744, 746, 747, 748, 749, 752, 754, 763, 764, 765, 766, 767, 770, 771, 773, 775, 778, 785, 786, 787, 790, 792, 797, 798, 799, 802, 810, 813, 814, 816, 817, 818, 820, 823, 830, 831, 832, 833, 834, 837, 840, 841, 843, 845, 852, 853, 854, 857, 858, 861, 863, 864, 868, 871, 875, 879, 880, 883, 884, 887, 890, 893, 896, 897, 901, 903, 910, 925, 928, 930, 937, 948, 949, 952, 953, 954, 955, 958, 959, 960, 961, 963, 966, 977, 978, 981, 987, 988, 989, 992, 993, 994, 996, 999, 1010, 1011, 1012, 1015, 1018, 1021, 1031, 1034, 1046, 1047, 1049, 1050, 1051, 1054, 1055, 1057, 1058, 1061, 1062, 1063, 1066, 1067, 1070, 1073, 1074, 1075, 1076, 1079, 1081, 1084, 1087, 1088, 1090, 1093, 1126, 1127, 1130, 1131, 1132, 1133, 1135, 1137, 1140, 1141, 1142, 1143, 1144, 1145, 1146, 1147, 1148, 1149, 1154, 1155, 1158, 1180, 1181, 1183, 1185, 1186, 1187, 1188, 1189, 1190, 1193, 1194, 1195, 1196, 1197, 1198, 1199, 1200, 1203, 1216, 1222, 1223, 1224, 1227, 1243, 1246, 1247, 1248, 1251, 1252, 1255, 1258, 1260, 1288, 1316, 1317, 1318, 1319, 1320, 1321, 1322, 1323, 1325, 1326, 1327], "excluded_lines": []}}}}, "totals": {"covered_lines": 441, "num_statements": 8748, "percent_covered": 5.041152263374485, "percent_covered_display": "5", "missing_lines": 8307, "excluded_lines": 29}}
