{"meta": {"format": 3, "version": "7.10.6", "timestamp": "2025-11-16T05:31:12.907388", "branch_coverage": false, "show_contexts": false}, "files": {"src/__init__.py": {"executed_lines": [], "summary": {"covered_lines": 0, "num_statements": 0, "percent_covered": 100.0, "percent_covered_display": "100.00", "missing_lines": 0, "excluded_lines": 0}, "missing_lines": [], "excluded_lines": [], "functions": {"": {"executed_lines": [], "summary": {"covered_lines": 0, "num_statements": 0, "percent_covered": 100.0, "percent_covered_display": "100.00", "missing_lines": 0, "excluded_lines": 0}, "missing_lines": [], "excluded_lines": []}}, "classes": {"": {"executed_lines": [], "summary": {"covered_lines": 0, "num_statements": 0, "percent_covered": 100.0, "percent_covered_display": "100.00", "missing_lines": 0, "excluded_lines": 0}, "missing_lines": [], "excluded_lines": []}}}, "src/data_organization/__init__.py": {"executed_lines": [], "summary": {"covered_lines": 0, "num_statements": 4, "percent_covered": 0.0, "percent_covered_display": "0.00", "missing_lines": 4, "excluded_lines": 0}, "missing_lines": [3, 4, 5, 7], "excluded_lines": [], "functions": {"": {"executed_lines": [], "summary": {"covered_lines": 0, "num_statements": 4, "percent_covered": 0.0, "percent_covered_display": "0.00", "missing_lines": 4, "excluded_lines": 0}, "missing_lines": [3, 4, 5, 7], "excluded_lines": []}}, "classes": {"": {"executed_lines": [], "summary": {"covered_lines": 0, "num_statements": 4, "percent_covered": 0.0, "percent_covered_display": "0.00", "missing_lines": 4, "excluded_lines": 0}, "missing_lines": [3, 4, 5, 7], "excluded_lines": []}}}, "src/data_organization/configuration_manager.py": {"executed_lines": [], "summary": {"covered_lines": 0, "num_statements": 303, "percent_covered": 0.0, "percent_covered_display": "0.00", "missing_lines": 303, "excluded_lines": 0}, "missing_lines": [9, 10, 11, 12, 13, 14, 17, 20, 23, 26, 29, 32, 35, 38, 39, 42, 43, 44, 45, 46, 47, 49, 51, 52, 54, 56, 58, 60, 70, 71, 74, 75, 76, 77, 78, 79, 80, 82, 84, 87, 88, 91, 92, 93, 94, 95, 96, 97, 98, 100, 101, 103, 114, 116, 117, 120, 121, 122, 124, 127, 128, 129, 132, 133, 135, 138, 139, 140, 142, 145, 146, 148, 151, 153, 154, 156, 158, 159, 161, 163, 164, 166, 168, 171, 172, 175, 176, 177, 178, 179, 180, 182, 184, 185, 188, 189, 190, 191, 193, 196, 197, 199, 202, 203, 204, 206, 209, 210, 212, 214, 216, 218, 220, 221, 224, 225, 226, 229, 230, 231, 236, 237, 239, 247, 251, 269, 270, 272, 274, 275, 276, 278, 279, 281, 282, 283, 284, 286, 287, 290, 291, 292, 294, 295, 296, 297, 299, 301, 302, 303, 305, 306, 307, 309, 310, 312, 315, 318, 320, 321, 322, 323, 326, 327, 328, 330, 332, 333, 336, 337, 338, 339, 342, 343, 344, 346, 347, 348, 349, 350, 351, 352, 355, 356, 357, 358, 359, 360, 361, 362, 363, 366, 367, 374, 376, 377, 379, 380, 381, 390, 391, 393, 394, 397, 399, 409, 411, 414, 415, 416, 419, 422, 424, 426, 427, 430, 431, 432, 433, 436, 443, 444, 445, 448, 449, 451, 460, 461, 464, 465, 466, 469, 470, 471, 472, 474, 476, 477, 478, 480, 482, 484, 487, 488, 489, 490, 502, 503, 504, 515, 517, 519, 521, 523, 524, 526, 527, 529, 530, 531, 538, 539, 553, 554, 556, 557, 558, 560, 562, 564, 565, 567, 569, 570, 572, 573, 574, 579, 580, 582, 583, 584, 585, 586, 587, 589, 592, 595, 597, 598, 599, 600, 602, 605, 608, 609, 610, 611, 614, 615, 616, 617, 620], "excluded_lines": [], "functions": {"ValidationResult.add_error": {"executed_lines": [], "summary": {"covered_lines": 0, "num_statements": 2, "percent_covered": 0.0, "percent_covered_display": "0.00", "missing_lines": 2, "excluded_lines": 0}, "missing_lines": [51, 52], "excluded_lines": []}, "ValidationResult.add_warning": {"executed_lines": [], "summary": {"covered_lines": 0, "num_statements": 1, "percent_covered": 0.0, "percent_covered_display": "0.00", "missing_lines": 1, "excluded_lines": 0}, "missing_lines": [56], "excluded_lines": []}, "ValidationResult.merge": {"executed_lines": [], "summary": {"covered_lines": 0, "num_statements": 1, "percent_covered": 0.0, "percent_covered_display": "0.00", "missing_lines": 1, "excluded_lines": 0}, "missing_lines": [60], "excluded_lines": []}, "ConfigChange.to_dict": {"executed_lines": [], "summary": {"covered_lines": 0, "num_statements": 1, "percent_covered": 0.0, "percent_covered_display": "0.00", "missing_lines": 1, "excluded_lines": 0}, "missing_lines": [84], "excluded_lines": []}, "EnvironmentConfig.from_env_vars": {"executed_lines": [], "summary": {"covered_lines": 0, "num_statements": 1, "percent_covered": 0.0, "percent_covered_display": "0.00", "missing_lines": 1, "excluded_lines": 0}, "missing_lines": [103], "excluded_lines": []}, "EnvironmentConfig.validate": {"executed_lines": [], "summary": {"covered_lines": 0, "num_statements": 30, "percent_covered": 0.0, "percent_covered_display": "0.00", "missing_lines": 30, "excluded_lines": 0}, "missing_lines": [116, 117, 120, 121, 122, 124, 127, 128, 129, 132, 133, 135, 138, 139, 140, 142, 145, 146, 148, 151, 153, 154, 156, 158, 159, 161, 163, 164, 166, 168], "excluded_lines": []}, "ScoringConfig.validate": {"executed_lines": [], "summary": {"covered_lines": 0, "num_statements": 18, "percent_covered": 0.0, "percent_covered_display": "0.00", "missing_lines": 18, "excluded_lines": 0}, "missing_lines": [184, 185, 188, 189, 190, 191, 193, 196, 197, 199, 202, 203, 204, 206, 209, 210, 212, 214], "excluded_lines": []}, "ScoringConfig.to_dict": {"executed_lines": [], "summary": {"covered_lines": 0, "num_statements": 1, "percent_covered": 0.0, "percent_covered_display": "0.00", "missing_lines": 1, "excluded_lines": 0}, "missing_lines": [218], "excluded_lines": []}, "ScoringConfig.from_env_vars": {"executed_lines": [], "summary": {"covered_lines": 0, "num_statements": 9, "percent_covered": 0.0, "percent_covered_display": "0.00", "missing_lines": 9, "excluded_lines": 0}, "missing_lines": [224, 225, 226, 229, 230, 231, 236, 237, 239], "excluded_lines": []}, "ParameterValidator.validate_parameters": {"executed_lines": [], "summary": {"covered_lines": 0, "num_statements": 29, "percent_covered": 0.0, "percent_covered_display": "0.00", "missing_lines": 29, "excluded_lines": 0}, "missing_lines": [272, 274, 275, 276, 278, 279, 281, 282, 283, 284, 286, 287, 290, 291, 292, 294, 295, 296, 297, 299, 301, 302, 303, 305, 306, 307, 309, 310, 312], "excluded_lines": []}, "ConfigurationManager.__init__": {"executed_lines": [], "summary": {"covered_lines": 0, "num_statements": 7, "percent_covered": 0.0, "percent_covered_display": "0.00", "missing_lines": 7, "excluded_lines": 0}, "missing_lines": [320, 321, 322, 323, 326, 327, 328], "excluded_lines": []}, "ConfigurationManager.load_scoring_config": {"executed_lines": [], "summary": {"covered_lines": 0, "num_statements": 27, "percent_covered": 0.0, "percent_covered_display": "0.00", "missing_lines": 27, "excluded_lines": 0}, "missing_lines": [332, 333, 336, 337, 338, 339, 342, 343, 344, 346, 347, 348, 349, 350, 351, 352, 355, 356, 357, 358, 359, 360, 361, 362, 363, 366, 367], "excluded_lines": []}, "ConfigurationManager._load_config_from_database": {"executed_lines": [], "summary": {"covered_lines": 0, "num_statements": 12, "percent_covered": 0.0, "percent_covered_display": "0.00", "missing_lines": 12, "excluded_lines": 0}, "missing_lines": [376, 377, 379, 380, 381, 390, 391, 393, 394, 397, 399, 409], "excluded_lines": []}, "ConfigurationManager.validate_parameters": {"executed_lines": [], "summary": {"covered_lines": 0, "num_statements": 5, "percent_covered": 0.0, "percent_covered_display": "0.00", "missing_lines": 5, "excluded_lines": 0}, "missing_lines": [414, 415, 416, 419, 422], "excluded_lines": []}, "ConfigurationManager.update_configuration": {"executed_lines": [], "summary": {"covered_lines": 0, "num_statements": 27, "percent_covered": 0.0, "percent_covered_display": "0.00", "missing_lines": 27, "excluded_lines": 0}, "missing_lines": [426, 427, 430, 431, 432, 433, 436, 443, 444, 445, 448, 449, 451, 460, 461, 464, 465, 466, 469, 470, 471, 472, 474, 476, 477, 478, 480], "excluded_lines": []}, "ConfigurationManager._detect_parameter_changes": {"executed_lines": [], "summary": {"covered_lines": 0, "num_statements": 9, "percent_covered": 0.0, "percent_covered_display": "0.00", "missing_lines": 9, "excluded_lines": 0}, "missing_lines": [484, 487, 488, 489, 490, 502, 503, 504, 515], "excluded_lines": []}, "ConfigurationManager.get_environment_config": {"executed_lines": [], "summary": {"covered_lines": 0, "num_statements": 1, "percent_covered": 0.0, "percent_covered_display": "0.00", "missing_lines": 1, "excluded_lines": 0}, "missing_lines": [519], "excluded_lines": []}, "ConfigurationManager.audit_configuration_changes": {"executed_lines": [], "summary": {"covered_lines": 0, "num_statements": 15, "percent_covered": 0.0, "percent_covered_display": "0.00", "missing_lines": 15, "excluded_lines": 0}, "missing_lines": [523, 524, 526, 527, 529, 530, 531, 538, 539, 553, 554, 556, 557, 558, 560], "excluded_lines": []}, "ConfigurationManager.clear_cache": {"executed_lines": [], "summary": {"covered_lines": 0, "num_statements": 2, "percent_covered": 0.0, "percent_covered_display": "0.00", "missing_lines": 2, "excluded_lines": 0}, "missing_lines": [564, 565], "excluded_lines": []}, "ConfigurationManager.get_all_algorithm_configs": {"executed_lines": [], "summary": {"covered_lines": 0, "num_statements": 15, "percent_covered": 0.0, "percent_covered_display": "0.00", "missing_lines": 15, "excluded_lines": 0}, "missing_lines": [569, 570, 572, 573, 574, 579, 580, 582, 583, 584, 585, 586, 587, 589, 592], "excluded_lines": []}, "_parse_enabled_disabled": {"executed_lines": [], "summary": {"covered_lines": 0, "num_statements": 5, "percent_covered": 0.0, "percent_covered_display": "0.00", "missing_lines": 5, "excluded_lines": 0}, "missing_lines": [597, 598, 599, 600, 602], "excluded_lines": []}, "_parse_parameter_value": {"executed_lines": [], "summary": {"covered_lines": 0, "num_statements": 9, "percent_covered": 0.0, "percent_covered_display": "0.00", "missing_lines": 9, "excluded_lines": 0}, "missing_lines": [608, 609, 610, 611, 614, 615, 616, 617, 620], "excluded_lines": []}, "": {"executed_lines": [], "summary": {"covered_lines": 0, "num_statements": 76, "percent_covered": 0.0, "percent_covered_display": "0.00", "missing_lines": 76, "excluded_lines": 0}, "missing_lines": [9, 10, 11, 12, 13, 14, 17, 20, 23, 26, 29, 32, 35, 38, 39, 42, 43, 44, 45, 46, 47, 49, 54, 58, 70, 71, 74, 75, 76, 77, 78, 79, 80, 82, 87, 88, 91, 92, 93, 94, 95, 96, 97, 98, 100, 101, 114, 171, 172, 175, 176, 177, 178, 179, 180, 182, 216, 220, 221, 247, 251, 269, 270, 315, 318, 330, 374, 411, 424, 482, 517, 521, 562, 567, 595, 605], "excluded_lines": []}}, "classes": {"ConfigurationError": {"executed_lines": [], "summary": {"covered_lines": 0, "num_statements": 0, "percent_covered": 100.0, "percent_covered_display": "100.00", "missing_lines": 0, "excluded_lines": 0}, "missing_lines": [], "excluded_lines": []}, "ParameterValidationError": {"executed_lines": [], "summary": {"covered_lines": 0, "num_statements": 0, "percent_covered": 100.0, "percent_covered_display": "100.00", "missing_lines": 0, "excluded_lines": 0}, "missing_lines": [], "excluded_lines": []}, "EnvironmentConfigError": {"executed_lines": [], "summary": {"covered_lines": 0, "num_statements": 0, "percent_covered": 100.0, "percent_covered_display": "100.00", "missing_lines": 0, "excluded_lines": 0}, "missing_lines": [], "excluded_lines": []}, "ValidationResult": {"executed_lines": [], "summary": {"covered_lines": 0, "num_statements": 4, "percent_covered": 0.0, "percent_covered_display": "0.00", "missing_lines": 4, "excluded_lines": 0}, "missing_lines": [51, 52, 56, 60], "excluded_lines": []}, "ConfigChange": {"executed_lines": [], "summary": {"covered_lines": 0, "num_statements": 1, "percent_covered": 0.0, "percent_covered_display": "0.00", "missing_lines": 1, "excluded_lines": 0}, "missing_lines": [84], "excluded_lines": []}, "EnvironmentConfig": {"executed_lines": [], "summary": {"covered_lines": 0, "num_statements": 31, "percent_covered": 0.0, "percent_covered_display": "0.00", "missing_lines": 31, "excluded_lines": 0}, "missing_lines": [103, 116, 117, 120, 121, 122, 124, 127, 128, 129, 132, 133, 135, 138, 139, 140, 142, 145, 146, 148, 151, 153, 154, 156, 158, 159, 161, 163, 164, 166, 168], "excluded_lines": []}, "ScoringConfig": {"executed_lines": [], "summary": {"covered_lines": 0, "num_statements": 28, "percent_covered": 0.0, "percent_covered_display": "0.00", "missing_lines": 28, "excluded_lines": 0}, "missing_lines": [184, 185, 188, 189, 190, 191, 193, 196, 197, 199, 202, 203, 204, 206, 209, 210, 212, 214, 218, 224, 225, 226, 229, 230, 231, 236, 237, 239], "excluded_lines": []}, "ParameterValidator": {"executed_lines": [], "summary": {"covered_lines": 0, "num_statements": 29, "percent_covered": 0.0, "percent_covered_display": "0.00", "missing_lines": 29, "excluded_lines": 0}, "missing_lines": [272, 274, 275, 276, 278, 279, 281, 282, 283, 284, 286, 287, 290, 291, 292, 294, 295, 296, 297, 299, 301, 302, 303, 305, 306, 307, 309, 310, 312], "excluded_lines": []}, "ConfigurationManager": {"executed_lines": [], "summary": {"covered_lines": 0, "num_statements": 120, "percent_covered": 0.0, "percent_covered_display": "0.00", "missing_lines": 120, "excluded_lines": 0}, "missing_lines": [320, 321, 322, 323, 326, 327, 328, 332, 333, 336, 337, 338, 339, 342, 343, 344, 346, 347, 348, 349, 350, 351, 352, 355, 356, 357, 358, 359, 360, 361, 362, 363, 366, 367, 376, 377, 379, 380, 381, 390, 391, 393, 394, 397, 399, 409, 414, 415, 416, 419, 422, 426, 427, 430, 431, 432, 433, 436, 443, 444, 445, 448, 449, 451, 460, 461, 464, 465, 466, 469, 470, 471, 472, 474, 476, 477, 478, 480, 484, 487, 488, 489, 490, 502, 503, 504, 515, 519, 523, 524, 526, 527, 529, 530, 531, 538, 539, 553, 554, 556, 557, 558, 560, 564, 565, 569, 570, 572, 573, 574, 579, 580, 582, 583, 584, 585, 586, 587, 589, 592], "excluded_lines": []}, "": {"executed_lines": [], "summary": {"covered_lines": 0, "num_statements": 90, "percent_covered": 0.0, "percent_covered_display": "0.00", "missing_lines": 90, "excluded_lines": 0}, "missing_lines": [9, 10, 11, 12, 13, 14, 17, 20, 23, 26, 29, 32, 35, 38, 39, 42, 43, 44, 45, 46, 47, 49, 54, 58, 70, 71, 74, 75, 76, 77, 78, 79, 80, 82, 87, 88, 91, 92, 93, 94, 95, 96, 97, 98, 100, 101, 114, 171, 172, 175, 176, 177, 178, 179, 180, 182, 216, 220, 221, 247, 251, 269, 270, 315, 318, 330, 374, 411, 424, 482, 517, 521, 562, 567, 595, 597, 598, 599, 600, 602, 605, 608, 609, 610, 611, 614, 615, 616, 617, 620], "excluded_lines": []}}}, "src/data_organization/configuration_schema_manager.py": {"executed_lines": [], "summary": {"covered_lines": 0, "num_statements": 166, "percent_covered": 0.0, "percent_covered_display": "0.00", "missing_lines": 166, "excluded_lines": 0}, "missing_lines": [8, 9, 10, 11, 13, 16, 19, 21, 23, 25, 27, 29, 30, 31, 33, 34, 37, 39, 40, 41, 42, 43, 45, 46, 47, 49, 50, 51, 52, 54, 56, 57, 58, 60, 62, 69, 70, 71, 72, 73, 74, 75, 77, 78, 80, 81, 82, 84, 86, 88, 89, 91, 92, 93, 95, 103, 104, 106, 107, 108, 110, 112, 114, 115, 118, 119, 121, 122, 123, 128, 129, 131, 132, 133, 135, 137, 139, 146, 148, 149, 151, 152, 153, 154, 155, 158, 159, 160, 161, 162, 164, 165, 166, 168, 169, 170, 171, 173, 175, 177, 178, 179, 181, 183, 192, 193, 196, 197, 200, 206, 209, 210, 213, 214, 216, 217, 219, 220, 221, 223, 225, 227, 228, 230, 231, 232, 234, 235, 237, 240, 241, 242, 243, 246, 247, 265, 266, 288, 289, 310, 311, 331, 332, 333, 335, 336, 337, 338, 340, 342, 344, 345, 346, 349, 350, 353, 361, 364, 371, 374, 375, 377, 379, 380, 381, 383], "excluded_lines": [], "functions": {"ConfigurationSchemaManager.__init__": {"executed_lines": [], "summary": {"covered_lines": 0, "num_statements": 1, "percent_covered": 0.0, "percent_covered_display": "0.00", "missing_lines": 1, "excluded_lines": 0}, "missing_lines": [21], "excluded_lines": []}, "ConfigurationSchemaManager.create_configuration_schema": {"executed_lines": [], "summary": {"covered_lines": 0, "num_statements": 24, "percent_covered": 0.0, "percent_covered_display": "0.00", "missing_lines": 24, "excluded_lines": 0}, "missing_lines": [25, 27, 29, 30, 31, 33, 34, 37, 39, 40, 41, 42, 43, 45, 46, 47, 49, 50, 51, 52, 54, 56, 57, 58], "excluded_lines": []}, "ConfigurationSchemaManager.verify_schema_exists": {"executed_lines": [], "summary": {"covered_lines": 0, "num_statements": 14, "percent_covered": 0.0, "percent_covered_display": "0.00", "missing_lines": 14, "excluded_lines": 0}, "missing_lines": [62, 69, 70, 71, 72, 73, 74, 75, 77, 78, 80, 81, 82, 84], "excluded_lines": []}, "ConfigurationSchemaManager.get_schema_version": {"executed_lines": [], "summary": {"covered_lines": 0, "num_statements": 12, "percent_covered": 0.0, "percent_covered_display": "0.00", "missing_lines": 12, "excluded_lines": 0}, "missing_lines": [88, 89, 91, 92, 93, 95, 103, 104, 106, 107, 108, 110], "excluded_lines": []}, "ConfigurationSchemaManager.initialize_default_data": {"executed_lines": [], "summary": {"covered_lines": 0, "num_statements": 13, "percent_covered": 0.0, "percent_covered_display": "0.00", "missing_lines": 13, "excluded_lines": 0}, "missing_lines": [114, 115, 118, 119, 121, 122, 123, 128, 129, 131, 132, 133, 135], "excluded_lines": []}, "ConfigurationSchemaManager.drop_configuration_schema": {"executed_lines": [], "summary": {"covered_lines": 0, "num_statements": 22, "percent_covered": 0.0, "percent_covered_display": "0.00", "missing_lines": 22, "excluded_lines": 0}, "missing_lines": [139, 146, 148, 149, 151, 152, 153, 154, 155, 158, 159, 160, 161, 162, 164, 165, 166, 168, 169, 170, 171, 173], "excluded_lines": []}, "ConfigurationSchemaManager.backup_configuration_data": {"executed_lines": [], "summary": {"covered_lines": 0, "num_statements": 21, "percent_covered": 0.0, "percent_covered_display": "0.00", "missing_lines": 21, "excluded_lines": 0}, "missing_lines": [177, 178, 179, 181, 183, 192, 193, 196, 197, 200, 206, 209, 210, 213, 214, 216, 217, 219, 220, 221, 223], "excluded_lines": []}, "ConfigurationSchemaManager.restore_configuration_data": {"executed_lines": [], "summary": {"covered_lines": 0, "num_statements": 28, "percent_covered": 0.0, "percent_covered_display": "0.00", "missing_lines": 28, "excluded_lines": 0}, "missing_lines": [227, 228, 230, 231, 232, 234, 235, 237, 240, 241, 242, 243, 246, 247, 265, 266, 288, 289, 310, 311, 331, 332, 333, 335, 336, 337, 338, 340], "excluded_lines": []}, "ConfigurationSchemaManager.get_configuration_statistics": {"executed_lines": [], "summary": {"covered_lines": 0, "num_statements": 16, "percent_covered": 0.0, "percent_covered_display": "0.00", "missing_lines": 16, "excluded_lines": 0}, "missing_lines": [344, 345, 346, 349, 350, 353, 361, 364, 371, 374, 375, 377, 379, 380, 381, 383], "excluded_lines": []}, "": {"executed_lines": [], "summary": {"covered_lines": 0, "num_statements": 15, "percent_covered": 0.0, "percent_covered_display": "0.00", "missing_lines": 15, "excluded_lines": 0}, "missing_lines": [8, 9, 10, 11, 13, 16, 19, 23, 60, 86, 112, 137, 175, 225, 342], "excluded_lines": []}}, "classes": {"ConfigurationSchemaManager": {"executed_lines": [], "summary": {"covered_lines": 0, "num_statements": 151, "percent_covered": 0.0, "percent_covered_display": "0.00", "missing_lines": 151, "excluded_lines": 0}, "missing_lines": [21, 25, 27, 29, 30, 31, 33, 34, 37, 39, 40, 41, 42, 43, 45, 46, 47, 49, 50, 51, 52, 54, 56, 57, 58, 62, 69, 70, 71, 72, 73, 74, 75, 77, 78, 80, 81, 82, 84, 88, 89, 91, 92, 93, 95, 103, 104, 106, 107, 108, 110, 114, 115, 118, 119, 121, 122, 123, 128, 129, 131, 132, 133, 135, 139, 146, 148, 149, 151, 152, 153, 154, 155, 158, 159, 160, 161, 162, 164, 165, 166, 168, 169, 170, 171, 173, 177, 178, 179, 181, 183, 192, 193, 196, 197, 200, 206, 209, 210, 213, 214, 216, 217, 219, 220, 221, 223, 227, 228, 230, 231, 232, 234, 235, 237, 240, 241, 242, 243, 246, 247, 265, 266, 288, 289, 310, 311, 331, 332, 333, 335, 336, 337, 338, 340, 344, 345, 346, 349, 350, 353, 361, 364, 371, 374, 375, 377, 379, 380, 381, 383], "excluded_lines": []}, "": {"executed_lines": [], "summary": {"covered_lines": 0, "num_statements": 15, "percent_covered": 0.0, "percent_covered_display": "0.00", "missing_lines": 15, "excluded_lines": 0}, "missing_lines": [8, 9, 10, 11, 13, 16, 19, 23, 60, 86, 112, 137, 175, 225, 342], "excluded_lines": []}}}, "src/data_organization/data_file_organizer.py": {"executed_lines": [], "summary": {"covered_lines": 0, "num_statements": 264, "percent_covered": 0.0, "percent_covered_display": "0.00", "missing_lines": 264, "excluded_lines": 14}, "missing_lines": [10, 12, 13, 14, 15, 16, 17, 18, 19, 20, 22, 27, 30, 31, 32, 33, 34, 35, 36, 42, 43, 46, 47, 48, 49, 50, 51, 52, 54, 56, 57, 59, 60, 61, 62, 63, 64, 66, 67, 69, 71, 73, 75, 86, 87, 90, 91, 92, 93, 94, 96, 98, 99, 101, 103, 106, 107, 110, 111, 112, 113, 114, 116, 118, 126, 128, 129, 130, 131, 132, 134, 135, 136, 137, 139, 142, 143, 146, 147, 148, 149, 152, 153, 156, 157, 158, 160, 162, 163, 169, 177, 178, 179, 180, 183, 212, 222, 223, 226, 227, 229, 230, 231, 232, 233, 234, 236, 237, 238, 241, 243, 252, 254, 256, 258, 259, 261, 271, 273, 274, 275, 276, 277, 279, 280, 282, 292, 294, 295, 298, 299, 300, 301, 304, 305, 308, 309, 310, 311, 312, 314, 315, 316, 319, 320, 321, 322, 324, 326, 328, 338, 339, 340, 342, 344, 345, 346, 349, 350, 351, 353, 354, 355, 357, 359, 367, 368, 369, 371, 379, 392, 393, 394, 396, 397, 399, 400, 401, 403, 405, 406, 408, 411, 412, 413, 414, 415, 417, 418, 421, 422, 424, 425, 427, 429, 437, 438, 439, 441, 445, 458, 461, 462, 463, 464, 465, 466, 467, 470, 471, 472, 475, 477, 496, 506, 509, 510, 511, 512, 513, 516, 517, 518, 519, 524, 526, 528, 539, 541, 542, 543, 545, 546, 548, 549, 551, 552, 555, 558, 559, 561, 562, 564, 571, 572, 576, 586, 587, 590, 591, 592, 593, 595, 601, 611, 614, 617, 620, 623, 626, 629, 632, 635, 637], "excluded_lines": [656, 658, 660, 661, 662, 663, 665, 666, 668, 669, 670, 671, 672, 673], "functions": {"DataFileInfo.calculate_content_hash": {"executed_lines": [], "summary": {"covered_lines": 0, "num_statements": 10, "percent_covered": 0.0, "percent_covered_display": "0.00", "missing_lines": 10, "excluded_lines": 0}, "missing_lines": [56, 57, 59, 60, 61, 62, 63, 64, 66, 67], "excluded_lines": []}, "DataFileInfo.is_valid_format": {"executed_lines": [], "summary": {"covered_lines": 0, "num_statements": 1, "percent_covered": 0.0, "percent_covered_display": "0.00", "missing_lines": 1, "excluded_lines": 0}, "missing_lines": [71], "excluded_lines": []}, "DataFileInfo.to_dict": {"executed_lines": [], "summary": {"covered_lines": 0, "num_statements": 1, "percent_covered": 0.0, "percent_covered_display": "0.00", "missing_lines": 1, "excluded_lines": 0}, "missing_lines": [75], "excluded_lines": []}, "ValidationResult.add_error": {"executed_lines": [], "summary": {"covered_lines": 0, "num_statements": 2, "percent_covered": 0.0, "percent_covered_display": "0.00", "missing_lines": 2, "excluded_lines": 0}, "missing_lines": [98, 99], "excluded_lines": []}, "ValidationResult.add_warning": {"executed_lines": [], "summary": {"covered_lines": 0, "num_statements": 1, "percent_covered": 0.0, "percent_covered_display": "0.00", "missing_lines": 1, "excluded_lines": 0}, "missing_lines": [103], "excluded_lines": []}, "OrganizationResult.to_dict": {"executed_lines": [], "summary": {"covered_lines": 0, "num_statements": 1, "percent_covered": 0.0, "percent_covered_display": "0.00", "missing_lines": 1, "excluded_lines": 0}, "missing_lines": [118], "excluded_lines": []}, "OrganizationResult.generate_report": {"executed_lines": [], "summary": {"covered_lines": 0, "num_statements": 10, "percent_covered": 0.0, "percent_covered_display": "0.00", "missing_lines": 10, "excluded_lines": 0}, "missing_lines": [128, 129, 130, 131, 132, 134, 135, 136, 137, 139], "excluded_lines": []}, "DuplicateGroup.__post_init__": {"executed_lines": [], "summary": {"covered_lines": 0, "num_statements": 2, "percent_covered": 0.0, "percent_covered_display": "0.00", "missing_lines": 2, "excluded_lines": 0}, "missing_lines": [162, 163], "excluded_lines": []}, "DataFileOrganizer.__init__": {"executed_lines": [], "summary": {"covered_lines": 0, "num_statements": 4, "percent_covered": 0.0, "percent_covered_display": "0.00", "missing_lines": 4, "excluded_lines": 0}, "missing_lines": [178, 179, 180, 183], "excluded_lines": []}, "DataFileOrganizer.discover_files": {"executed_lines": [], "summary": {"covered_lines": 0, "num_statements": 20, "percent_covered": 0.0, "percent_covered_display": "0.00", "missing_lines": 20, "excluded_lines": 0}, "missing_lines": [222, 223, 226, 227, 229, 230, 231, 232, 233, 234, 236, 237, 238, 241, 243, 252, 254, 256, 258, 259], "excluded_lines": []}, "DataFileOrganizer.categorize_files": {"executed_lines": [], "summary": {"covered_lines": 0, "num_statements": 8, "percent_covered": 0.0, "percent_covered_display": "0.00", "missing_lines": 8, "excluded_lines": 0}, "missing_lines": [271, 273, 274, 275, 276, 277, 279, 280], "excluded_lines": []}, "DataFileOrganizer.validate_files": {"executed_lines": [], "summary": {"covered_lines": 0, "num_statements": 23, "percent_covered": 0.0, "percent_covered_display": "0.00", "missing_lines": 23, "excluded_lines": 0}, "missing_lines": [292, 294, 295, 298, 299, 300, 301, 304, 305, 308, 309, 310, 311, 312, 314, 315, 316, 319, 320, 321, 322, 324, 326], "excluded_lines": []}, "DataFileOrganizer.create_organized_structure": {"executed_lines": [], "summary": {"covered_lines": 0, "num_statements": 19, "percent_covered": 0.0, "percent_covered_display": "0.00", "missing_lines": 19, "excluded_lines": 0}, "missing_lines": [338, 339, 340, 342, 344, 345, 346, 349, 350, 351, 353, 354, 355, 357, 359, 367, 368, 369, 371], "excluded_lines": []}, "DataFileOrganizer.move_files_to_organized_structure": {"executed_lines": [], "summary": {"covered_lines": 0, "num_statements": 29, "percent_covered": 0.0, "percent_covered_display": "0.00", "missing_lines": 29, "excluded_lines": 0}, "missing_lines": [392, 393, 394, 396, 397, 399, 400, 401, 403, 405, 406, 408, 411, 412, 413, 414, 415, 417, 418, 421, 422, 424, 425, 427, 429, 437, 438, 439, 441], "excluded_lines": []}, "DataFileOrganizer.generate_inventory_report": {"executed_lines": [], "summary": {"covered_lines": 0, "num_statements": 13, "percent_covered": 0.0, "percent_covered_display": "0.00", "missing_lines": 13, "excluded_lines": 0}, "missing_lines": [458, 461, 462, 463, 464, 465, 466, 467, 470, 471, 472, 475, 477], "excluded_lines": []}, "DataFileOrganizer.detect_duplicate_files": {"executed_lines": [], "summary": {"covered_lines": 0, "num_statements": 12, "percent_covered": 0.0, "percent_covered_display": "0.00", "missing_lines": 12, "excluded_lines": 0}, "missing_lines": [506, 509, 510, 511, 512, 513, 516, 517, 518, 519, 524, 526], "excluded_lines": []}, "DataFileOrganizer.create_backup": {"executed_lines": [], "summary": {"covered_lines": 0, "num_statements": 18, "percent_covered": 0.0, "percent_covered_display": "0.00", "missing_lines": 18, "excluded_lines": 0}, "missing_lines": [539, 541, 542, 543, 545, 546, 548, 549, 551, 552, 555, 558, 559, 561, 562, 564, 571, 572], "excluded_lines": []}, "DataFileOrganizer._categorize_file": {"executed_lines": [], "summary": {"covered_lines": 0, "num_statements": 7, "percent_covered": 0.0, "percent_covered_display": "0.00", "missing_lines": 7, "excluded_lines": 0}, "missing_lines": [586, 587, 590, 591, 592, 593, 595], "excluded_lines": []}, "organize_workspace_files": {"executed_lines": [], "summary": {"covered_lines": 0, "num_statements": 10, "percent_covered": 0.0, "percent_covered_display": "0.00", "missing_lines": 10, "excluded_lines": 0}, "missing_lines": [611, 614, 617, 620, 623, 626, 629, 632, 635, 637], "excluded_lines": []}, "": {"executed_lines": [], "summary": {"covered_lines": 0, "num_statements": 73, "percent_covered": 0.0, "percent_covered_display": "0.00", "missing_lines": 73, "excluded_lines": 14}, "missing_lines": [10, 12, 13, 14, 15, 16, 17, 18, 19, 20, 22, 27, 30, 31, 32, 33, 34, 35, 36, 42, 43, 46, 47, 48, 49, 50, 51, 52, 54, 69, 73, 86, 87, 90, 91, 92, 93, 94, 96, 101, 106, 107, 110, 111, 112, 113, 114, 116, 126, 142, 143, 146, 147, 148, 149, 152, 153, 156, 157, 158, 160, 169, 177, 212, 261, 282, 328, 379, 445, 496, 528, 576, 601], "excluded_lines": [656, 658, 660, 661, 662, 663, 665, 666, 668, 669, 670, 671, 672, 673]}}, "classes": {"FileCategory": {"executed_lines": [], "summary": {"covered_lines": 0, "num_statements": 0, "percent_covered": 100.0, "percent_covered_display": "100.00", "missing_lines": 0, "excluded_lines": 0}, "missing_lines": [], "excluded_lines": []}, "DataFileInfo": {"executed_lines": [], "summary": {"covered_lines": 0, "num_statements": 12, "percent_covered": 0.0, "percent_covered_display": "0.00", "missing_lines": 12, "excluded_lines": 0}, "missing_lines": [56, 57, 59, 60, 61, 62, 63, 64, 66, 67, 71, 75], "excluded_lines": []}, "ValidationResult": {"executed_lines": [], "summary": {"covered_lines": 0, "num_statements": 3, "percent_covered": 0.0, "percent_covered_display": "0.00", "missing_lines": 3, "excluded_lines": 0}, "missing_lines": [98, 99, 103], "excluded_lines": []}, "OrganizationResult": {"executed_lines": [], "summary": {"covered_lines": 0, "num_statements": 11, "percent_covered": 0.0, "percent_covered_display": "0.00", "missing_lines": 11, "excluded_lines": 0}, "missing_lines": [118, 128, 129, 130, 131, 132, 134, 135, 136, 137, 139], "excluded_lines": []}, "BackupResult": {"executed_lines": [], "summary": {"covered_lines": 0, "num_statements": 0, "percent_covered": 100.0, "percent_covered_display": "100.00", "missing_lines": 0, "excluded_lines": 0}, "missing_lines": [], "excluded_lines": []}, "DuplicateGroup": {"executed_lines": [], "summary": {"covered_lines": 0, "num_statements": 2, "percent_covered": 0.0, "percent_covered_display": "0.00", "missing_lines": 2, "excluded_lines": 0}, "missing_lines": [162, 163], "excluded_lines": []}, "DataFileOrganizer": {"executed_lines": [], "summary": {"covered_lines": 0, "num_statements": 153, "percent_covered": 0.0, "percent_covered_display": "0.00", "missing_lines": 153, "excluded_lines": 0}, "missing_lines": [178, 179, 180, 183, 222, 223, 226, 227, 229, 230, 231, 232, 233, 234, 236, 237, 238, 241, 243, 252, 254, 256, 258, 259, 271, 273, 274, 275, 276, 277, 279, 280, 292, 294, 295, 298, 299, 300, 301, 304, 305, 308, 309, 310, 311, 312, 314, 315, 316, 319, 320, 321, 322, 324, 326, 338, 339, 340, 342, 344, 345, 346, 349, 350, 351, 353, 354, 355, 357, 359, 367, 368, 369, 371, 392, 393, 394, 396, 397, 399, 400, 401, 403, 405, 406, 408, 411, 412, 413, 414, 415, 417, 418, 421, 422, 424, 425, 427, 429, 437, 438, 439, 441, 458, 461, 462, 463, 464, 465, 466, 467, 470, 471, 472, 475, 477, 506, 509, 510, 511, 512, 513, 516, 517, 518, 519, 524, 526, 539, 541, 542, 543, 545, 546, 548, 549, 551, 552, 555, 558, 559, 561, 562, 564, 571, 572, 586, 587, 590, 591, 592, 593, 595], "excluded_lines": []}, "": {"executed_lines": [], "summary": {"covered_lines": 0, "num_statements": 83, "percent_covered": 0.0, "percent_covered_display": "0.00", "missing_lines": 83, "excluded_lines": 14}, "missing_lines": [10, 12, 13, 14, 15, 16, 17, 18, 19, 20, 22, 27, 30, 31, 32, 33, 34, 35, 36, 42, 43, 46, 47, 48, 49, 50, 51, 52, 54, 69, 73, 86, 87, 90, 91, 92, 93, 94, 96, 101, 106, 107, 110, 111, 112, 113, 114, 116, 126, 142, 143, 146, 147, 148, 149, 152, 153, 156, 157, 158, 160, 169, 177, 212, 261, 282, 328, 379, 445, 496, 528, 576, 601, 611, 614, 617, 620, 623, 626, 629, 632, 635, 637], "excluded_lines": [656, 658, 660, 661, 662, 663, 665, 666, 668, 669, 670, 671, 672, 673]}}}, "src/data_organization/data_migrator.py": {"executed_lines": [], "summary": {"covered_lines": 0, "num_statements": 282, "percent_covered": 0.0, "percent_covered_display": "0.00", "missing_lines": 282, "excluded_lines": 0}, "missing_lines": [9, 10, 11, 12, 13, 14, 15, 16, 18, 19, 20, 23, 24, 27, 30, 33, 36, 39, 42, 45, 48, 51, 52, 55, 56, 57, 58, 59, 60, 61, 62, 64, 66, 77, 79, 80, 96, 97, 98, 100, 101, 102, 104, 105, 107, 110, 111, 114, 115, 116, 117, 118, 119, 121, 123, 124, 126, 128, 130, 132, 142, 151, 158, 159, 161, 172, 173, 174, 175, 176, 177, 179, 180, 181, 182, 185, 186, 188, 189, 190, 192, 194, 195, 197, 198, 199, 202, 205, 207, 208, 209, 211, 213, 214, 215, 216, 218, 219, 220, 222, 223, 225, 235, 246, 247, 248, 249, 250, 251, 253, 254, 255, 256, 259, 260, 262, 263, 264, 266, 268, 269, 271, 273, 274, 275, 278, 281, 283, 284, 285, 287, 289, 290, 291, 292, 294, 295, 296, 298, 299, 301, 311, 325, 327, 330, 333, 334, 339, 340, 343, 344, 345, 347, 348, 349, 352, 353, 354, 355, 358, 359, 361, 362, 367, 368, 370, 372, 373, 374, 375, 377, 387, 388, 389, 391, 393, 394, 396, 397, 398, 400, 402, 403, 405, 406, 407, 409, 411, 412, 413, 415, 416, 418, 419, 421, 432, 433, 434, 444, 455, 456, 457, 458, 460, 461, 462, 464, 465, 467, 468, 469, 471, 473, 474, 475, 477, 478, 480, 481, 483, 493, 494, 495, 505, 516, 570, 572, 574, 576, 577, 579, 580, 581, 584, 585, 587, 588, 590, 592, 594, 596, 598, 599, 600, 601, 602, 604, 605, 607, 609, 611, 614, 615, 617, 619, 621, 623, 625, 626, 628, 630, 634, 636, 638, 639, 641, 643, 644, 646, 647, 648, 649, 651, 653, 654, 656, 657, 659, 660, 662, 664, 665], "excluded_lines": [], "functions": {"MigrationResult.to_dict": {"executed_lines": [], "summary": {"covered_lines": 0, "num_statements": 1, "percent_covered": 0.0, "percent_covered_display": "0.00", "missing_lines": 1, "excluded_lines": 0}, "missing_lines": [66], "excluded_lines": []}, "MigrationResult.generate_report": {"executed_lines": [], "summary": {"covered_lines": 0, "num_statements": 11, "percent_covered": 0.0, "percent_covered_display": "0.00", "missing_lines": 11, "excluded_lines": 0}, "missing_lines": [79, 80, 96, 97, 98, 100, 101, 102, 104, 105, 107], "excluded_lines": []}, "ValidationResult.add_error": {"executed_lines": [], "summary": {"covered_lines": 0, "num_statements": 2, "percent_covered": 0.0, "percent_covered_display": "0.00", "missing_lines": 2, "excluded_lines": 0}, "missing_lines": [123, 124], "excluded_lines": []}, "ValidationResult.add_warning": {"executed_lines": [], "summary": {"covered_lines": 0, "num_statements": 1, "percent_covered": 0.0, "percent_covered_display": "0.00", "missing_lines": 1, "excluded_lines": 0}, "missing_lines": [128], "excluded_lines": []}, "ValidationResult.merge": {"executed_lines": [], "summary": {"covered_lines": 0, "num_statements": 1, "percent_covered": 0.0, "percent_covered_display": "0.00", "missing_lines": 1, "excluded_lines": 0}, "missing_lines": [132], "excluded_lines": []}, "DataMigrator.__init__": {"executed_lines": [], "summary": {"covered_lines": 0, "num_statements": 2, "percent_covered": 0.0, "percent_covered_display": "0.00", "missing_lines": 2, "excluded_lines": 0}, "missing_lines": [158, 159], "excluded_lines": []}, "DataMigrator.migrate_csv_files": {"executed_lines": [], "summary": {"covered_lines": 0, "num_statements": 37, "percent_covered": 0.0, "percent_covered_display": "0.00", "missing_lines": 37, "excluded_lines": 0}, "missing_lines": [172, 173, 174, 175, 176, 177, 179, 180, 181, 182, 185, 186, 188, 189, 190, 192, 194, 195, 197, 198, 199, 202, 205, 207, 208, 209, 211, 213, 214, 215, 216, 218, 219, 220, 222, 223, 225], "excluded_lines": []}, "DataMigrator.migrate_json_files": {"executed_lines": [], "summary": {"covered_lines": 0, "num_statements": 38, "percent_covered": 0.0, "percent_covered_display": "0.00", "missing_lines": 38, "excluded_lines": 0}, "missing_lines": [246, 247, 248, 249, 250, 251, 253, 254, 255, 256, 259, 260, 262, 263, 264, 266, 268, 269, 271, 273, 274, 275, 278, 281, 283, 284, 285, 287, 289, 290, 291, 292, 294, 295, 296, 298, 299, 301], "excluded_lines": []}, "DataMigrator.validate_migration": {"executed_lines": [], "summary": {"covered_lines": 0, "num_statements": 28, "percent_covered": 0.0, "percent_covered_display": "0.00", "missing_lines": 28, "excluded_lines": 0}, "missing_lines": [325, 327, 330, 333, 334, 339, 340, 343, 344, 345, 347, 348, 349, 352, 353, 354, 355, 358, 359, 361, 362, 367, 368, 370, 372, 373, 374, 375], "excluded_lines": []}, "DataMigrator.create_backup": {"executed_lines": [], "summary": {"covered_lines": 0, "num_statements": 27, "percent_covered": 0.0, "percent_covered_display": "0.00", "missing_lines": 27, "excluded_lines": 0}, "missing_lines": [387, 388, 389, 391, 393, 394, 396, 397, 398, 400, 402, 403, 405, 406, 407, 409, 411, 412, 413, 415, 416, 418, 419, 421, 432, 433, 434], "excluded_lines": []}, "DataMigrator.archive_migrated_files": {"executed_lines": [], "summary": {"covered_lines": 0, "num_statements": 24, "percent_covered": 0.0, "percent_covered_display": "0.00", "missing_lines": 24, "excluded_lines": 0}, "missing_lines": [455, 456, 457, 458, 460, 461, 462, 464, 465, 467, 468, 469, 471, 473, 474, 475, 477, 478, 480, 481, 483, 493, 494, 495], "excluded_lines": []}, "DataMigrator.get_table_mapping_for_file": {"executed_lines": [], "summary": {"covered_lines": 0, "num_statements": 2, "percent_covered": 0.0, "percent_covered_display": "0.00", "missing_lines": 2, "excluded_lines": 0}, "missing_lines": [516, 570], "excluded_lines": []}, "DataMigrator._validate_csv_structure": {"executed_lines": [], "summary": {"covered_lines": 0, "num_statements": 11, "percent_covered": 0.0, "percent_covered_display": "0.00", "missing_lines": 11, "excluded_lines": 0}, "missing_lines": [574, 576, 577, 579, 580, 581, 584, 585, 587, 588, 590], "excluded_lines": []}, "DataMigrator._validate_json_structure": {"executed_lines": [], "summary": {"covered_lines": 0, "num_statements": 10, "percent_covered": 0.0, "percent_covered_display": "0.00", "missing_lines": 10, "excluded_lines": 0}, "missing_lines": [594, 596, 598, 599, 600, 601, 602, 604, 605, 607], "excluded_lines": []}, "DataMigrator._transform_csv_data": {"executed_lines": [], "summary": {"covered_lines": 0, "num_statements": 4, "percent_covered": 0.0, "percent_covered_display": "0.00", "missing_lines": 4, "excluded_lines": 0}, "missing_lines": [611, 614, 615, 617], "excluded_lines": []}, "DataMigrator._transform_json_data": {"executed_lines": [], "summary": {"covered_lines": 0, "num_statements": 7, "percent_covered": 0.0, "percent_covered_display": "0.00", "missing_lines": 7, "excluded_lines": 0}, "missing_lines": [621, 623, 625, 626, 628, 630, 634], "excluded_lines": []}, "DataMigrator._insert_dataframe_to_table": {"executed_lines": [], "summary": {"covered_lines": 0, "num_statements": 9, "percent_covered": 0.0, "percent_covered_display": "0.00", "missing_lines": 9, "excluded_lines": 0}, "missing_lines": [638, 639, 641, 643, 644, 646, 647, 648, 649], "excluded_lines": []}, "DataMigrator._query_migrated_data": {"executed_lines": [], "summary": {"covered_lines": 0, "num_statements": 9, "percent_covered": 0.0, "percent_covered_display": "0.00", "missing_lines": 9, "excluded_lines": 0}, "missing_lines": [653, 654, 656, 657, 659, 660, 662, 664, 665], "excluded_lines": []}, "": {"executed_lines": [], "summary": {"covered_lines": 0, "num_statements": 58, "percent_covered": 0.0, "percent_covered_display": "0.00", "missing_lines": 58, "excluded_lines": 0}, "missing_lines": [9, 10, 11, 12, 13, 14, 15, 16, 18, 19, 20, 23, 24, 27, 30, 33, 36, 39, 42, 45, 48, 51, 52, 55, 56, 57, 58, 59, 60, 61, 62, 64, 77, 110, 111, 114, 115, 116, 117, 118, 119, 121, 126, 130, 142, 151, 161, 235, 311, 377, 444, 505, 572, 592, 609, 619, 636, 651], "excluded_lines": []}}, "classes": {"MigrationError": {"executed_lines": [], "summary": {"covered_lines": 0, "num_statements": 0, "percent_covered": 100.0, "percent_covered_display": "100.00", "missing_lines": 0, "excluded_lines": 0}, "missing_lines": [], "excluded_lines": []}, "DataIntegrityError": {"executed_lines": [], "summary": {"covered_lines": 0, "num_statements": 0, "percent_covered": 100.0, "percent_covered_display": "100.00", "missing_lines": 0, "excluded_lines": 0}, "missing_lines": [], "excluded_lines": []}, "SchemaValidationError": {"executed_lines": [], "summary": {"covered_lines": 0, "num_statements": 0, "percent_covered": 100.0, "percent_covered_display": "100.00", "missing_lines": 0, "excluded_lines": 0}, "missing_lines": [], "excluded_lines": []}, "FileAccessError": {"executed_lines": [], "summary": {"covered_lines": 0, "num_statements": 0, "percent_covered": 100.0, "percent_covered_display": "100.00", "missing_lines": 0, "excluded_lines": 0}, "missing_lines": [], "excluded_lines": []}, "MigrationResult": {"executed_lines": [], "summary": {"covered_lines": 0, "num_statements": 12, "percent_covered": 0.0, "percent_covered_display": "0.00", "missing_lines": 12, "excluded_lines": 0}, "missing_lines": [66, 79, 80, 96, 97, 98, 100, 101, 102, 104, 105, 107], "excluded_lines": []}, "ValidationResult": {"executed_lines": [], "summary": {"covered_lines": 0, "num_statements": 4, "percent_covered": 0.0, "percent_covered_display": "0.00", "missing_lines": 4, "excluded_lines": 0}, "missing_lines": [123, 124, 128, 132], "excluded_lines": []}, "DataMigrator": {"executed_lines": [], "summary": {"covered_lines": 0, "num_statements": 208, "percent_covered": 0.0, "percent_covered_display": "0.00", "missing_lines": 208, "excluded_lines": 0}, "missing_lines": [158, 159, 172, 173, 174, 175, 176, 177, 179, 180, 181, 182, 185, 186, 188, 189, 190, 192, 194, 195, 197, 198, 199, 202, 205, 207, 208, 209, 211, 213, 214, 215, 216, 218, 219, 220, 222, 223, 225, 246, 247, 248, 249, 250, 251, 253, 254, 255, 256, 259, 260, 262, 263, 264, 266, 268, 269, 271, 273, 274, 275, 278, 281, 283, 284, 285, 287, 289, 290, 291, 292, 294, 295, 296, 298, 299, 301, 325, 327, 330, 333, 334, 339, 340, 343, 344, 345, 347, 348, 349, 352, 353, 354, 355, 358, 359, 361, 362, 367, 368, 370, 372, 373, 374, 375, 387, 388, 389, 391, 393, 394, 396, 397, 398, 400, 402, 403, 405, 406, 407, 409, 411, 412, 413, 415, 416, 418, 419, 421, 432, 433, 434, 455, 456, 457, 458, 460, 461, 462, 464, 465, 467, 468, 469, 471, 473, 474, 475, 477, 478, 480, 481, 483, 493, 494, 495, 516, 570, 574, 576, 577, 579, 580, 581, 584, 585, 587, 588, 590, 594, 596, 598, 599, 600, 601, 602, 604, 605, 607, 611, 614, 615, 617, 621, 623, 625, 626, 628, 630, 634, 638, 639, 641, 643, 644, 646, 647, 648, 649, 653, 654, 656, 657, 659, 660, 662, 664, 665], "excluded_lines": []}, "": {"executed_lines": [], "summary": {"covered_lines": 0, "num_statements": 58, "percent_covered": 0.0, "percent_covered_display": "0.00", "missing_lines": 58, "excluded_lines": 0}, "missing_lines": [9, 10, 11, 12, 13, 14, 15, 16, 18, 19, 20, 23, 24, 27, 30, 33, 36, 39, 42, 45, 48, 51, 52, 55, 56, 57, 58, 59, 60, 61, 62, 64, 77, 110, 111, 114, 115, 116, 117, 118, 119, 121, 126, 130, 142, 151, 161, 235, 311, 377, 444, 505, 572, 592, 609, 619, 636, 651], "excluded_lines": []}}}, "src/data_organization/database_schema_manager.py": {"executed_lines": [], "summary": {"covered_lines": 0, "num_statements": 0, "percent_covered": 100.0, "percent_covered_display": "100.00", "missing_lines": 0, "excluded_lines": 0}, "missing_lines": [], "excluded_lines": [], "functions": {"": {"executed_lines": [], "summary": {"covered_lines": 0, "num_statements": 0, "percent_covered": 100.0, "percent_covered_display": "100.00", "missing_lines": 0, "excluded_lines": 0}, "missing_lines": [], "excluded_lines": []}}, "classes": {"": {"executed_lines": [], "summary": {"covered_lines": 0, "num_statements": 0, "percent_covered": 100.0, "percent_covered_display": "100.00", "missing_lines": 0, "excluded_lines": 0}, "missing_lines": [], "excluded_lines": []}}}, "src/data_organization/example_music_plugins.py": {"executed_lines": [], "summary": {"covered_lines": 0, "num_statements": 0, "percent_covered": 100.0, "percent_covered_display": "100.00", "missing_lines": 0, "excluded_lines": 0}, "missing_lines": [], "excluded_lines": [], "functions": {"": {"executed_lines": [], "summary": {"covered_lines": 0, "num_statements": 0, "percent_covered": 100.0, "percent_covered_display": "100.00", "missing_lines": 0, "excluded_lines": 0}, "missing_lines": [], "excluded_lines": []}}, "classes": {"": {"executed_lines": [], "summary": {"covered_lines": 0, "num_statements": 0, "percent_covered": 100.0, "percent_covered_display": "100.00", "missing_lines": 0, "excluded_lines": 0}, "missing_lines": [], "excluded_lines": []}}}, "src/data_organization/example_open_source_plugins.py": {"executed_lines": [], "summary": {"covered_lines": 0, "num_statements": 301, "percent_covered": 0.0, "percent_covered_display": "0.00", "missing_lines": 301, "excluded_lines": 0}, "missing_lines": [11, 12, 14, 16, 17, 19, 22, 32, 33, 35, 36, 38, 39, 62, 64, 67, 68, 69, 70, 71, 73, 76, 77, 78, 79, 81, 84, 85, 86, 88, 90, 92, 94, 96, 98, 99, 100, 101, 104, 105, 106, 107, 108, 110, 113, 114, 116, 117, 119, 120, 122, 130, 133, 136, 137, 140, 143, 144, 146, 147, 150, 151, 154, 155, 156, 159, 160, 162, 167, 168, 169, 170, 171, 172, 174, 176, 185, 187, 188, 190, 191, 192, 195, 206, 207, 209, 210, 212, 213, 237, 239, 242, 243, 244, 245, 246, 248, 251, 252, 253, 254, 255, 256, 258, 260, 262, 264, 266, 268, 269, 270, 271, 273, 274, 276, 277, 278, 279, 280, 283, 284, 293, 296, 297, 300, 301, 305, 308, 311, 318, 319, 320, 321, 322, 323, 325, 327, 337, 339, 340, 342, 343, 344, 346, 356, 357, 358, 359, 360, 361, 363, 366, 377, 378, 380, 381, 383, 384, 410, 412, 415, 416, 417, 418, 419, 421, 424, 425, 426, 427, 429, 432, 433, 434, 435, 436, 439, 441, 443, 445, 447, 449, 450, 451, 452, 453, 455, 456, 458, 461, 462, 464, 465, 467, 468, 470, 480, 483, 486, 489, 494, 495, 497, 500, 503, 504, 505, 507, 508, 511, 512, 513, 516, 523, 526, 527, 528, 529, 530, 531, 532, 533, 535, 537, 548, 550, 551, 553, 554, 555, 557, 565, 573, 574, 577, 588, 589, 591, 592, 594, 595, 625, 627, 630, 631, 632, 633, 634, 636, 639, 640, 641, 642, 643, 644, 646, 648, 650, 652, 654, 655, 657, 658, 660, 661, 662, 663, 664, 665, 668, 673, 674, 675, 676, 678, 681, 682, 685, 686, 688, 690, 693, 696, 697, 698, 699, 701, 703, 714, 717, 718, 720, 721, 723, 724, 725, 727, 734, 737, 740, 745], "excluded_lines": [], "functions": {"ViewVelocityPlugin.get_name": {"executed_lines": [], "summary": {"covered_lines": 0, "num_statements": 1, "percent_covered": 0.0, "percent_covered_display": "0.00", "missing_lines": 1, "excluded_lines": 0}, "missing_lines": [33], "excluded_lines": []}, "ViewVelocityPlugin.get_version": {"executed_lines": [], "summary": {"covered_lines": 0, "num_statements": 1, "percent_covered": 0.0, "percent_covered_display": "0.00", "missing_lines": 1, "excluded_lines": 0}, "missing_lines": [36], "excluded_lines": []}, "ViewVelocityPlugin.get_metadata": {"executed_lines": [], "summary": {"covered_lines": 0, "num_statements": 1, "percent_covered": 0.0, "percent_covered_display": "0.00", "missing_lines": 1, "excluded_lines": 0}, "missing_lines": [39], "excluded_lines": []}, "ViewVelocityPlugin.validate_input": {"executed_lines": [], "summary": {"covered_lines": 0, "num_statements": 17, "percent_covered": 0.0, "percent_covered_display": "0.00", "missing_lines": 17, "excluded_lines": 0}, "missing_lines": [64, 67, 68, 69, 70, 71, 73, 76, 77, 78, 79, 81, 84, 85, 86, 88, 90], "excluded_lines": []}, "ViewVelocityPlugin.calculate_scores": {"executed_lines": [], "summary": {"covered_lines": 0, "num_statements": 50, "percent_covered": 0.0, "percent_covered_display": "0.00", "missing_lines": 50, "excluded_lines": 0}, "missing_lines": [94, 96, 98, 99, 100, 101, 104, 105, 106, 107, 108, 110, 113, 114, 116, 117, 119, 120, 122, 130, 133, 136, 137, 140, 143, 144, 146, 147, 150, 151, 154, 155, 156, 159, 160, 162, 167, 168, 169, 170, 171, 172, 174, 176, 185, 187, 188, 190, 191, 192], "excluded_lines": []}, "EngagementQualityPlugin.get_name": {"executed_lines": [], "summary": {"covered_lines": 0, "num_statements": 1, "percent_covered": 0.0, "percent_covered_display": "0.00", "missing_lines": 1, "excluded_lines": 0}, "missing_lines": [207], "excluded_lines": []}, "EngagementQualityPlugin.get_version": {"executed_lines": [], "summary": {"covered_lines": 0, "num_statements": 1, "percent_covered": 0.0, "percent_covered_display": "0.00", "missing_lines": 1, "excluded_lines": 0}, "missing_lines": [210], "excluded_lines": []}, "EngagementQualityPlugin.get_metadata": {"executed_lines": [], "summary": {"covered_lines": 0, "num_statements": 1, "percent_covered": 0.0, "percent_covered_display": "0.00", "missing_lines": 1, "excluded_lines": 0}, "missing_lines": [213], "excluded_lines": []}, "EngagementQualityPlugin.validate_input": {"executed_lines": [], "summary": {"covered_lines": 0, "num_statements": 15, "percent_covered": 0.0, "percent_covered_display": "0.00", "missing_lines": 15, "excluded_lines": 0}, "missing_lines": [239, 242, 243, 244, 245, 246, 248, 251, 252, 253, 254, 255, 256, 258, 260], "excluded_lines": []}, "EngagementQualityPlugin.calculate_scores": {"executed_lines": [], "summary": {"covered_lines": 0, "num_statements": 37, "percent_covered": 0.0, "percent_covered_display": "0.00", "missing_lines": 37, "excluded_lines": 0}, "missing_lines": [264, 266, 268, 269, 270, 271, 273, 274, 276, 277, 278, 279, 280, 283, 284, 293, 296, 297, 300, 301, 305, 308, 311, 318, 319, 320, 321, 322, 323, 325, 327, 337, 339, 340, 342, 343, 344], "excluded_lines": []}, "EngagementQualityPlugin._estimate_sentiment_factor": {"executed_lines": [], "summary": {"covered_lines": 0, "num_statements": 7, "percent_covered": 0.0, "percent_covered_display": "0.00", "missing_lines": 7, "excluded_lines": 0}, "missing_lines": [356, 357, 358, 359, 360, 361, 363], "excluded_lines": []}, "CrossPlatformMomentumPlugin.get_name": {"executed_lines": [], "summary": {"covered_lines": 0, "num_statements": 1, "percent_covered": 0.0, "percent_covered_display": "0.00", "missing_lines": 1, "excluded_lines": 0}, "missing_lines": [378], "excluded_lines": []}, "CrossPlatformMomentumPlugin.get_version": {"executed_lines": [], "summary": {"covered_lines": 0, "num_statements": 1, "percent_covered": 0.0, "percent_covered_display": "0.00", "missing_lines": 1, "excluded_lines": 0}, "missing_lines": [381], "excluded_lines": []}, "CrossPlatformMomentumPlugin.get_metadata": {"executed_lines": [], "summary": {"covered_lines": 0, "num_statements": 1, "percent_covered": 0.0, "percent_covered_display": "0.00", "missing_lines": 1, "excluded_lines": 0}, "missing_lines": [384], "excluded_lines": []}, "CrossPlatformMomentumPlugin.validate_input": {"executed_lines": [], "summary": {"covered_lines": 0, "num_statements": 19, "percent_covered": 0.0, "percent_covered_display": "0.00", "missing_lines": 19, "excluded_lines": 0}, "missing_lines": [412, 415, 416, 417, 418, 419, 421, 424, 425, 426, 427, 429, 432, 433, 434, 435, 436, 439, 441], "excluded_lines": []}, "CrossPlatformMomentumPlugin.calculate_scores": {"executed_lines": [], "summary": {"covered_lines": 0, "num_statements": 51, "percent_covered": 0.0, "percent_covered_display": "0.00", "missing_lines": 51, "excluded_lines": 0}, "missing_lines": [445, 447, 449, 450, 451, 452, 453, 455, 456, 458, 461, 462, 464, 465, 467, 468, 470, 480, 483, 486, 489, 494, 495, 497, 500, 503, 504, 505, 507, 508, 511, 512, 513, 516, 523, 526, 527, 528, 529, 530, 531, 532, 533, 535, 537, 548, 550, 551, 553, 554, 555], "excluded_lines": []}, "CrossPlatformMomentumPlugin._normalize_by_platform": {"executed_lines": [], "summary": {"covered_lines": 0, "num_statements": 3, "percent_covered": 0.0, "percent_covered_display": "0.00", "missing_lines": 3, "excluded_lines": 0}, "missing_lines": [565, 573, 574], "excluded_lines": []}, "GenreSpecificScoringPlugin.get_name": {"executed_lines": [], "summary": {"covered_lines": 0, "num_statements": 1, "percent_covered": 0.0, "percent_covered_display": "0.00", "missing_lines": 1, "excluded_lines": 0}, "missing_lines": [589], "excluded_lines": []}, "GenreSpecificScoringPlugin.get_version": {"executed_lines": [], "summary": {"covered_lines": 0, "num_statements": 1, "percent_covered": 0.0, "percent_covered_display": "0.00", "missing_lines": 1, "excluded_lines": 0}, "missing_lines": [592], "excluded_lines": []}, "GenreSpecificScoringPlugin.get_metadata": {"executed_lines": [], "summary": {"covered_lines": 0, "num_statements": 1, "percent_covered": 0.0, "percent_covered_display": "0.00", "missing_lines": 1, "excluded_lines": 0}, "missing_lines": [595], "excluded_lines": []}, "GenreSpecificScoringPlugin.validate_input": {"executed_lines": [], "summary": {"covered_lines": 0, "num_statements": 14, "percent_covered": 0.0, "percent_covered_display": "0.00", "missing_lines": 14, "excluded_lines": 0}, "missing_lines": [627, 630, 631, 632, 633, 634, 636, 639, 640, 641, 642, 643, 644, 646], "excluded_lines": []}, "GenreSpecificScoringPlugin.calculate_scores": {"executed_lines": [], "summary": {"covered_lines": 0, "num_statements": 39, "percent_covered": 0.0, "percent_covered_display": "0.00", "missing_lines": 39, "excluded_lines": 0}, "missing_lines": [650, 652, 654, 655, 657, 658, 660, 661, 662, 663, 664, 665, 668, 673, 674, 675, 676, 678, 681, 682, 685, 686, 688, 690, 693, 696, 697, 698, 699, 701, 703, 714, 717, 718, 720, 721, 723, 724, 725], "excluded_lines": []}, "GenreSpecificScoringPlugin._apply_cross_genre_normalization": {"executed_lines": [], "summary": {"covered_lines": 0, "num_statements": 4, "percent_covered": 0.0, "percent_covered_display": "0.00", "missing_lines": 4, "excluded_lines": 0}, "missing_lines": [734, 737, 740, 745], "excluded_lines": []}, "": {"executed_lines": [], "summary": {"covered_lines": 0, "num_statements": 33, "percent_covered": 0.0, "percent_covered_display": "0.00", "missing_lines": 33, "excluded_lines": 0}, "missing_lines": [11, 12, 14, 16, 17, 19, 22, 32, 35, 38, 62, 92, 195, 206, 209, 212, 237, 262, 346, 366, 377, 380, 383, 410, 443, 557, 577, 588, 591, 594, 625, 648, 727], "excluded_lines": []}}, "classes": {"ViewVelocityPlugin": {"executed_lines": [], "summary": {"covered_lines": 0, "num_statements": 70, "percent_covered": 0.0, "percent_covered_display": "0.00", "missing_lines": 70, "excluded_lines": 0}, "missing_lines": [33, 36, 39, 64, 67, 68, 69, 70, 71, 73, 76, 77, 78, 79, 81, 84, 85, 86, 88, 90, 94, 96, 98, 99, 100, 101, 104, 105, 106, 107, 108, 110, 113, 114, 116, 117, 119, 120, 122, 130, 133, 136, 137, 140, 143, 144, 146, 147, 150, 151, 154, 155, 156, 159, 160, 162, 167, 168, 169, 170, 171, 172, 174, 176, 185, 187, 188, 190, 191, 192], "excluded_lines": []}, "EngagementQualityPlugin": {"executed_lines": [], "summary": {"covered_lines": 0, "num_statements": 62, "percent_covered": 0.0, "percent_covered_display": "0.00", "missing_lines": 62, "excluded_lines": 0}, "missing_lines": [207, 210, 213, 239, 242, 243, 244, 245, 246, 248, 251, 252, 253, 254, 255, 256, 258, 260, 264, 266, 268, 269, 270, 271, 273, 274, 276, 277, 278, 279, 280, 283, 284, 293, 296, 297, 300, 301, 305, 308, 311, 318, 319, 320, 321, 322, 323, 325, 327, 337, 339, 340, 342, 343, 344, 356, 357, 358, 359, 360, 361, 363], "excluded_lines": []}, "CrossPlatformMomentumPlugin": {"executed_lines": [], "summary": {"covered_lines": 0, "num_statements": 76, "percent_covered": 0.0, "percent_covered_display": "0.00", "missing_lines": 76, "excluded_lines": 0}, "missing_lines": [378, 381, 384, 412, 415, 416, 417, 418, 419, 421, 424, 425, 426, 427, 429, 432, 433, 434, 435, 436, 439, 441, 445, 447, 449, 450, 451, 452, 453, 455, 456, 458, 461, 462, 464, 465, 467, 468, 470, 480, 483, 486, 489, 494, 495, 497, 500, 503, 504, 505, 507, 508, 511, 512, 513, 516, 523, 526, 527, 528, 529, 530, 531, 532, 533, 535, 537, 548, 550, 551, 553, 554, 555, 565, 573, 574], "excluded_lines": []}, "GenreSpecificScoringPlugin": {"executed_lines": [], "summary": {"covered_lines": 0, "num_statements": 60, "percent_covered": 0.0, "percent_covered_display": "0.00", "missing_lines": 60, "excluded_lines": 0}, "missing_lines": [589, 592, 595, 627, 630, 631, 632, 633, 634, 636, 639, 640, 641, 642, 643, 644, 646, 650, 652, 654, 655, 657, 658, 660, 661, 662, 663, 664, 665, 668, 673, 674, 675, 676, 678, 681, 682, 685, 686, 688, 690, 693, 696, 697, 698, 699, 701, 703, 714, 717, 718, 720, 721, 723, 724, 725, 734, 737, 740, 745], "excluded_lines": []}, "": {"executed_lines": [], "summary": {"covered_lines": 0, "num_statements": 33, "percent_covered": 0.0, "percent_covered_display": "0.00", "missing_lines": 33, "excluded_lines": 0}, "missing_lines": [11, 12, 14, 16, 17, 19, 22, 32, 35, 38, 62, 92, 195, 206, 209, 212, 237, 262, 346, 366, 377, 380, 383, 410, 443, 557, 577, 588, 591, 594, 625, 648, 727], "excluded_lines": []}}}, "src/data_organization/example_plugins.py": {"executed_lines": [], "summary": {"covered_lines": 0, "num_statements": 144, "percent_covered": 0.0, "percent_covered_display": "0.00", "missing_lines": 144, "excluded_lines": 0}, "missing_lines": [3, 5, 6, 8, 11, 14, 15, 17, 18, 20, 21, 23, 24, 34, 35, 44, 46, 47, 49, 50, 51, 54, 55, 56, 57, 60, 61, 62, 63, 64, 65, 68, 69, 70, 71, 73, 81, 83, 85, 87, 89, 90, 93, 94, 97, 98, 99, 100, 103, 108, 109, 110, 111, 112, 113, 115, 118, 120, 131, 133, 135, 138, 139, 140, 141, 142, 143, 144, 146, 149, 150, 151, 152, 155, 156, 157, 158, 159, 160, 161, 163, 165, 168, 171, 172, 174, 175, 177, 178, 180, 181, 183, 185, 186, 188, 189, 191, 192, 193, 194, 197, 198, 199, 200, 201, 202, 204, 212, 214, 216, 218, 219, 220, 221, 224, 225, 228, 229, 232, 235, 236, 239, 241, 252, 255, 258, 259, 261, 262, 264, 265, 267, 269, 270, 272, 274, 276, 279, 280, 281, 282, 283, 285, 287], "excluded_lines": [], "functions": {"MomentumScoringPlugin.get_name": {"executed_lines": [], "summary": {"covered_lines": 0, "num_statements": 1, "percent_covered": 0.0, "percent_covered_display": "0.00", "missing_lines": 1, "excluded_lines": 0}, "missing_lines": [15], "excluded_lines": []}, "MomentumScoringPlugin.get_version": {"executed_lines": [], "summary": {"covered_lines": 0, "num_statements": 1, "percent_covered": 0.0, "percent_covered_display": "0.00", "missing_lines": 1, "excluded_lines": 0}, "missing_lines": [18], "excluded_lines": []}, "MomentumScoringPlugin.get_parameters": {"executed_lines": [], "summary": {"covered_lines": 0, "num_statements": 1, "percent_covered": 0.0, "percent_covered_display": "0.00", "missing_lines": 1, "excluded_lines": 0}, "missing_lines": [21], "excluded_lines": []}, "MomentumScoringPlugin.get_input_requirements": {"executed_lines": [], "summary": {"covered_lines": 0, "num_statements": 1, "percent_covered": 0.0, "percent_covered_display": "0.00", "missing_lines": 1, "excluded_lines": 0}, "missing_lines": [24], "excluded_lines": []}, "MomentumScoringPlugin.get_output_schema": {"executed_lines": [], "summary": {"covered_lines": 0, "num_statements": 1, "percent_covered": 0.0, "percent_covered_display": "0.00", "missing_lines": 1, "excluded_lines": 0}, "missing_lines": [35], "excluded_lines": []}, "MomentumScoringPlugin.validate_input": {"executed_lines": [], "summary": {"covered_lines": 0, "num_statements": 20, "percent_covered": 0.0, "percent_covered_display": "0.00", "missing_lines": 20, "excluded_lines": 0}, "missing_lines": [46, 47, 49, 50, 51, 54, 55, 56, 57, 60, 61, 62, 63, 64, 65, 68, 69, 70, 71, 73], "excluded_lines": []}, "MomentumScoringPlugin.calculate_scores": {"executed_lines": [], "summary": {"covered_lines": 0, "num_statements": 22, "percent_covered": 0.0, "percent_covered_display": "0.00", "missing_lines": 22, "excluded_lines": 0}, "missing_lines": [83, 85, 87, 89, 90, 93, 94, 97, 98, 99, 100, 103, 108, 109, 110, 111, 112, 113, 115, 118, 120, 131], "excluded_lines": []}, "MomentumScoringPlugin._calculate_confidence": {"executed_lines": [], "summary": {"covered_lines": 0, "num_statements": 22, "percent_covered": 0.0, "percent_covered_display": "0.00", "missing_lines": 22, "excluded_lines": 0}, "missing_lines": [135, 138, 139, 140, 141, 142, 143, 144, 146, 149, 150, 151, 152, 155, 156, 157, 158, 159, 160, 161, 163, 165], "excluded_lines": []}, "EngagementScoringPlugin.get_name": {"executed_lines": [], "summary": {"covered_lines": 0, "num_statements": 1, "percent_covered": 0.0, "percent_covered_display": "0.00", "missing_lines": 1, "excluded_lines": 0}, "missing_lines": [172], "excluded_lines": []}, "EngagementScoringPlugin.get_version": {"executed_lines": [], "summary": {"covered_lines": 0, "num_statements": 1, "percent_covered": 0.0, "percent_covered_display": "0.00", "missing_lines": 1, "excluded_lines": 0}, "missing_lines": [175], "excluded_lines": []}, "EngagementScoringPlugin.get_parameters": {"executed_lines": [], "summary": {"covered_lines": 0, "num_statements": 1, "percent_covered": 0.0, "percent_covered_display": "0.00", "missing_lines": 1, "excluded_lines": 0}, "missing_lines": [178], "excluded_lines": []}, "EngagementScoringPlugin.get_input_requirements": {"executed_lines": [], "summary": {"covered_lines": 0, "num_statements": 1, "percent_covered": 0.0, "percent_covered_display": "0.00", "missing_lines": 1, "excluded_lines": 0}, "missing_lines": [181], "excluded_lines": []}, "EngagementScoringPlugin.validate_input": {"executed_lines": [], "summary": {"covered_lines": 0, "num_statements": 15, "percent_covered": 0.0, "percent_covered_display": "0.00", "missing_lines": 15, "excluded_lines": 0}, "missing_lines": [185, 186, 188, 189, 191, 192, 193, 194, 197, 198, 199, 200, 201, 202, 204], "excluded_lines": []}, "EngagementScoringPlugin.calculate_scores": {"executed_lines": [], "summary": {"covered_lines": 0, "num_statements": 16, "percent_covered": 0.0, "percent_covered_display": "0.00", "missing_lines": 16, "excluded_lines": 0}, "missing_lines": [214, 216, 218, 219, 220, 221, 224, 225, 228, 229, 232, 235, 236, 239, 241, 252], "excluded_lines": []}, "SimpleTestPlugin.get_name": {"executed_lines": [], "summary": {"covered_lines": 0, "num_statements": 1, "percent_covered": 0.0, "percent_covered_display": "0.00", "missing_lines": 1, "excluded_lines": 0}, "missing_lines": [259], "excluded_lines": []}, "SimpleTestPlugin.get_version": {"executed_lines": [], "summary": {"covered_lines": 0, "num_statements": 1, "percent_covered": 0.0, "percent_covered_display": "0.00", "missing_lines": 1, "excluded_lines": 0}, "missing_lines": [262], "excluded_lines": []}, "SimpleTestPlugin.get_parameters": {"executed_lines": [], "summary": {"covered_lines": 0, "num_statements": 1, "percent_covered": 0.0, "percent_covered_display": "0.00", "missing_lines": 1, "excluded_lines": 0}, "missing_lines": [265], "excluded_lines": []}, "SimpleTestPlugin.validate_input": {"executed_lines": [], "summary": {"covered_lines": 0, "num_statements": 3, "percent_covered": 0.0, "percent_covered_display": "0.00", "missing_lines": 3, "excluded_lines": 0}, "missing_lines": [269, 270, 272], "excluded_lines": []}, "SimpleTestPlugin.calculate_scores": {"executed_lines": [], "summary": {"covered_lines": 0, "num_statements": 8, "percent_covered": 0.0, "percent_covered_display": "0.00", "missing_lines": 8, "excluded_lines": 0}, "missing_lines": [276, 279, 280, 281, 282, 283, 285, 287], "excluded_lines": []}, "": {"executed_lines": [], "summary": {"covered_lines": 0, "num_statements": 26, "percent_covered": 0.0, "percent_covered_display": "0.00", "missing_lines": 26, "excluded_lines": 0}, "missing_lines": [3, 5, 6, 8, 11, 14, 17, 20, 23, 34, 44, 81, 133, 168, 171, 174, 177, 180, 183, 212, 255, 258, 261, 264, 267, 274], "excluded_lines": []}}, "classes": {"MomentumScoringPlugin": {"executed_lines": [], "summary": {"covered_lines": 0, "num_statements": 69, "percent_covered": 0.0, "percent_covered_display": "0.00", "missing_lines": 69, "excluded_lines": 0}, "missing_lines": [15, 18, 21, 24, 35, 46, 47, 49, 50, 51, 54, 55, 56, 57, 60, 61, 62, 63, 64, 65, 68, 69, 70, 71, 73, 83, 85, 87, 89, 90, 93, 94, 97, 98, 99, 100, 103, 108, 109, 110, 111, 112, 113, 115, 118, 120, 131, 135, 138, 139, 140, 141, 142, 143, 144, 146, 149, 150, 151, 152, 155, 156, 157, 158, 159, 160, 161, 163, 165], "excluded_lines": []}, "EngagementScoringPlugin": {"executed_lines": [], "summary": {"covered_lines": 0, "num_statements": 35, "percent_covered": 0.0, "percent_covered_display": "0.00", "missing_lines": 35, "excluded_lines": 0}, "missing_lines": [172, 175, 178, 181, 185, 186, 188, 189, 191, 192, 193, 194, 197, 198, 199, 200, 201, 202, 204, 214, 216, 218, 219, 220, 221, 224, 225, 228, 229, 232, 235, 236, 239, 241, 252], "excluded_lines": []}, "SimpleTestPlugin": {"executed_lines": [], "summary": {"covered_lines": 0, "num_statements": 14, "percent_covered": 0.0, "percent_covered_display": "0.00", "missing_lines": 14, "excluded_lines": 0}, "missing_lines": [259, 262, 265, 269, 270, 272, 276, 279, 280, 281, 282, 283, 285, 287], "excluded_lines": []}, "": {"executed_lines": [], "summary": {"covered_lines": 0, "num_statements": 26, "percent_covered": 0.0, "percent_covered_display": "0.00", "missing_lines": 26, "excluded_lines": 0}, "missing_lines": [3, 5, 6, 8, 11, 14, 17, 20, 23, 34, 44, 81, 133, 168, 171, 174, 177, 180, 183, 212, 255, 258, 261, 264, 267, 274], "excluded_lines": []}}}, "src/data_organization/notebook_validator.py": {"executed_lines": [], "summary": {"covered_lines": 0, "num_statements": 238, "percent_covered": 0.0, "percent_covered_display": "0.00", "missing_lines": 238, "excluded_lines": 0}, "missing_lines": [15, 16, 17, 18, 19, 21, 22, 25, 28, 31, 34, 37, 40, 43, 46, 47, 60, 61, 62, 63, 64, 65, 67, 69, 70, 72, 74, 76, 79, 82, 83, 85, 86, 88, 90, 93, 94, 96, 97, 99, 101, 103, 112, 114, 124, 132, 144, 146, 147, 148, 149, 151, 152, 154, 156, 163, 165, 176, 178, 179, 180, 181, 183, 186, 187, 189, 191, 196, 198, 201, 208, 209, 211, 212, 213, 215, 217, 228, 230, 232, 233, 234, 235, 237, 238, 240, 241, 243, 245, 247, 249, 260, 263, 271, 273, 274, 278, 279, 284, 286, 288, 291, 299, 301, 337, 347, 348, 350, 356, 366, 367, 368, 370, 376, 386, 387, 389, 395, 406, 407, 408, 410, 413, 415, 425, 427, 428, 429, 430, 435, 437, 439, 441, 442, 443, 446, 449, 457, 459, 460, 462, 473, 475, 477, 479, 480, 481, 482, 485, 486, 488, 489, 490, 491, 493, 494, 495, 496, 498, 499, 500, 501, 503, 504, 506, 507, 509, 511, 513, 515, 518, 519, 520, 523, 524, 525, 528, 529, 530, 532, 534, 544, 546, 547, 548, 551, 552, 553, 554, 556, 559, 560, 561, 562, 564, 565, 567, 573, 575, 585, 587, 597, 599, 600, 602, 603, 604, 607, 608, 611, 612, 613, 615, 616, 619, 620, 621, 623, 624, 626, 632, 633, 634, 635, 637, 639, 641, 644, 645, 646, 647, 650, 651, 652, 653, 655, 656, 658], "excluded_lines": [], "functions": {"ValidationResult.add_error": {"executed_lines": [], "summary": {"covered_lines": 0, "num_statements": 2, "percent_covered": 0.0, "percent_covered_display": "0.00", "missing_lines": 2, "excluded_lines": 0}, "missing_lines": [69, 70], "excluded_lines": []}, "ValidationResult.add_warning": {"executed_lines": [], "summary": {"covered_lines": 0, "num_statements": 1, "percent_covered": 0.0, "percent_covered_display": "0.00", "missing_lines": 1, "excluded_lines": 0}, "missing_lines": [74], "excluded_lines": []}, "ValidationResult.merge": {"executed_lines": [], "summary": {"covered_lines": 0, "num_statements": 14, "percent_covered": 0.0, "percent_covered_display": "0.00", "missing_lines": 14, "excluded_lines": 0}, "missing_lines": [79, 82, 83, 85, 86, 88, 90, 93, 94, 96, 97, 99, 101, 103], "excluded_lines": []}, "ValidationResult.to_dict": {"executed_lines": [], "summary": {"covered_lines": 0, "num_statements": 1, "percent_covered": 0.0, "percent_covered_display": "0.00", "missing_lines": 1, "excluded_lines": 0}, "missing_lines": [114], "excluded_lines": []}, "OutputValidator.validate_score_range": {"executed_lines": [], "summary": {"covered_lines": 0, "num_statements": 10, "percent_covered": 0.0, "percent_covered_display": "0.00", "missing_lines": 10, "excluded_lines": 0}, "missing_lines": [144, 146, 147, 148, 149, 151, 152, 154, 156, 163], "excluded_lines": []}, "OutputValidator.validate_data_types": {"executed_lines": [], "summary": {"covered_lines": 0, "num_statements": 11, "percent_covered": 0.0, "percent_covered_display": "0.00", "missing_lines": 11, "excluded_lines": 0}, "missing_lines": [176, 178, 179, 180, 181, 183, 186, 187, 189, 191, 196], "excluded_lines": []}, "OutputValidator._types_compatible": {"executed_lines": [], "summary": {"covered_lines": 0, "num_statements": 7, "percent_covered": 0.0, "percent_covered_display": "0.00", "missing_lines": 7, "excluded_lines": 0}, "missing_lines": [201, 208, 209, 211, 212, 213, 215], "excluded_lines": []}, "OutputValidator.check_missing_values": {"executed_lines": [], "summary": {"covered_lines": 0, "num_statements": 13, "percent_covered": 0.0, "percent_covered_display": "0.00", "missing_lines": 13, "excluded_lines": 0}, "missing_lines": [228, 230, 232, 233, 234, 235, 237, 238, 240, 241, 243, 245, 247], "excluded_lines": []}, "OutputValidator.validate_chart_requirements": {"executed_lines": [], "summary": {"covered_lines": 0, "num_statements": 10, "percent_covered": 0.0, "percent_covered_display": "0.00", "missing_lines": 10, "excluded_lines": 0}, "missing_lines": [260, 263, 271, 273, 274, 278, 279, 284, 286, 288], "excluded_lines": []}, "MetricExplainer.__init__": {"executed_lines": [], "summary": {"covered_lines": 0, "num_statements": 1, "percent_covered": 0.0, "percent_covered_display": "0.00", "missing_lines": 1, "excluded_lines": 0}, "missing_lines": [301], "excluded_lines": []}, "MetricExplainer.explain_momentum_score": {"executed_lines": [], "summary": {"covered_lines": 0, "num_statements": 3, "percent_covered": 0.0, "percent_covered_display": "0.00", "missing_lines": 3, "excluded_lines": 0}, "missing_lines": [347, 348, 350], "excluded_lines": []}, "MetricExplainer.explain_engagement_rate": {"executed_lines": [], "summary": {"covered_lines": 0, "num_statements": 4, "percent_covered": 0.0, "percent_covered_display": "0.00", "missing_lines": 4, "excluded_lines": 0}, "missing_lines": [366, 367, 368, 370], "excluded_lines": []}, "MetricExplainer.explain_growth_potential": {"executed_lines": [], "summary": {"covered_lines": 0, "num_statements": 3, "percent_covered": 0.0, "percent_covered_display": "0.00", "missing_lines": 3, "excluded_lines": 0}, "missing_lines": [386, 387, 389], "excluded_lines": []}, "MetricExplainer.generate_tooltip_text": {"executed_lines": [], "summary": {"covered_lines": 0, "num_statements": 5, "percent_covered": 0.0, "percent_covered_display": "0.00", "missing_lines": 5, "excluded_lines": 0}, "missing_lines": [406, 407, 408, 410, 413], "excluded_lines": []}, "MetricExplainer.create_legend_definitions": {"executed_lines": [], "summary": {"covered_lines": 0, "num_statements": 7, "percent_covered": 0.0, "percent_covered_display": "0.00", "missing_lines": 7, "excluded_lines": 0}, "missing_lines": [425, 427, 428, 429, 430, 435, 437], "excluded_lines": []}, "MetricExplainer._get_interpretation": {"executed_lines": [], "summary": {"covered_lines": 0, "num_statements": 4, "percent_covered": 0.0, "percent_covered_display": "0.00", "missing_lines": 4, "excluded_lines": 0}, "missing_lines": [441, 442, 443, 446], "excluded_lines": []}, "NotebookValidator.__init__": {"executed_lines": [], "summary": {"covered_lines": 0, "num_statements": 2, "percent_covered": 0.0, "percent_covered_display": "0.00", "missing_lines": 2, "excluded_lines": 0}, "missing_lines": [459, 460], "excluded_lines": []}, "NotebookValidator.validate_cell_output": {"executed_lines": [], "summary": {"covered_lines": 0, "num_statements": 27, "percent_covered": 0.0, "percent_covered_display": "0.00", "missing_lines": 27, "excluded_lines": 0}, "missing_lines": [473, 475, 477, 479, 480, 481, 482, 485, 486, 488, 489, 490, 491, 493, 494, 495, 496, 498, 499, 500, 501, 503, 504, 506, 507, 509, 511], "excluded_lines": []}, "NotebookValidator._validate_dataframe_schema": {"executed_lines": [], "summary": {"covered_lines": 0, "num_statements": 11, "percent_covered": 0.0, "percent_covered_display": "0.00", "missing_lines": 11, "excluded_lines": 0}, "missing_lines": [515, 518, 519, 520, 523, 524, 525, 528, 529, 530, 532], "excluded_lines": []}, "NotebookValidator.validate_chart_data": {"executed_lines": [], "summary": {"covered_lines": 0, "num_statements": 17, "percent_covered": 0.0, "percent_covered_display": "0.00", "missing_lines": 17, "excluded_lines": 0}, "missing_lines": [544, 546, 547, 548, 551, 552, 553, 554, 556, 559, 560, 561, 562, 564, 565, 567, 573], "excluded_lines": []}, "NotebookValidator.generate_metric_explanations": {"executed_lines": [], "summary": {"covered_lines": 0, "num_statements": 1, "percent_covered": 0.0, "percent_covered_display": "0.00", "missing_lines": 1, "excluded_lines": 0}, "missing_lines": [585], "excluded_lines": []}, "NotebookValidator.create_validation_report": {"executed_lines": [], "summary": {"covered_lines": 0, "num_statements": 24, "percent_covered": 0.0, "percent_covered_display": "0.00", "missing_lines": 24, "excluded_lines": 0}, "missing_lines": [597, 599, 600, 602, 603, 604, 607, 608, 611, 612, 613, 615, 616, 619, 620, 621, 623, 624, 626, 632, 633, 634, 635, 637], "excluded_lines": []}, "NotebookValidator._validate_cell_structure": {"executed_lines": [], "summary": {"covered_lines": 0, "num_statements": 12, "percent_covered": 0.0, "percent_covered_display": "0.00", "missing_lines": 12, "excluded_lines": 0}, "missing_lines": [641, 644, 645, 646, 647, 650, 651, 652, 653, 655, 656, 658], "excluded_lines": []}, "": {"executed_lines": [], "summary": {"covered_lines": 0, "num_statements": 48, "percent_covered": 0.0, "percent_covered_display": "0.00", "missing_lines": 48, "excluded_lines": 0}, "missing_lines": [15, 16, 17, 18, 19, 21, 22, 25, 28, 31, 34, 37, 40, 43, 46, 47, 60, 61, 62, 63, 64, 65, 67, 72, 76, 112, 124, 132, 165, 198, 217, 249, 291, 299, 337, 356, 376, 395, 415, 439, 449, 457, 462, 513, 534, 575, 587, 639], "excluded_lines": []}}, "classes": {"ValidationError": {"executed_lines": [], "summary": {"covered_lines": 0, "num_statements": 0, "percent_covered": 100.0, "percent_covered_display": "100.00", "missing_lines": 0, "excluded_lines": 0}, "missing_lines": [], "excluded_lines": []}, "SchemaValidationError": {"executed_lines": [], "summary": {"covered_lines": 0, "num_statements": 0, "percent_covered": 100.0, "percent_covered_display": "100.00", "missing_lines": 0, "excluded_lines": 0}, "missing_lines": [], "excluded_lines": []}, "OutputValidationError": {"executed_lines": [], "summary": {"covered_lines": 0, "num_statements": 0, "percent_covered": 100.0, "percent_covered_display": "100.00", "missing_lines": 0, "excluded_lines": 0}, "missing_lines": [], "excluded_lines": []}, "ValidationResult": {"executed_lines": [], "summary": {"covered_lines": 0, "num_statements": 18, "percent_covered": 0.0, "percent_covered_display": "0.00", "missing_lines": 18, "excluded_lines": 0}, "missing_lines": [69, 70, 74, 79, 82, 83, 85, 86, 88, 90, 93, 94, 96, 97, 99, 101, 103, 114], "excluded_lines": []}, "OutputValidator": {"executed_lines": [], "summary": {"covered_lines": 0, "num_statements": 51, "percent_covered": 0.0, "percent_covered_display": "0.00", "missing_lines": 51, "excluded_lines": 0}, "missing_lines": [144, 146, 147, 148, 149, 151, 152, 154, 156, 163, 176, 178, 179, 180, 181, 183, 186, 187, 189, 191, 196, 201, 208, 209, 211, 212, 213, 215, 228, 230, 232, 233, 234, 235, 237, 238, 240, 241, 243, 245, 247, 260, 263, 271, 273, 274, 278, 279, 284, 286, 288], "excluded_lines": []}, "MetricExplainer": {"executed_lines": [], "summary": {"covered_lines": 0, "num_statements": 27, "percent_covered": 0.0, "percent_covered_display": "0.00", "missing_lines": 27, "excluded_lines": 0}, "missing_lines": [301, 347, 348, 350, 366, 367, 368, 370, 386, 387, 389, 406, 407, 408, 410, 413, 425, 427, 428, 429, 430, 435, 437, 441, 442, 443, 446], "excluded_lines": []}, "NotebookValidator": {"executed_lines": [], "summary": {"covered_lines": 0, "num_statements": 94, "percent_covered": 0.0, "percent_covered_display": "0.00", "missing_lines": 94, "excluded_lines": 0}, "missing_lines": [459, 460, 473, 475, 477, 479, 480, 481, 482, 485, 486, 488, 489, 490, 491, 493, 494, 495, 496, 498, 499, 500, 501, 503, 504, 506, 507, 509, 511, 515, 518, 519, 520, 523, 524, 525, 528, 529, 530, 532, 544, 546, 547, 548, 551, 552, 553, 554, 556, 559, 560, 561, 562, 564, 565, 567, 573, 585, 597, 599, 600, 602, 603, 604, 607, 608, 611, 612, 613, 615, 616, 619, 620, 621, 623, 624, 626, 632, 633, 634, 635, 637, 641, 644, 645, 646, 647, 650, 651, 652, 653, 655, 656, 658], "excluded_lines": []}, "": {"executed_lines": [], "summary": {"covered_lines": 0, "num_statements": 48, "percent_covered": 0.0, "percent_covered_display": "0.00", "missing_lines": 48, "excluded_lines": 0}, "missing_lines": [15, 16, 17, 18, 19, 21, 22, 25, 28, 31, 34, 37, 40, 43, 46, 47, 60, 61, 62, 63, 64, 65, 67, 72, 76, 112, 124, 132, 165, 198, 217, 249, 291, 299, 337, 356, 376, 395, 415, 439, 449, 457, 462, 513, 534, 575, 587, 639], "excluded_lines": []}}}, "src/data_organization/open_source_notebook_validator.py": {"executed_lines": [], "summary": {"covered_lines": 0, "num_statements": 0, "percent_covered": 100.0, "percent_covered_display": "100.00", "missing_lines": 0, "excluded_lines": 0}, "missing_lines": [], "excluded_lines": [], "functions": {"": {"executed_lines": [], "summary": {"covered_lines": 0, "num_statements": 0, "percent_covered": 100.0, "percent_covered_display": "100.00", "missing_lines": 0, "excluded_lines": 0}, "missing_lines": [], "excluded_lines": []}}, "classes": {"": {"executed_lines": [], "summary": {"covered_lines": 0, "num_statements": 0, "percent_covered": 100.0, "percent_covered_display": "100.00", "missing_lines": 0, "excluded_lines": 0}, "missing_lines": [], "excluded_lines": []}}}, "src/data_organization/open_source_plugin_framework.py": {"executed_lines": [], "summary": {"covered_lines": 0, "num_statements": 292, "percent_covered": 0.0, "percent_covered_display": "0.00", "missing_lines": 292, "excluded_lines": 56}, "missing_lines": [12, 13, 14, 15, 16, 17, 18, 19, 21, 23, 26, 29, 32, 35, 38, 41, 44, 47, 48, 56, 57, 58, 59, 60, 61, 62, 63, 64, 65, 66, 68, 75, 78, 85, 86, 87, 88, 90, 93, 94, 95, 96, 97, 99, 102, 103, 104, 105, 107, 110, 111, 112, 114, 117, 118, 119, 121, 123, 125, 127, 141, 142, 144, 159, 176, 178, 179, 242, 249, 250, 252, 254, 256, 265, 266, 267, 269, 270, 271, 272, 273, 274, 276, 278, 280, 287, 289, 291, 298, 300, 310, 318, 320, 322, 332, 337, 338, 339, 342, 343, 344, 345, 346, 348, 350, 352, 362, 364, 375, 379, 380, 381, 383, 386, 387, 389, 391, 402, 406, 407, 408, 410, 411, 412, 414, 416, 418, 420, 427, 428, 430, 431, 432, 434, 437, 445, 447, 470, 486, 496, 498, 500, 503, 504, 505, 506, 508, 511, 512, 513, 514, 516, 519, 520, 521, 522, 523, 525, 527, 528, 530, 532, 534, 536, 537, 538, 539, 540, 541, 542, 543, 545, 547, 549, 551, 552, 553, 554, 555, 557, 559, 561, 562, 563, 564, 565, 566, 568, 578, 580, 582, 583, 584, 586, 587, 589, 591, 592, 594, 596, 606, 608, 616, 617, 618, 620, 622, 625, 633, 635, 636, 637, 638, 640, 650, 652, 654, 655, 657, 658, 661, 662, 663, 665, 666, 669, 670, 671, 672, 675, 676, 678, 679, 681, 683, 684, 686, 688, 698, 700, 707, 709, 719, 720, 721, 722, 723, 724, 726, 733, 735, 736, 737, 738, 740, 742, 753, 755, 756, 759, 760, 761, 762, 765, 766, 767, 769, 770, 772, 774, 781, 787, 788, 790, 792, 802, 804, 805, 806, 810, 812, 813, 814, 815, 816, 817, 818, 819, 821, 823, 824, 826], "excluded_lines": [181, 182, 183, 184, 185, 186, 187, 188, 189, 191, 192, 193, 194, 195, 196, 197, 198, 199, 201, 202, 203, 204, 205, 206, 207, 208, 209, 211, 212, 213, 214, 215, 216, 217, 218, 219, 220, 221, 222, 223, 224, 225, 226, 227, 229, 230, 231, 232, 233, 234, 235, 236, 237, 238, 239, 240], "functions": {"PluginMetadata.validate": {"executed_lines": [], "summary": {"covered_lines": 0, "num_statements": 27, "percent_covered": 0.0, "percent_covered_display": "0.00", "missing_lines": 27, "excluded_lines": 0}, "missing_lines": [75, 78, 85, 86, 87, 88, 90, 93, 94, 95, 96, 97, 99, 102, 103, 104, 105, 107, 110, 111, 112, 114, 117, 118, 119, 121, 123], "excluded_lines": []}, "Plug
[...]
 "missing_lines": 51, "excluded_lines": 26}, "missing_lines": [61, 62, 63, 64, 65, 66, 67, 69, 70, 71, 72, 73, 76, 78, 79, 82, 84, 93, 96, 109, 114, 146, 162, 163, 164, 165, 166, 169, 182, 206, 210, 214, 218, 221, 427, 573, 580, 757, 972, 1048, 1082, 1116, 1167, 1218, 1248, 1270, 1284, 1321, 1395, 1457, 1512], "excluded_lines": [1854, 1855, 1858, 1859, 1865, 1871, 1877, 1883, 1889, 1890, 1895, 1896, 1903, 1906, 1907, 1908, 1911, 1912, 1913, 1914, 1917, 1928, 1929, 1930, 1932, 1933]}}, "classes": {"": {"executed_lines": [], "summary": {"covered_lines": 0, "num_statements": 704, "percent_covered": 0.0, "percent_covered_display": "0.00", "missing_lines": 704, "excluded_lines": 27}, "missing_lines": [61, 62, 63, 64, 65, 66, 67, 69, 70, 71, 72, 73, 76, 78, 79, 82, 84, 93, 96, 109, 111, 114, 122, 123, 126, 127, 128, 131, 132, 135, 137, 140, 141, 143, 146, 151, 152, 153, 154, 156, 157, 158, 162, 163, 164, 165, 166, 169, 179, 182, 196, 197, 198, 199, 200, 201, 202, 206, 210, 214, 218, 221, 254, 255, 256, 257, 258, 259, 262, 265, 266, 267, 268, 270, 273, 274, 276, 278, 280, 283, 284, 287, 288, 291, 294, 295, 298, 299, 302, 303, 304, 305, 306, 307, 309, 310, 312, 315, 317, 318, 319, 320, 324, 325, 327, 328, 329, 332, 335, 336, 339, 342, 343, 346, 358, 361, 362, 365, 366, 368, 374, 375, 376, 377, 380, 381, 383, 384, 386, 387, 388, 390, 391, 394, 395, 396, 399, 400, 401, 402, 405, 411, 412, 413, 415, 416, 417, 418, 420, 421, 427, 450, 451, 454, 455, 456, 459, 460, 461, 464, 465, 466, 467, 468, 469, 470, 471, 474, 475, 476, 477, 478, 480, 482, 485, 487, 490, 491, 492, 494, 497, 498, 501, 503, 504, 507, 508, 510, 511, 512, 517, 522, 523, 525, 526, 529, 530, 531, 533, 534, 535, 536, 539, 540, 541, 542, 545, 546, 547, 548, 549, 550, 551, 554, 556, 558, 559, 562, 563, 564, 565, 566, 567, 569, 570, 573, 575, 577, 580, 617, 620, 621, 623, 633, 634, 637, 638, 645, 654, 661, 662, 665, 668, 669, 672, 673, 676, 677, 679, 680, 683, 684, 685, 688, 689, 690, 691, 692, 693, 694, 697, 700, 701, 702, 703, 706, 707, 708, 710, 711, 714, 716, 717, 719, 720, 723, 724, 725, 726, 727, 728, 731, 732, 733, 734, 735, 736, 739, 742, 743, 744, 747, 748, 749, 753, 754, 757, 770, 771, 774, 777, 780, 781, 783, 786, 789, 790, 791, 794, 795, 798, 800, 801, 802, 805, 807, 809, 812, 813, 814, 817, 820, 821, 824, 826, 828, 831, 832, 833, 835, 837, 840, 841, 842, 847, 848, 850, 851, 853, 854, 857, 858, 861, 862, 865, 868, 871, 872, 875, 878, 879, 882, 883, 886, 887, 889, 890, 891, 892, 893, 896, 897, 900, 901, 902, 903, 904, 905, 906, 909, 910, 913, 915, 916, 919, 920, 923, 926, 929, 945, 947, 948, 949, 951, 952, 953, 955, 969, 972, 980, 983, 984, 987, 990, 992, 993, 996, 998, 1001, 1004, 1007, 1010, 1011, 1012, 1013, 1014, 1017, 1018, 1024, 1026, 1029, 1038, 1040, 1043, 1044, 1045, 1048, 1057, 1059, 1060, 1061, 1062, 1065, 1079, 1082, 1091, 1093, 1094, 1095, 1096, 1099, 1113, 1116, 1128, 1130, 1131, 1132, 1133, 1136, 1137, 1140, 1141, 1142, 1143, 1144, 1145, 1146, 1148, 1149, 1152, 1155, 1167, 1179, 1181, 1182, 1183, 1184, 1187, 1188, 1191, 1192, 1193, 1194, 1195, 1196, 1197, 1199, 1200, 1203, 1206, 1218, 1228, 1230, 1231, 1232, 1233, 1236, 1248, 1256, 1258, 1259, 1260, 1262, 1263, 1264, 1265, 1266, 1267, 1270, 1278, 1279, 1280, 1281, 1284, 1296, 1299, 1300, 1301, 1304, 1305, 1306, 1309, 1310, 1311, 1314, 1315, 1316, 1318, 1321, 1333, 1335, 1337, 1339, 1340, 1343, 1344, 1346, 1349, 1351, 1352, 1353, 1356, 1357, 1360, 1368, 1369, 1372, 1373, 1376, 1379, 1382, 1385, 1388, 1390, 1392, 1395, 1405, 1408, 1411, 1412, 1413, 1414, 1428, 1430, 1433, 1434, 1435, 1436, 1450, 1452, 1454, 1457, 1472, 1475, 1476, 1479, 1480, 1483, 1484, 1487, 1488, 1489, 1490, 1491, 1494, 1495, 1499, 1500, 1503, 1504, 1505, 1506, 1507, 1509, 1512, 1556, 1559, 1561, 1562, 1564, 1567, 1570, 1573, 1576, 1577, 1579, 1581, 1595, 1596, 1606, 1607, 1608, 1609, 1610, 1611, 1614, 1615, 1625, 1628, 1629, 1638, 1641, 1642, 1643, 1644, 1646, 1649, 1651, 1652, 1653, 1655, 1658, 1661, 1664, 1670, 1672, 1674, 1676, 1677, 1678, 1679, 1680, 1681, 1683, 1684, 1687, 1690, 1691, 1692, 1697, 1702, 1703, 1704, 1705, 1707, 1709, 1710, 1711, 1712, 1714, 1717, 1718, 1721, 1722, 1723, 1724, 1726, 1727, 1728, 1730, 1731, 1732, 1734, 1737, 1738, 1741, 1743, 1746, 1748, 1749, 1750, 1754, 1755, 1757, 1766, 1768, 1779, 1780, 1781, 1784, 1786, 1787, 1788, 1791, 1793, 1794, 1795, 1798, 1799, 1800, 1801, 1804, 1805, 1807, 1808, 1812, 1813, 1815, 1818, 1824, 1825, 1827, 1828, 1830, 1831, 1833, 1836, 1838, 1840, 1842, 1845, 1847, 1849, 1851], "excluded_lines": [576, 1854, 1855, 1858, 1859, 1865, 1871, 1877, 1883, 1889, 1890, 1895, 1896, 1903, 1906, 1907, 1908, 1911, 1912, 1913, 1914, 1917, 1928, 1929, 1930, 1932, 1933]}}}, "web/youtube_metrics_helpers.py": {"executed_lines": [], "summary": {"covered_lines": 0, "num_statements": 41, "percent_covered": 0.0, "percent_covered_display": "0.00", "missing_lines": 41, "excluded_lines": 0}, "missing_lines": [8, 9, 10, 12, 13, 14, 16, 18, 21, 44, 46, 48, 60, 62, 84, 87, 105, 108, 126, 129, 140, 141, 156, 157, 167, 170, 184, 190, 254, 256, 257, 259, 261, 264, 274, 277, 319, 321, 322, 324, 326], "excluded_lines": [], "functions": {"upsert_metrics": {"executed_lines": [], "summary": {"covered_lines": 0, "num_statements": 8, "percent_covered": 0.0, "percent_covered_display": "0.00", "missing_lines": 8, "excluded_lines": 0}, "missing_lines": [44, 46, 48, 60, 62, 84, 87, 105], "excluded_lines": []}, "get_playlist_count": {"executed_lines": [], "summary": {"covered_lines": 0, "num_statements": 1, "percent_covered": 0.0, "percent_covered_display": "0.00", "missing_lines": 1, "excluded_lines": 0}, "missing_lines": [126], "excluded_lines": []}, "get_latest_metrics": {"executed_lines": [], "summary": {"covered_lines": 0, "num_statements": 5, "percent_covered": 0.0, "percent_covered_display": "0.00", "missing_lines": 5, "excluded_lines": 0}, "missing_lines": [140, 141, 156, 157, 167], "excluded_lines": []}, "get_top_viewcount_increases": {"executed_lines": [], "summary": {"covered_lines": 0, "num_statements": 7, "percent_covered": 0.0, "percent_covered_display": "0.00", "missing_lines": 7, "excluded_lines": 0}, "missing_lines": [184, 190, 254, 256, 257, 259, 261], "excluded_lines": []}, "analyze_viewcount_changes": {"executed_lines": [], "summary": {"covered_lines": 0, "num_statements": 7, "percent_covered": 0.0, "percent_covered_display": "0.00", "missing_lines": 7, "excluded_lines": 0}, "missing_lines": [274, 277, 319, 321, 322, 324, 326], "excluded_lines": []}, "": {"executed_lines": [], "summary": {"covered_lines": 0, "num_statements": 13, "percent_covered": 0.0, "percent_covered_display": "0.00", "missing_lines": 13, "excluded_lines": 0}, "missing_lines": [8, 9, 10, 12, 13, 14, 16, 18, 21, 108, 129, 170, 264], "excluded_lines": []}}, "classes": {"": {"executed_lines": [], "summary": {"covered_lines": 0, "num_statements": 41, "percent_covered": 0.0, "percent_covered_display": "0.00", "missing_lines": 41, "excluded_lines": 0}, "missing_lines": [8, 9, 10, 12, 13, 14, 16, 18, 21, 44, 46, 48, 60, 62, 84, 87, 105, 108, 126, 129, 140, 141, 156, 157, 167, 170, 184, 190, 254, 256, 257, 259, 261, 264, 274, 277, 319, 321, 322, 324, 326], "excluded_lines": []}}}, "web/youtube_version_parser.py": {"executed_lines": [], "summary": {"covered_lines": 0, "num_statements": 432, "percent_covered": 0.0, "percent_covered_display": "0.00", "missing_lines": 432, "excluded_lines": 14}, "missing_lines": [32, 33, 34, 35, 36, 38, 39, 41, 42, 43, 46, 47, 49, 50, 51, 54, 153, 174, 217, 224, 227, 230, 233, 246, 247, 248, 249, 250, 251, 252, 253, 256, 266, 267, 270, 273, 274, 276, 279, 290, 291, 294, 297, 298, 299, 301, 302, 304, 310, 313, 314, 315, 316, 317, 318, 319, 323, 326, 329, 340, 341, 344, 347, 348, 349, 351, 352, 353, 354, 355, 358, 359, 360, 361, 362, 363, 364, 366, 369, 370, 371, 372, 374, 375, 376, 377, 378, 381, 382, 383, 384, 385, 386, 387, 389, 392, 395, 398, 403, 405, 406, 407, 408, 409, 410, 413, 414, 415, 416, 419, 420, 421, 422, 424, 426, 427, 428, 429, 432, 434, 440, 441, 444, 445, 447, 450, 460, 461, 462, 463, 464, 465, 466, 469, 477, 480, 482, 487, 489, 492, 494, 495, 498, 504, 505, 506, 507, 510, 513, 515, 518, 521, 522, 524, 529, 530, 532, 535, 544, 545, 547, 548, 550, 551, 553, 554, 555, 556, 558, 559, 566, 567, 569, 570, 571, 572, 574, 575, 577, 578, 580, 581, 584, 589, 590, 593, 594, 595, 598, 599, 600, 601, 604, 608, 610, 611, 614, 615, 616, 618, 621, 627, 630, 632, 633, 634, 635, 638, 645, 648, 649, 651, 652, 653, 656, 657, 659, 662, 663, 665, 668, 673, 681, 682, 684, 685, 686, 689, 690, 692, 693, 694, 695, 698, 699, 700, 701, 703, 705, 708, 712, 715, 718, 721, 722, 724, 725, 728, 729, 731, 733, 741, 743, 744, 746, 747, 748, 749, 752, 754, 763, 764, 765, 766, 767, 770, 771, 773, 775, 778, 785, 786, 787, 790, 792, 797, 798, 799, 802, 810, 813, 814, 816, 817, 818, 820, 823, 830, 831, 832, 833, 834, 837, 840, 841, 843, 845, 852, 853, 854, 857, 858, 861, 863, 864, 868, 871, 875, 879, 880, 883, 884, 887, 890, 893, 896, 897, 901, 903, 910, 925, 928, 930, 937, 948, 949, 952, 953, 954, 955, 958, 959, 960, 961, 963, 966, 977, 978, 981, 987, 988, 989, 992, 993, 994, 996, 999, 1010, 1011, 1012, 1015, 1018, 1021, 1031, 1034, 1046, 1047, 1049, 1050, 1051, 1054, 1055, 1057, 1058, 1061, 1062, 1063, 1066, 1067, 1070, 1073, 1074, 1075, 1076, 1079, 1081, 1084, 1087, 1088, 1090, 1093, 1126, 1127, 1130, 1131, 1132, 1133, 1135, 1137, 1140, 1141, 1142, 1143, 1144, 1145, 1146, 1147, 1148, 1149, 1154, 1155, 1158, 1180, 1181, 1183, 1185, 1186, 1187, 1188, 1189, 1190, 1193, 1194, 1195, 1196, 1197, 1198, 1199, 1200, 1203, 1216, 1222, 1223, 1224, 1227, 1243, 1246, 1247, 1248, 1251, 1252, 1255], "excluded_lines": [1258, 1260, 1288, 1316, 1317, 1318, 1319, 1320, 1321, 1322, 1323, 1325, 1326, 1327], "functions": {"_norm": {"executed_lines": [], "summary": {"covered_lines": 0, "num_statements": 8, "percent_covered": 0.0, "percent_covered_display": "0.00", "missing_lines": 8, "excluded_lines": 0}, "missing_lines": [246, 247, 248, 249, 250, 251, 252, 253], "excluded_lines": []}, "clean_text": {"executed_lines": [], "summary": {"covered_lines": 0, "num_statements": 6, "percent_covered": 0.0, "percent_covered_display": "0.00", "missing_lines": 6, "excluded_lines": 0}, "missing_lines": [266, 267, 270, 273, 274, 276], "excluded_lines": []}, "extract_version_from_title": {"executed_lines": [], "summary": {"covered_lines": 0, "num_statements": 19, "percent_covered": 0.0, "percent_covered_display": "0.00", "missing_lines": 19, "excluded_lines": 0}, "missing_lines": [290, 291, 294, 297, 298, 299, 301, 302, 304, 310, 313, 314, 315, 316, 317, 318, 319, 323, 326], "excluded_lines": []}, "extract_artists_from_title": {"executed_lines": [], "summary": {"covered_lines": 0, "num_statements": 60, "percent_covered": 0.0, "percent_covered_display": "0.00", "missing_lines": 60, "excluded_lines": 0}, "missing_lines": [340, 341, 344, 347, 348, 349, 351, 352, 353, 354, 355, 358, 359, 360, 361, 362, 363, 364, 366, 369, 370, 371, 372, 374, 375, 376, 377, 378, 381, 382, 383, 384, 385, 386, 387, 389, 392, 395, 398, 403, 413, 414, 415, 416, 419, 420, 421, 422, 424, 426, 427, 428, 429, 432, 434, 440, 441, 444, 445, 447], "excluded_lines": []}, "extract_artists_from_title.split_feat": {"executed_lines": [], "summary": {"covered_lines": 0, "num_statements": 6, "percent_covered": 0.0, "percent_covered_display": "0.00", "missing_lines": 6, "excluded_lines": 0}, "missing_lines": [405, 406, 407, 408, 409, 410], "excluded_lines": []}, "split_if_csv": {"executed_lines": [], "summary": {"covered_lines": 0, "num_statements": 7, "percent_covered": 0.0, "percent_covered_display": "0.00", "missing_lines": 7, "excluded_lines": 0}, "missing_lines": [460, 461, 462, 463, 464, 465, 466], "excluded_lines": []}, "_split_primary_block": {"executed_lines": [], "summary": {"covered_lines": 0, "num_statements": 17, "percent_covered": 0.0, "percent_covered_display": "0.00", "missing_lines": 17, "excluded_lines": 0}, "missing_lines": [494, 495, 498, 504, 505, 506, 507, 510, 513, 515, 518, 521, 522, 524, 529, 530, 532], "excluded_lines": []}, "_extract_collaboration_clauses": {"executed_lines": [], "summary": {"covered_lines": 0, "num_statements": 24, "percent_covered": 0.0, "percent_covered_display": "0.00", "missing_lines": 24, "excluded_lines": 0}, "missing_lines": [544, 545, 547, 548, 550, 551, 553, 554, 555, 556, 558, 559, 566, 567, 569, 570, 571, 572, 574, 575, 577, 578, 580, 581], "excluded_lines": []}, "_is_ripper_channel": {"executed_lines": [], "summary": {"covered_lines": 0, "num_statements": 9, "percent_covered": 0.0, "percent_covered_display": "0.00", "missing_lines": 9, "excluded_lines": 0}, "missing_lines": [589, 590, 593, 594, 595, 598, 599, 600, 601], "excluded_lines": []}, "_remove_meaningless_descriptors": {"executed_lines": [], "summary": {"covered_lines": 0, "num_statements": 7, "percent_covered": 0.0, "percent_covered_display": "0.00", "missing_lines": 7, "excluded_lines": 0}, "missing_lines": [608, 610, 611, 614, 615, 616, 618], "excluded_lines": []}, "_extract_artist_from_title_start": {"executed_lines": [], "summary": {"covered_lines": 0, "num_statements": 19, "percent_covered": 0.0, "percent_covered_display": "0.00", "missing_lines": 19, "excluded_lines": 0}, "missing_lines": [627, 630, 632, 633, 634, 635, 638, 645, 648, 649, 651, 652, 653, 656, 657, 659, 662, 663, 665], "excluded_lines": []}, "_detect_multi_song_performance": {"executed_lines": [], "summary": {"covered_lines": 0, "num_statements": 18, "percent_covered": 0.0, "percent_covered_display": "0.00", "missing_lines": 18, "excluded_lines": 0}, "missing_lines": [673, 681, 682, 684, 685, 686, 689, 690, 692, 693, 694, 695, 698, 699, 700, 701, 703, 705], "excluded_lines": []}, "parse_youtube_title": {"executed_lines": [], "summary": {"covered_lines": 0, "num_statements": 83, "percent_covered": 0.0, "percent_covered_display": "0.00", "missing_lines": 83, "excluded_lines": 0}, "missing_lines": [712, 715, 718, 721, 722, 724, 725, 728, 729, 731, 733, 741, 743, 744, 746, 747, 748, 749, 752, 754, 763, 764, 765, 766, 767, 770, 771, 773, 775, 778, 785, 786, 787, 790, 792, 797, 798, 799, 802, 810, 813, 814, 816, 817, 818, 820, 823, 830, 831, 832, 833, 834, 837, 840, 841, 843, 845, 852, 853, 854, 857, 858, 861, 863, 864, 868, 871, 875, 879, 880, 883, 884, 887, 890, 893, 896, 897, 901, 903, 910, 925, 928, 930], "excluded_lines": []}, "is_lyric_video": {"executed_lines": [], "summary": {"covered_lines": 0, "num_statements": 11, "percent_covered": 0.0, "percent_covered_display": "0.00", "missing_lines": 11, "excluded_lines": 0}, "missing_lines": [948, 949, 952, 953, 954, 955, 958, 959, 960, 961, 963], "excluded_lines": []}, "is_official_video": {"executed_lines": [], "summary": {"covered_lines": 0, "num_statements": 10, "percent_covered": 0.0, "percent_covered_display": "0.00", "missing_lines": 10, "excluded_lines": 0}, "missing_lines": [977, 978, 981, 987, 988, 989, 992, 993, 994, 996], "excluded_lines": []}, "extract_artists_and_title_from_youtube": {"executed_lines": [], "summary": {"covered_lines": 0, "num_statements": 7, "percent_covered": 0.0, "percent_covered_display": "0.00", "missing_lines": 7, "excluded_lines": 0}, "missing_lines": [1010, 1011, 1012, 1015, 1018, 1021, 1031], "excluded_lines": []}, "match_youtube_to_song": {"executed_lines": [], "summary": {"covered_lines": 0, "num_statements": 25, "percent_covered": 0.0, "percent_covered_display": "0.00", "missing_lines": 25, "excluded_lines": 0}, "missing_lines": [1046, 1047, 1049, 1050, 1051, 1054, 1055, 1057, 1058, 1061, 1062, 1063, 1066, 1067, 1070, 1073, 1074, 1075, 1076, 1079, 1081, 1084, 1087, 1088, 1090], "excluded_lines": []}, "calculate_similarity": {"executed_lines": [], "summary": {"covered_lines": 0, "num_statements": 20, "percent_covered": 0.0, "percent_covered_display": "0.00", "missing_lines": 20, "excluded_lines": 0}, "missing_lines": [1126, 1127, 1130, 1131, 1132, 1133, 1135, 1137, 1140, 1141, 1142, 1143, 1144, 1145, 1146, 1147, 1148, 1149, 1154, 1155], "excluded_lines": []}, "calculate_artist_similarity": {"executed_lines": [], "summary": {"covered_lines": 0, "num_statements": 17, "percent_covered": 0.0, "percent_covered_display": "0.00", "missing_lines": 17, "excluded_lines": 0}, "missing_lines": [1180, 1181, 1183, 1185, 1186, 1187, 1188, 1189, 1190, 1193, 1194, 1195, 1196, 1197, 1198, 1199, 1200], "excluded_lines": []}, "extract_version_type": {"executed_lines": [], "summary": {"covered_lines": 0, "num_statements": 12, "percent_covered": 0.0, "percent_covered_display": "0.00", "missing_lines": 12, "excluded_lines": 0}, "missing_lines": [1216, 1222, 1223, 1224, 1227, 1243, 1246, 1247, 1248, 1251, 1252, 1255], "excluded_lines": []}, "": {"executed_lines": [], "summary": {"covered_lines": 0, "num_statements": 47, "percent_covered": 0.0, "percent_covered_display": "0.00", "missing_lines": 47, "excluded_lines": 14}, "missing_lines": [32, 33, 34, 35, 36, 38, 39, 41, 42, 43, 46, 47, 49, 50, 51, 54, 153, 174, 217, 224, 227, 230, 233, 256, 279, 329, 450, 469, 477, 480, 482, 487, 489, 492, 535, 584, 604, 621, 668, 708, 937, 966, 999, 1034, 1093, 1158, 1203], "excluded_lines": [1258, 1260, 1288, 1316, 1317, 1318, 1319, 1320, 1321, 1322, 1323, 1325, 1326, 1327]}}, "classes": {"": {"executed_lines": [], "summary": {"covered_lines": 0, "num_statements": 432, "percent_covered": 0.0, "percent_covered_display": "0.00", "missing_lines": 432, "excluded_lines": 14}, "missing_lines": [32, 33, 34, 35, 36, 38, 39, 41, 42, 43, 46, 47, 49, 50, 51, 54, 153, 174, 217, 224, 227, 230, 233, 246, 247, 248, 249, 250, 251, 252, 253, 256, 266, 267, 270, 273, 274, 276, 279, 290, 291, 294, 297, 298, 299, 301, 302, 304, 310, 313, 314, 315, 316, 317, 318, 319, 323, 326, 329, 340, 341, 344, 347, 348, 349, 351, 352, 353, 354, 355, 358, 359, 360, 361, 362, 363, 364, 366, 369, 370, 371, 372, 374, 375, 376, 377, 378, 381, 382, 383, 384, 385, 386, 387, 389, 392, 395, 398, 403, 405, 406, 407, 408, 409, 410, 413, 414, 415, 416, 419, 420, 421, 422, 424, 426, 427, 428, 429, 432, 434, 440, 441, 444, 445, 447, 450, 460, 461, 462, 463, 464, 465, 466, 469, 477, 480, 482, 487, 489, 492, 494, 495, 498, 504, 505, 506, 507, 510, 513, 515, 518, 521, 522, 524, 529, 530, 532, 535, 544, 545, 547, 548, 550, 551, 553, 554, 555, 556, 558, 559, 566, 567, 569, 570, 571, 572, 574, 575, 577, 578, 580, 581, 584, 589, 590, 593, 594, 595, 598, 599, 600, 601, 604, 608, 610, 611, 614, 615, 616, 618, 621, 627, 630, 632, 633, 634, 635, 638, 645, 648, 649, 651, 652, 653, 656, 657, 659, 662, 663, 665, 668, 673, 681, 682, 684, 685, 686, 689, 690, 692, 693, 694, 695, 698, 699, 700, 701, 703, 705, 708, 712, 715, 718, 721, 722, 724, 725, 728, 729, 731, 733, 741, 743, 744, 746, 747, 748, 749, 752, 754, 763, 764, 765, 766, 767, 770, 771, 773, 775, 778, 785, 786, 787, 790, 792, 797, 798, 799, 802, 810, 813, 814, 816, 817, 818, 820, 823, 830, 831, 832, 833, 834, 837, 840, 841, 843, 845, 852, 853, 854, 857, 858, 861, 863, 864, 868, 871, 875, 879, 880, 883, 884, 887, 890, 893, 896, 897, 901, 903, 910, 925, 928, 930, 937, 948, 949, 952, 953, 954, 955, 958, 959, 960, 961, 963, 966, 977, 978, 981, 987, 988, 989, 992, 993, 994, 996, 999, 1010, 1011, 1012, 1015, 1018, 1021, 1031, 1034, 1046, 1047, 1049, 1050, 1051, 1054, 1055, 1057, 1058, 1061, 1062, 1063, 1066, 1067, 1070, 1073, 1074, 1075, 1076, 1079, 1081, 1084, 1087, 1088, 1090, 1093, 1126, 1127, 1130, 1131, 1132, 1133, 1135, 1137, 1140, 1141, 1142, 1143, 1144, 1145, 1146, 1147, 1148, 1149, 1154, 1155, 1158, 1180, 1181, 1183, 1185, 1186, 1187, 1188, 1189, 1190, 1193, 1194, 1195, 1196, 1197, 1198, 1199, 1200, 1203, 1216, 1222, 1223, 1224, 1227, 1243, 1246, 1247, 1248, 1251, 1252, 1255], "excluded_lines": [1258, 1260, 1288, 1316, 1317, 1318, 1319, 1320, 1321, 1322, 1323, 1325, 1326, 1327]}}}}, "totals": {"covered_lines": 334, "num_statements": 20820, "percent_covered": 1.6042267050912584, "percent_covered_display": "1.60", "missing_lines": 20486, "excluded_lines": 518}}