{"meta": {"format": 3, "version": "7.9.2", "timestamp": "2025-09-16T05:36:15.626426", "branch_coverage": false, "show_contexts": false}, "files": {"src/youtubeviz/__init__.py": {"executed_lines": [], "summary": {"covered_lines": 0, "num_statements": 4, "percent_covered": 0.0, "percent_covered_display": "0", "missing_lines": 4, "excluded_lines": 0}, "missing_lines": [9, 15, 27, 29], "excluded_lines": [], "functions": {"": {"executed_lines": [], "summary": {"covered_lines": 0, "num_statements": 4, "percent_covered": 0.0, "percent_covered_display": "0", "missing_lines": 4, "excluded_lines": 0}, "missing_lines": [9, 15, 27, 29], "excluded_lines": []}}, "classes": {"": {"executed_lines": [], "summary": {"covered_lines": 0, "num_statements": 4, "percent_covered": 0.0, "percent_covered_display": "0", "missing_lines": 4, "excluded_lines": 0}, "missing_lines": [9, 15, 27, 29], "excluded_lines": []}}}, "src/youtubeviz/advanced_music_sentiment.py": {"executed_lines": [], "summary": {"covered_lines": 0, "num_statements": 158, "percent_covered": 0.0, "percent_covered_display": "0", "missing_lines": 158, "excluded_lines": 0}, "missing_lines": [16, 17, 18, 19, 21, 24, 25, 26, 27, 30, 31, 32, 33, 34, 35, 38, 39, 40, 41, 42, 43, 46, 47, 48, 49, 50, 51, 52, 53, 54, 57, 69, 70, 128, 149, 157, 174, 176, 177, 180, 183, 184, 185, 188, 189, 190, 193, 194, 197, 198, 199, 202, 203, 206, 213, 215, 217, 219, 222, 223, 224, 227, 228, 231, 232, 235, 236, 237, 240, 241, 242, 245, 247, 249, 252, 253, 254, 257, 258, 259, 262, 263, 264, 267, 268, 269, 271, 273, 283, 286, 289, 304, 305, 306, 309, 310, 311, 312, 315, 316, 319, 320, 323, 325, 326, 328, 329, 330, 331, 332, 333, 336, 337, 338, 339, 340, 341, 343, 344, 346, 352, 353, 364, 367, 368, 371, 374, 375, 376, 377, 378, 379, 380, 382, 384, 396, 398, 400, 428, 429, 431, 432, 434, 435, 436, 438, 439, 440, 441, 442, 443, 445, 446, 448, 449, 451, 454, 455], "excluded_lines": [], "functions": {"AdvancedMusicSentimentAnalyzer.__init__": {"executed_lines": [], "summary": {"covered_lines": 0, "num_statements": 4, "percent_covered": 0.0, "percent_covered_display": "0", "missing_lines": 4, "excluded_lines": 0}, "missing_lines": [70, 128, 149, 157], "excluded_lines": []}, "AdvancedMusicSentimentAnalyzer.extract_booster_features": {"executed_lines": [], "summary": {"covered_lines": 0, "num_statements": 19, "percent_covered": 0.0, "percent_covered_display": "0", "missing_lines": 19, "excluded_lines": 0}, "missing_lines": [176, 177, 180, 183, 184, 185, 188, 189, 190, 193, 194, 197, 198, 199, 202, 203, 206, 213, 215], "excluded_lines": []}, "AdvancedMusicSentimentAnalyzer.detect_intent": {"executed_lines": [], "summary": {"covered_lines": 0, "num_statements": 15, "percent_covered": 0.0, "percent_covered_display": "0", "missing_lines": 15, "excluded_lines": 0}, "missing_lines": [219, 222, 223, 224, 227, 228, 231, 232, 235, 236, 237, 240, 241, 242, 245], "excluded_lines": []}, "AdvancedMusicSentimentAnalyzer.detect_aspect": {"executed_lines": [], "summary": {"covered_lines": 0, "num_statements": 14, "percent_covered": 0.0, "percent_covered_display": "0", "missing_lines": 14, "excluded_lines": 0}, "missing_lines": [249, 252, 253, 254, 257, 258, 259, 262, 263, 264, 267, 268, 269, 271], "excluded_lines": []}, "AdvancedMusicSentimentAnalyzer.calculate_sentiment": {"executed_lines": [], "summary": {"covered_lines": 0, "num_statements": 31, "percent_covered": 0.0, "percent_covered_display": "0", "missing_lines": 31, "excluded_lines": 0}, "missing_lines": [283, 286, 289, 304, 305, 306, 309, 310, 311, 312, 315, 316, 319, 320, 323, 325, 326, 328, 329, 330, 331, 332, 333, 336, 337, 338, 339, 340, 341, 343, 344], "excluded_lines": []}, "AdvancedMusicSentimentAnalyzer.analyze_comment": {"executed_lines": [], "summary": {"covered_lines": 0, "num_statements": 15, "percent_covered": 0.0, "percent_covered_display": "0", "missing_lines": 15, "excluded_lines": 0}, "missing_lines": [352, 353, 364, 367, 368, 371, 374, 375, 376, 377, 378, 379, 380, 382, 384], "excluded_lines": []}, "test_advanced_analyzer": {"executed_lines": [], "summary": {"covered_lines": 0, "num_statements": 20, "percent_covered": 0.0, "percent_covered_display": "0", "missing_lines": 20, "excluded_lines": 0}, "missing_lines": [398, 400, 428, 429, 431, 432, 434, 435, 436, 438, 439, 440, 441, 442, 443, 445, 446, 448, 449, 451], "excluded_lines": []}, "": {"executed_lines": [], "summary": {"covered_lines": 0, "num_statements": 40, "percent_covered": 0.0, "percent_covered_display": "0", "missing_lines": 40, "excluded_lines": 0}, "missing_lines": [16, 17, 18, 19, 21, 24, 25, 26, 27, 30, 31, 32, 33, 34, 35, 38, 39, 40, 41, 42, 43, 46, 47, 48, 49, 50, 51, 52, 53, 54, 57, 69, 174, 217, 247, 273, 346, 396, 454, 455], "excluded_lines": []}}, "classes": {"SentimentLabel": {"executed_lines": [], "summary": {"covered_lines": 0, "num_statements": 0, "percent_covered": 100.0, "percent_covered_display": "100", "missing_lines": 0, "excluded_lines": 0}, "missing_lines": [], "excluded_lines": []}, "IntentLabel": {"executed_lines": [], "summary": {"covered_lines": 0, "num_statements": 0, "percent_covered": 100.0, "percent_covered_display": "100", "missing_lines": 0, "excluded_lines": 0}, "missing_lines": [], "excluded_lines": []}, "AspectLabel": {"executed_lines": [], "summary": {"covered_lines": 0, "num_statements": 0, "percent_covered": 100.0, "percent_covered_display": "100", "missing_lines": 0, "excluded_lines": 0}, "missing_lines": [], "excluded_lines": []}, "AnalysisResult": {"executed_lines": [], "summary": {"covered_lines": 0, "num_statements": 0, "percent_covered": 100.0, "percent_covered_display": "100", "missing_lines": 0, "excluded_lines": 0}, "missing_lines": [], "excluded_lines": []}, "AdvancedMusicSentimentAnalyzer": {"executed_lines": [], "summary": {"covered_lines": 0, "num_statements": 98, "percent_covered": 0.0, "percent_covered_display": "0", "missing_lines": 98, "excluded_lines": 0}, "missing_lines": [70, 128, 149, 157, 176, 177, 180, 183, 184, 185, 188, 189, 190, 193, 194, 197, 198, 199, 202, 203, 206, 213, 215, 219, 222, 223, 224, 227, 228, 231, 232, 235, 236, 237, 240, 241, 242, 245, 249, 252, 253, 254, 257, 258, 259, 262, 263, 264, 267, 268, 269, 271, 283, 286, 289, 304, 305, 306, 309, 310, 311, 312, 315, 316, 319, 320, 323, 325, 326, 328, 329, 330, 331, 332, 333, 336, 337, 338, 339, 340, 341, 343, 344, 352, 353, 364, 367, 368, 371, 374, 375, 376, 377, 378, 379, 380, 382, 384], "excluded_lines": []}, "": {"executed_lines": [], "summary": {"covered_lines": 0, "num_statements": 60, "percent_covered": 0.0, "percent_covered_display": "0", "missing_lines": 60, "excluded_lines": 0}, "missing_lines": [16, 17, 18, 19, 21, 24, 25, 26, 27, 30, 31, 32, 33, 34, 35, 38, 39, 40, 41, 42, 43, 46, 47, 48, 49, 50, 51, 52, 53, 54, 57, 69, 174, 217, 247, 273, 346, 396, 398, 400, 428, 429, 431, 432, 434, 435, 436, 438, 439, 440, 441, 442, 443, 445, 446, 448, 449, 451, 454, 455], "excluded_lines": []}}}, "src/youtubeviz/bot_detection.py": {"executed_lines": [], "summary": {"covered_lines": 0, "num_statements": 195, "percent_covered": 0.0, "percent_covered_display": "0", "missing_lines": 195, "excluded_lines": 0}, "missing_lines": [19, 21, 22, 23, 24, 25, 27, 28, 29, 30, 31, 32, 35, 39, 85, 88, 91, 94, 97, 98, 99, 100, 101, 104, 105, 107, 108, 109, 110, 111, 112, 116, 117, 120, 127, 128, 131, 132, 135, 137, 140, 143, 144, 147, 149, 152, 154, 155, 157, 160, 161, 172, 174, 188, 190, 191, 192, 194, 195, 198, 201, 203, 204, 205, 206, 209, 211, 213, 216, 218, 220, 221, 222, 224, 229, 230, 231, 232, 235, 238, 254, 256, 259, 261, 263, 264, 267, 273, 274, 275, 278, 279, 281, 282, 283, 284, 286, 288, 290, 293, 294, 295, 296, 298, 299, 301, 304, 306, 307, 308, 311, 313, 314, 315, 316, 317, 318, 320, 323, 324, 326, 327, 329, 332, 334, 335, 338, 339, 341, 342, 344, 346, 347, 348, 349, 351, 352, 353, 358, 359, 361, 363, 364, 365, 366, 367, 368, 370, 372, 374, 378, 380, 381, 384, 386, 388, 392, 393, 395, 397, 401, 403, 405, 407, 408, 409, 410, 411, 414, 417, 418, 428, 429, 431, 433, 436, 440, 443, 454, 456, 474, 477, 489, 490, 493, 495, 496, 499, 500, 502, 505, 515, 516, 519, 521], "excluded_lines": [], "functions": {"BotDetectionConfig.validate_threshold": {"executed_lines": [], "summary": {"covered_lines": 0, "num_statements": 3, "percent_covered": 0.0, "percent_covered_display": "0", "missing_lines": 3, "excluded_lines": 0}, "missing_lines": [110, 111, 112], "excluded_lines": []}, "_normalize_text": {"executed_lines": [], "summary": {"covered_lines": 0, "num_statements": 6, "percent_covered": 0.0, "percent_covered_display": "0", "missing_lines": 6, "excluded_lines": 0}, "missing_lines": [127, 128, 131, 132, 135, 137], "excluded_lines": []}, "_strip_emojis": {"executed_lines": [], "summary": {"covered_lines": 0, "num_statements": 2, "percent_covered": 0.0, "percent_covered_display": "0", "missing_lines": 2, "excluded_lines": 0}, "missing_lines": [143, 144], "excluded_lines": []}, "_count_emojis": {"executed_lines": [], "summary": {"covered_lines": 0, "num_statements": 1, "percent_covered": 0.0, "percent_covered_display": "0", "missing_lines": 1, "excluded_lines": 0}, "missing_lines": [149], "excluded_lines": []}, "_clamp_01": {"executed_lines": [], "summary": {"covered_lines": 0, "num_statements": 3, "percent_covered": 0.0, "percent_covered_display": "0", "missing_lines": 3, "excluded_lines": 0}, "missing_lines": [154, 155, 157], "excluded_lines": []}, "BotDetector.analyze_comments": {"executed_lines": [], "summary": {"covered_lines": 0, "num_statements": 25, "percent_covered": 0.0, "percent_covered_display": "0", "missing_lines": 25, "excluded_lines": 0}, "missing_lines": [188, 190, 191, 192, 194, 195, 198, 201, 203, 204, 205, 206, 209, 211, 213, 216, 218, 224, 229, 230, 231, 232, 235, 238, 254], "excluded_lines": []}, "BotDetector.analyze_comments._contains_whitelist_phrase": {"executed_lines": [], "summary": {"covered_lines": 0, "num_statements": 3, "percent_covered": 0.0, "percent_covered_display": "0", "missing_lines": 3, "excluded_lines": 0}, "missing_lines": [220, 221, 222], "excluded_lines": []}, "BotDetector._add_similarity_features": {"executed_lines": [], "summary": {"covered_lines": 0, "num_statements": 21, "percent_covered": 0.0, "percent_covered_display": "0", "missing_lines": 21, "excluded_lines": 0}, "missing_lines": [259, 293, 294, 295, 296, 298, 299, 301, 304, 306, 313, 314, 315, 316, 317, 318, 320, 323, 324, 326, 327], "excluded_lines": []}, "BotDetector._add_similarity_features._count_similar_comments": {"executed_lines": [], "summary": {"covered_lines": 0, "num_statements": 16, "percent_covered": 0.0, "percent_covered_display": "0", "missing_lines": 16, "excluded_lines": 0}, "missing_lines": [261, 263, 264, 267, 273, 274, 275, 278, 279, 281, 282, 283, 284, 286, 288, 290], "excluded_lines": []}, "BotDetector._add_similarity_features._count_similar_global": {"executed_lines": [], "summary": {"covered_lines": 0, "num_statements": 3, "percent_covered": 0.0, "percent_covered_display": "0", "missing_lines": 3, "excluded_lines": 0}, "missing_lines": [307, 308, 311], "excluded_lines": []}, "BotDetector._add_timing_features": {"executed_lines": [], "summary": {"covered_lines": 0, "num_statements": 9, "percent_covered": 0.0, "percent_covered_display": "0", "missing_lines": 9, "excluded_lines": 0}, "missing_lines": [332, 363, 364, 365, 366, 367, 368, 370, 372], "excluded_lines": []}, "BotDetector._add_timing_features._calculate_burst_score": {"executed_lines": [], "summary": {"covered_lines": 0, "num_statements": 17, "percent_covered": 0.0, "percent_covered_display": "0", "missing_lines": 17, "excluded_lines": 0}, "missing_lines": [334, 335, 338, 339, 341, 342, 344, 346, 347, 348, 349, 351, 352, 353, 358, 359, 361], "excluded_lines": []}, "BotDetector._add_author_features": {"executed_lines": [], "summary": {"covered_lines": 0, "num_statements": 5, "percent_covered": 0.0, "percent_covered_display": "0", "missing_lines": 5, "excluded_lines": 0}, "missing_lines": [378, 380, 381, 384, 386], "excluded_lines": []}, "BotDetector._add_engagement_features": {"executed_lines": [], "summary": {"covered_lines": 0, "num_statements": 3, "percent_covered": 0.0, "percent_covered_display": "0", "missing_lines": 3, "excluded_lines": 0}, "missing_lines": [392, 393, 395], "excluded_lines": []}, "BotDetector._calculate_bot_score": {"executed_lines": [], "summary": {"covered_lines": 0, "num_statements": 15, "percent_covered": 0.0, "percent_covered_display": "0", "missing_lines": 15, "excluded_lines": 0}, "missing_lines": [401, 407, 408, 409, 410, 411, 414, 417, 418, 428, 429, 431, 433, 436, 440], "excluded_lines": []}, "BotDetector._calculate_bot_score._duplicate_component": {"executed_lines": [], "summary": {"covered_lines": 0, "num_statements": 2, "percent_covered": 0.0, "percent_covered_display": "0", "missing_lines": 2, "excluded_lines": 0}, "missing_lines": [403, 405], "excluded_lines": []}, "load_recent_comments": {"executed_lines": [], "summary": {"covered_lines": 0, "num_statements": 3, "percent_covered": 0.0, "percent_covered_display": "0", "missing_lines": 3, "excluded_lines": 0}, "missing_lines": [454, 456, 474], "excluded_lines": []}, "analyze_bot_patterns": {"executed_lines": [], "summary": {"covered_lines": 0, "num_statements": 8, "percent_covered": 0.0, "percent_covered_display": "0", "missing_lines": 8, "excluded_lines": 0}, "missing_lines": [489, 490, 493, 495, 496, 499, 500, 502], "excluded_lines": []}, "store_bot_analysis": {"executed_lines": [], "summary": {"covered_lines": 0, "num_statements": 4, "percent_covered": 0.0, "percent_covered_display": "0", "missing_lines": 4, "excluded_lines": 0}, "missing_lines": [515, 516, 519, 521], "excluded_lines": []}, "": {"executed_lines": [], "summary": {"covered_lines": 0, "num_statements": 46, "percent_covered": 0.0, "percent_covered_display": "0", "missing_lines": 46, "excluded_lines": 0}, "missing_lines": [19, 21, 22, 23, 24, 25, 27, 28, 29, 30, 31, 32, 35, 39, 85, 88, 91, 94, 97, 98, 99, 100, 101, 104, 105, 107, 108, 109, 116, 117, 120, 140, 147, 152, 160, 161, 172, 174, 256, 329, 374, 388, 397, 443, 477, 505], "excluded_lines": []}}, "classes": {"BotDetectionConfig": {"executed_lines": [], "summary": {"covered_lines": 0, "num_statements": 3, "percent_covered": 0.0, "percent_covered_display": "0", "missing_lines": 3, "excluded_lines": 0}, "missing_lines": [110, 111, 112], "excluded_lines": []}, "BotDetector": {"executed_lines": [], "summary": {"covered_lines": 0, "num_statements": 119, "percent_covered": 0.0, "percent_covered_display": "0", "missing_lines": 119, "excluded_lines": 0}, "missing_lines": [188, 190, 191, 192, 194, 195, 198, 201, 203, 204, 205, 206, 209, 211, 213, 216, 218, 220, 221, 222, 224, 229, 230, 231, 232, 235, 238, 254, 259, 261, 263, 264, 267, 273, 274, 275, 278, 279, 281, 282, 283, 284, 286, 288, 290, 293, 294, 295, 296, 298, 299, 301, 304, 306, 307, 308, 311, 313, 314, 315, 316, 317, 318, 320, 323, 324, 326, 327, 332, 334, 335, 338, 339, 341, 342, 344, 346, 347, 348, 349, 351, 352, 353, 358, 359, 361, 363, 364, 365, 366, 367, 368, 370, 372, 378, 380, 381, 384, 386, 392, 393, 395, 401, 403, 405, 407, 408, 409, 410, 411, 414, 417, 418, 428, 429, 431, 433, 436, 440], "excluded_lines": []}, "": {"executed_lines": [], "summary": {"covered_lines": 0, "num_statements": 73, "percent_covered": 0.0, "percent_covered_display": "0", "missing_lines": 73, "excluded_lines": 0}, "missing_lines": [19, 21, 22, 23, 24, 25, 27, 28, 29, 30, 31, 32, 35, 39, 85, 88, 91, 94, 97, 98, 99, 100, 101, 104, 105, 107, 108, 109, 116, 117, 120, 127, 128, 131, 132, 135, 137, 140, 143, 144, 147, 149, 152, 154, 155, 157, 160, 161, 172, 174, 256, 329, 374, 388, 397, 443, 454, 456, 474, 477, 489, 490, 493, 495, 496, 499, 500, 502, 505, 515, 516, 519, 521], "excluded_lines": []}}}, "src/youtubeviz/charts.py": {"executed_lines": [], "summary": {"covered_lines": 0, "num_statements": 232, "percent_covered": 0.0, "percent_covered_display": "0", "missing_lines": 232, "excluded_lines": 5}, "missing_lines": [1, 3, 4, 5, 7, 9, 10, 11, 16, 17, 22, 68, 70, 82, 83, 85, 86, 87, 88, 91, 104, 105, 107, 108, 111, 112, 113, 114, 115, 116, 119, 121, 122, 123, 124, 125, 126, 128, 129, 130, 131, 132, 133, 134, 135, 136, 137, 138, 140, 141, 142, 145, 148, 149, 150, 153, 156, 158, 159, 160, 161, 162, 163, 164, 166, 169, 188, 189, 192, 200, 201, 204, 221, 224, 225, 248, 249, 251, 252, 254, 255, 257, 258, 260, 261, 264, 265, 274, 275, 277, 278, 280, 281, 283, 284, 287, 290, 298, 299, 301, 302, 304, 305, 307, 308, 310, 312, 313, 314, 315, 316, 317, 318, 319, 320, 322, 324, 325, 327, 328, 329, 330, 331, 332, 333, 334, 335, 337, 338, 339, 340, 342, 343, 344, 346, 347, 349, 350, 352, 355, 358, 359, 361, 362, 363, 364, 365, 366, 367, 368, 369, 370, 371, 372, 373, 374, 376, 379, 382, 383, 385, 386, 387, 389, 390, 392, 395, 402, 403, 405, 410, 412, 413, 430, 431, 445, 458, 459, 460, 461, 462, 463, 464, 466, 469, 481, 482, 483, 490, 493, 510, 511, 513, 514, 517, 518, 519, 522, 526, 527, 528, 530, 531, 532, 533, 534, 535, 538, 552, 564, 572, 575, 580, 582, 584, 585, 594, 597, 608, 609, 612, 616, 617, 619, 623, 638, 648, 649, 650, 651, 652, 655], "excluded_lines": [12, 13, 14, 18, 19], "functions": {"_default_palette": {"executed_lines": [], "summary": {"covered_lines": 0, "num_statements": 7, "percent_covered": 0.0, "percent_covered_display": "0", "missing_lines": 7, "excluded_lines": 0}, "missing_lines": [70, 82, 83, 85, 86, 87, 88], "excluded_lines": []}, "get_artist_color_map": {"executed_lines": [], "summary": {"covered_lines": 0, "num_statements": 31, "percent_covered": 0.0, "percent_covered_display": "0", "missing_lines": 31, "excluded_lines": 0}, "missing_lines": [104, 105, 107, 108, 111, 112, 113, 114, 115, 116, 119, 121, 122, 123, 124, 125, 126, 128, 129, 130, 131, 132, 133, 134, 135, 136, 137, 138, 140, 141, 142], "excluded_lines": []}, "_get_scheme_colors": {"executed_lines": [], "summary": {"covered_lines": 0, "num_statements": 3, "percent_covered": 0.0, "percent_covered_display": "0", "missing_lines": 3, "excluded_lines": 0}, "missing_lines": [148, 149, 150], "excluded_lines": []}, "_extract_plotly_series_labels": {"executed_lines": [], "summary": {"covered_lines": 0, "num_statements": 9, "percent_covered": 0.0, "percent_covered_display": "0", "missing_lines": 9, "excluded_lines": 0}, "missing_lines": [156, 158, 159, 160, 161, 162, 163, 164, 166], "excluded_lines": []}, "enhance_chart_beauty": {"executed_lines": [], "summary": {"covered_lines": 0, "num_statements": 30, "percent_covered": 0.0, "percent_covered_display": "0", "missing_lines": 30, "excluded_lines": 0}, "missing_lines": [188, 189, 192, 200, 201, 204, 221, 224, 225, 248, 249, 251, 252, 254, 255, 257, 258, 260, 261, 264, 265, 274, 275, 277, 278, 280, 281, 283, 284, 287], "excluded_lines": []}, "apply_color_scheme": {"executed_lines": [], "summary": {"covered_lines": 0, "num_statements": 34, "percent_covered": 0.0, "percent_covered_display": "0", "missing_lines": 34, "excluded_lines": 0}, "missing_lines": [298, 299, 301, 302, 304, 305, 307, 308, 310, 312, 322, 324, 325, 327, 328, 329, 330, 331, 332, 333, 334, 335, 337, 338, 339, 340, 342, 343, 344, 346, 347, 349, 350, 352], "excluded_lines": []}, "apply_color_scheme._extend": {"executed_lines": [], "summary": {"covered_lines": 0, "num_statements": 8, "percent_covered": 0.0, "percent_covered_display": "0", "missing_lines": 8, "excluded_lines": 0}, "missing_lines": [313, 314, 315, 316, 317, 318, 319, 320], "excluded_lines": []}, "_apply_plotly_colors": {"executed_lines": [], "summary": {"covered_lines": 0, "num_statements": 17, "percent_covered": 0.0, "percent_covered_display": "0", "missing_lines": 17, "excluded_lines": 0}, "missing_lines": [358, 359, 361, 362, 363, 364, 365, 366, 367, 368, 369, 370, 371, 372, 373, 374, 376], "excluded_lines": []}, "_apply_altair_colors": {"executed_lines": [], "summary": {"covered_lines": 0, "num_statements": 8, "percent_covered": 0.0, "percent_covered_display": "0", "missing_lines": 8, "excluded_lines": 0}, "missing_lines": [382, 383, 385, 386, 387, 389, 390, 392], "excluded_lines": []}, "create_chart_annotations": {"executed_lines": [], "summary": {"covered_lines": 0, "num_statements": 17, "percent_covered": 0.0, "percent_covered_display": "0", "missing_lines": 17, "excluded_lines": 0}, "missing_lines": [402, 403, 405, 410, 412, 413, 430, 431, 445, 458, 459, 460, 461, 462, 463, 464, 466], "excluded_lines": []}, "views_over_time_plotly": {"executed_lines": [], "summary": {"covered_lines": 0, "num_statements": 4, "percent_covered": 0.0, "percent_covered_display": "0", "missing_lines": 4, "excluded_lines": 0}, "missing_lines": [481, 482, 483, 490], "excluded_lines": []}, "views_over_time_advanced": {"executed_lines": [], "summary": {"covered_lines": 0, "num_statements": 21, "percent_covered": 0.0, "percent_covered_display": "0", "missing_lines": 21, "excluded_lines": 0}, "missing_lines": [510, 511, 513, 514, 517, 518, 519, 522, 526, 527, 528, 530, 531, 532, 533, 534, 535, 538, 552, 564, 572], "excluded_lines": []}, "artist_compare_altair": {"executed_lines": [], "summary": {"covered_lines": 0, "num_statements": 5, "percent_covered": 0.0, "percent_covered_display": "0", "missing_lines": 5, "excluded_lines": 0}, "missing_lines": [580, 582, 584, 585, 594], "excluded_lines": []}, "linked_scatter_detail_altair": {"executed_lines": [], "summary": {"covered_lines": 0, "num_statements": 13, "percent_covered": 0.0, "percent_covered_display": "0", "missing_lines": 13, "excluded_lines": 0}, "missing_lines": [608, 609, 612, 616, 617, 619, 623, 638, 648, 649, 650, 651, 652], "excluded_lines": []}, "": {"executed_lines": [], "summary": {"covered_lines": 0, "num_statements": 25, "percent_covered": 0.0, "percent_covered_display": "0", "missing_lines": 25, "excluded_lines": 5}, "missing_lines": [1, 3, 4, 5, 7, 9, 10, 11, 16, 17, 22, 68, 91, 145, 153, 169, 290, 355, 379, 395, 469, 493, 575, 597, 655], "excluded_lines": [12, 13, 14, 18, 19]}}, "classes": {"": {"executed_lines": [], "summary": {"covered_lines": 0, "num_statements": 232, "percent_covered": 0.0, "percent_covered_display": "0", "missing_lines": 232, "excluded_lines": 5}, "missing_lines": [1, 3, 4, 5, 7, 9, 10, 11, 16, 17, 22, 68, 70, 82, 83, 85, 86, 87, 88, 91, 104, 105, 107, 108, 111, 112, 113, 114, 115, 116, 119, 121, 122, 123, 124, 125, 126, 128, 129, 130, 131, 132, 133, 134, 135, 136, 137, 138, 140, 141, 142, 145, 148, 149, 150, 153, 156, 158, 159, 160, 161, 162, 163, 164, 166, 169, 188, 189, 192, 200, 201, 204, 221, 224, 225, 248, 249, 251, 252, 254, 255, 257, 258, 260, 261, 264, 265, 274, 275, 277, 278, 280, 281, 283, 284, 287, 290, 298, 299, 301, 302, 304, 305, 307, 308, 310, 312, 313, 314, 315, 316, 317, 318, 319, 320, 322, 324, 325, 327, 328, 329, 330, 331, 332, 333, 334, 335, 337, 338, 339, 340, 342, 343, 344, 346, 347, 349, 350, 352, 355, 358, 359, 361, 362, 363, 364, 365, 366, 367, 368, 369, 370, 371, 372, 373, 374, 376, 379, 382, 383, 385, 386, 387, 389, 390, 392, 395, 402, 403, 405, 410, 412, 413, 430, 431, 445, 458, 459, 460, 461, 462, 463, 464, 466, 469, 481, 482, 483, 490, 493, 510, 511, 513, 514, 517, 518, 519, 522, 526, 527, 528, 530, 531, 532, 533, 534, 535, 538, 552, 564, 572, 575, 580, 582, 584, 585, 594, 597, 608, 609, 612, 616, 617, 619, 623, 638, 648, 649, 650, 651, 652, 655], "excluded_lines": [12, 13, 14, 18, 19]}}}, "src/youtubeviz/data.py": {"executed_lines": [], "summary": {"covered_lines": 0, "num_statements": 437, "percent_covered": 0.0, "percent_covered_display": "0", "missing_lines": 437, "excluded_lines": 0}, "missing_lines": [1, 3, 4, 5, 6, 7, 8, 10, 11, 14, 15, 16, 17, 20, 21, 22, 24, 26, 29, 44, 47, 64, 66, 67, 68, 69, 70, 72, 73, 74, 76, 77, 78, 80, 82, 85, 86, 87, 88, 89, 90, 92, 95, 114, 117, 118, 119, 120, 122, 123, 124, 125, 126, 127, 128, 131, 132, 133, 134, 135, 136, 137, 139, 141, 142, 144, 162, 163, 164, 166, 167, 168, 169, 170, 171, 172, 174, 175, 178, 179, 180, 181, 183, 184, 185, 186, 187, 188, 189, 190, 192, 193, 196, 202, 205, 206, 208, 210, 211, 212, 213, 214, 215, 217, 218, 219, 220, 221, 223, 225, 226, 229, 230, 231, 232, 235, 236, 238, 239, 240, 241, 242, 243, 244, 245, 246, 249, 250, 251, 252, 253, 254, 255, 256, 257, 260, 261, 262, 265, 272, 273, 274, 275, 287, 288, 291, 292, 293, 294, 297, 304, 305, 307, 308, 309, 310, 311, 312, 313, 315, 316, 317, 318, 321, 323, 324, 325, 326, 327, 328, 329, 330, 331, 332, 333, 334, 335, 338, 349, 350, 352, 354, 356, 357, 358, 359, 360, 362, 363, 365, 367, 368, 370, 382, 385, 387, 388, 389, 390, 391, 392, 393, 394, 397, 407, 408, 409, 412, 417, 418, 419, 420, 421, 422, 423, 425, 426, 427, 430, 441, 442, 443, 444, 445, 448, 449, 450, 451, 452, 458, 459, 460, 461, 462, 463, 465, 466, 468, 469, 474, 475, 486, 487, 488, 489, 490, 491, 492, 493, 495, 496, 498, 499, 500, 501, 502, 503, 504, 505, 508, 514, 515, 516, 517, 518, 519, 520, 521, 522, 523, 524, 526, 527, 529, 531, 532, 533, 541, 542, 543, 544, 545, 546, 547, 548, 550, 551, 552, 553, 554, 555, 556, 557, 558, 559, 569, 572, 578, 579, 580, 581, 582, 583, 584, 585, 586, 589, 591, 592, 593, 596, 605, 614, 621, 630, 633, 634, 635, 636, 638, 647, 648, 649, 651, 652, 653, 654, 655, 657, 660, 661, 664, 665, 666, 668, 669, 671, 685, 686, 687, 688, 689, 690, 691, 692, 693, 696, 708, 711, 712, 713, 714, 716, 725, 726, 727, 729, 730, 731, 733, 734, 735, 736, 737, 738, 739, 740, 741, 743, 746, 748, 749, 750, 751, 752, 753, 754, 757, 758, 759, 761, 762, 764, 778, 779, 780, 781, 782, 783, 784, 785, 788, 789, 790, 791, 793, 796, 810, 812, 814, 816, 818, 820, 821, 833, 834, 837, 838, 841, 842, 843, 844, 847, 848, 851, 852, 855, 856, 861, 863, 866, 867, 868, 870, 872, 875, 876, 877, 880, 881, 882, 883, 884, 885, 887, 904, 905], "excluded_lines": [], "functions": {"_get_engine": {"executed_lines": [], "summary": {"covered_lines": 0, "num_statements": 4, "percent_covered": 0.0, "percent_covered_display": "0", "missing_lines": 4, "excluded_lines": 0}, "missing_lines": [21, 22, 24, 26], "excluded_lines": []}, "load_youtube_data": {"executed_lines": [], "summary": {"covered_lines": 0, "num_statements": 23, "percent_covered": 0.0, "percent_covered_display": "0", "missing_lines": 23, "excluded_lines": 0}, "missing_lines": [44, 47, 64, 66, 67, 68, 69, 70, 72, 73, 74, 76, 77, 78, 80, 82, 85, 86, 87, 88, 89, 90, 92], "excluded_lines": []}, "load_artist_daily_metrics": {"executed_lines": [], "summary": {"covered_lines": 0, "num_statements": 45, "percent_covered": 0.0, "percent_covered_display": "0", "missing_lines": 45, "excluded_lines": 0}, "missing_lines": [114, 117, 118, 119, 120, 122, 123, 124, 125, 126, 127, 128, 131, 132, 133, 134, 135, 136, 137, 139, 141, 142, 144, 162, 163, 164, 166, 167, 168, 169, 170, 171, 172, 174, 175, 178, 179, 180, 181, 183, 184, 185, 186, 192, 193], "excluded_lines": []}, "load_artist_daily_metrics._canonical": {"executed_lines": [], "summary": {"covered_lines": 0, "num_statements": 4, "percent_covered": 0.0, "percent_covered_display": "0", "missing_lines": 4, "excluded_lines": 0}, "missing_lines": [187, 188, 189, 190], "excluded_lines": []}, "_build_artist_alias_map": {"executed_lines": [], "summary": {"covered_lines": 0, "num_statements": 45, "percent_covered": 0.0, "percent_covered_display": "0", "missing_lines": 45, "excluded_lines": 0}, "missing_lines": [202, 205, 206, 208, 210, 211, 212, 213, 214, 215, 217, 218, 219, 220, 221, 223, 225, 226, 229, 230, 231, 232, 235, 236, 238, 239, 240, 241, 242, 243, 244, 245, 246, 249, 250, 251, 252, 253, 254, 255, 256, 257, 260, 261, 262], "excluded_lines": []}, "compute_kpis": {"executed_lines": [], "summary": {"covered_lines": 0, "num_statements": 10, "percent_covered": 0.0, "percent_covered_display": "0", "missing_lines": 10, "excluded_lines": 0}, "missing_lines": [272, 273, 274, 275, 287, 288, 291, 292, 293, 294], "excluded_lines": []}, "detect_outliers_iqr": {"executed_lines": [], "summary": {"covered_lines": 0, "num_statements": 7, "percent_covered": 0.0, "percent_covered_display": "0", "missing_lines": 7, "excluded_lines": 0}, "missing_lines": [304, 305, 307, 315, 316, 317, 318], "excluded_lines": []}, "detect_outliers_iqr._outliers": {"executed_lines": [], "summary": {"covered_lines": 0, "num_statements": 6, "percent_covered": 0.0, "percent_covered_display": "0", "missing_lines": 6, "excluded_lines": 0}, "missing_lines": [308, 309, 310, 311, 312, 313], "excluded_lines": []}, "read_rpm_from_env": {"executed_lines": [], "summary": {"covered_lines": 0, "num_statements": 13, "percent_covered": 0.0, "percent_covered_display": "0", "missing_lines": 13, "excluded_lines": 0}, "missing_lines": [323, 324, 325, 326, 327, 328, 329, 330, 331, 332, 333, 334, 335], "excluded_lines": []}, "compute_estimated_revenue": {"executed_lines": [], "summary": {"covered_lines": 0, "num_statements": 11, "percent_covered": 0.0, "percent_covered_display": "0", "missing_lines": 11, "excluded_lines": 0}, "missing_lines": [349, 350, 352, 354, 362, 363, 365, 367, 368, 370, 382], "excluded_lines": []}, "compute_estimated_revenue._rpm_for": {"executed_lines": [], "summary": {"covered_lines": 0, "num_statements": 5, "percent_covered": 0.0, "percent_covered_display": "0", "missing_lines": 5, "excluded_lines": 0}, "missing_lines": [356, 357, 358, 359, 360], "excluded_lines": []}, "compute_yoy_views": {"executed_lines": [], "summary": {"covered_lines": 0, "num_statements": 8, "percent_covered": 0.0, "percent_covered_display": "0", "missing_lines": 8, "excluded_lines": 0}, "missing_lines": [387, 388, 389, 390, 391, 392, 393, 394], "excluded_lines": []}, "run_artist_metrics_pipeline": {"executed_lines": [], "summary": {"covered_lines": 0, "num_statements": 3, "percent_covered": 0.0, "percent_covered_display": "0", "missing_lines": 3, "excluded_lines": 0}, "missing_lines": [407, 408, 409], "excluded_lines": []}, "benchmark_run_artist_metrics_pipeline": {"executed_lines": [], "summary": {"covered_lines": 0, "num_statements": 10, "percent_covered": 0.0, "percent_covered_display": "0", "missing_lines": 10, "excluded_lines": 0}, "missing_lines": [417, 418, 419, 420, 421, 422, 423, 425, 426, 427], "excluded_lines": []}, "load_comment_examples": {"executed_lines": [], "summary": {"covered_lines": 0, "num_statements": 40, "percent_covered": 0.0, "percent_covered_display": "0", "missing_lines": 40, "excluded_lines": 0}, "missing_lines": [441, 442, 443, 444, 445, 448, 449, 450, 451, 452, 458, 459, 460, 461, 462, 463, 465, 466, 468, 469, 474, 475, 486, 487, 488, 489, 490, 491, 492, 493, 495, 496, 498, 499, 500, 501, 502, 503, 504, 505], "excluded_lines": []}, "compute_coengagement_matrix": {"executed_lines": [], "summary": {"covered_lines": 0, "num_statements": 36, "percent_covered": 0.0, "percent_covered_display": "0", "missing_lines": 36, "excluded_lines": 0}, "missing_lines": [514, 515, 516, 517, 518, 519, 520, 521, 522, 523, 524, 526, 527, 529, 531, 532, 533, 541, 542, 543, 544, 545, 546, 547, 548, 550, 551, 552, 553, 554, 555, 556, 557, 558, 559, 569], "excluded_lines": []}, "load_recent_window_days": {"executed_lines": [], "summary": {"covered_lines": 0, "num_statements": 9, "percent_covered": 0.0, "percent_covered_display": "0", "missing_lines": 9, "excluded_lines": 0}, "missing_lines": [578, 579, 580, 581, 582, 583, 584, 585, 586], "excluded_lines": []}, "qa_nulls_and_orphans": {"executed_lines": [], "summary": {"covered_lines": 0, "num_statements": 6, "percent_covered": 0.0, "percent_covered_display": "0", "missing_lines": 6, "excluded_lines": 0}, "missing_lines": [591, 592, 593, 596, 605, 614], "excluded_lines": []}, "load_sentiment_summary": {"executed_lines": [], "summary": {"covered_lines": 0, "num_statements": 32, "percent_covered": 0.0, "percent_covered_display": "0", "missing_lines": 32, "excluded_lines": 0}, "missing_lines": [630, 633, 634, 635, 636, 638, 647, 648, 649, 651, 652, 653, 654, 655, 657, 660, 661, 664, 665, 666, 668, 669, 671, 685, 686, 687, 688, 689, 690, 691, 692, 693], "excluded_lines": []}, "load_sentiment_daily": {"executed_lines": [], "summary": {"covered_lines": 0, "num_statements": 49, "percent_covered": 0.0, "percent_covered_display": "0", "missing_lines": 49, "excluded_lines": 0}, "missing_lines": [708, 711, 712, 713, 714, 716, 725, 726, 727, 729, 730, 731, 733, 734, 735, 736, 737, 738, 739, 740, 741, 743, 746, 748, 749, 750, 751, 752, 753, 754, 757, 758, 759, 761, 762, 764, 778, 779, 780, 781, 782, 783, 784, 785, 788, 789, 790, 791, 793], "excluded_lines": []}, "qa_artist_consistency_check": {"executed_lines": [], "summary": {"covered_lines": 0, "num_statements": 40, "percent_covered": 0.0, "percent_covered_display": "0", "missing_lines": 40, "excluded_lines": 0}, "missing_lines": [810, 812, 814, 816, 818, 820, 821, 833, 834, 837, 838, 841, 842, 843, 844, 847, 848, 851, 852, 855, 856, 861, 863, 866, 867, 868, 870, 872, 875, 876, 877, 880, 881, 882, 883, 884, 885, 887, 904, 905], "excluded_lines": []}, "": {"executed_lines": [], "summary": {"covered_lines": 0, "num_statements": 31, "percent_covered": 0.0, "percent_covered_display": "0", "missing_lines": 31, "excluded_lines": 0}, "missing_lines": [1, 3, 4, 5, 6, 7, 8, 10, 11, 14, 15, 16, 17, 20, 29, 95, 196, 265, 297, 321, 338, 385, 397, 412, 430, 508, 572, 589, 621, 696, 796], "excluded_lines": []}}, "classes": {"DateRange": {"executed_lines": [], "summary": {"covered_lines": 0, "num_statements": 0, "percent_covered": 100.0, "percent_covered_display": "100", "missing_lines": 0, "excluded_lines": 0}, "missing_lines": [], "excluded_lines": []}, "": {"executed_lines": [], "summary": {"covered_lines": 0, "num_statements": 437, "percent_covered": 0.0, "percent_covered_display": "0", "missing_lines": 437, "excluded_lines": 0}, "missing_lines": [1, 3, 4, 5, 6, 7, 8, 10, 11, 14, 15, 16, 17, 20, 21, 22, 24, 26, 29, 44, 47, 64, 66, 67, 68, 69, 70, 72, 73, 74, 76, 77, 78, 80, 82, 85, 86, 87, 88, 89, 90, 92, 95, 114, 117, 118, 119, 120, 122, 123, 124, 125, 126, 127, 128, 131, 132, 133, 134, 135, 136, 137, 139, 141, 142, 144, 162, 163, 164, 166, 167, 168, 169, 170, 171, 172, 174, 175, 178, 179, 180, 181, 183, 184, 185, 186, 187, 188, 189, 190, 192, 193, 196, 202, 205, 206, 208, 210, 211, 212, 213, 214, 215, 217, 218, 219, 220, 221, 223, 225, 226, 229, 230, 231, 232, 235, 236, 238, 239, 240, 241, 242, 243, 244, 245, 246, 249, 250, 251, 252, 253, 254, 255, 256, 257, 260, 261, 262, 265, 272, 273, 274, 275, 287, 288, 291, 292, 293, 294, 297, 304, 305, 307, 308, 309, 310, 311, 312, 313, 315, 316, 317, 318, 321, 323, 324, 325, 326, 327, 328, 329, 330, 331, 332, 333, 334, 335, 338, 349, 350, 352, 354, 356, 357, 358, 359, 360, 362, 363, 365, 367, 368, 370, 382, 385, 387, 388, 389, 390, 391, 392, 393, 394, 397, 407, 408, 409, 412, 417, 418, 419, 420, 421, 422, 423, 425, 426, 427, 430, 441, 442, 443, 444, 445, 448, 449, 450, 451, 452, 458, 459, 460, 461, 462, 463, 465, 466, 468, 469, 474, 475, 486, 487, 488, 489, 490, 491, 492, 493, 495, 496, 498, 499, 500, 501, 502, 503, 504, 505, 508, 514, 515, 516, 517, 518, 519, 520, 521, 522, 523, 524, 526, 527, 529, 531, 532, 533, 541, 542, 543, 544, 545, 546, 547, 548, 550, 551, 552, 553, 554, 555, 556, 557, 558, 559, 569, 572, 578, 579, 580, 581, 582, 583, 584, 585, 586, 589, 591, 592, 593, 596, 605, 614, 621, 630, 633, 634, 635, 636, 638, 647, 648, 649, 651, 652, 653, 654, 655, 657, 660, 661, 664, 665, 666, 668, 669, 671, 685, 686, 687, 688, 689, 690, 691, 692, 693, 696, 708, 711, 712, 713, 714, 716, 725, 726, 727, 729, 730, 731, 733, 734, 735, 736, 737, 738, 739, 740, 741, 743, 746, 748, 749, 750, 751, 752, 753, 754, 757, 758, 759, 761, 762, 764, 778, 779, 780, 781, 782, 783, 784, 785, 788, 789, 790, 791, 793, 796, 810, 812, 814, 816, 818, 820, 821, 833, 834, 837, 838, 841, 842, 843, 844, 847, 848, 851, 852, 855, 856, 861, 863, 866, 867, 868, 870, 872, 875, 876, 877, 880, 881, 882, 883, 884, 885, 887, 904, 905], "excluded_lines": []}}}, "src/youtubeviz/education.py": {"executed_lines": [], "summary": {"covered_lines": 0, "num_statements": 77, "percent_covered": 0.0, "percent_covered_display": "0", "missing_lines": 77, "excluded_lines": 0}, "missing_lines": [3, 5, 6, 9, 16, 22, 23, 25, 27, 81, 94, 110, 112, 113, 115, 117, 118, 120, 123, 125, 127, 129, 135, 137, 146, 147, 150, 151, 153, 167, 168, 169, 171, 172, 173, 174, 175, 176, 178, 180, 182, 183, 189, 190, 196, 198, 200, 201, 203, 205, 211, 213, 215, 216, 218, 224, 226, 228, 230, 246, 249, 250, 251, 252, 253, 254, 256, 257, 259, 261, 262, 265, 266, 267, 268, 270, 272], "excluded_lines": [], "functions": {"EducationalContentGenerator.__init__": {"executed_lines": [], "summary": {"covered_lines": 0, "num_statements": 2, "percent_covered": 0.0, "percent_covered_display": "0", "missing_lines": 2, "excluded_lines": 0}, "missing_lines": [22, 23], "excluded_lines": []}, "EducationalContentGenerator._load_content_database": {"executed_lines": [], "summary": {"covered_lines": 0, "num_statements": 2, "percent_covered": 0.0, "percent_covered_display": "0", "missing_lines": 2, "excluded_lines": 0}, "missing_lines": [27, 81], "excluded_lines": []}, "EducationalContentGenerator.explain_concept": {"executed_lines": [], "summary": {"covered_lines": 0, "num_statements": 8, "percent_covered": 0.0, "percent_covered_display": "0", "missing_lines": 8, "excluded_lines": 0}, "missing_lines": [110, 112, 113, 115, 117, 118, 120, 123], "excluded_lines": []}, "EducationalContentGenerator._generate_generic_explanation": {"executed_lines": [], "summary": {"covered_lines": 0, "num_statements": 3, "percent_covered": 0.0, "percent_covered_display": "0", "missing_lines": 3, "excluded_lines": 0}, "missing_lines": [127, 129, 135], "excluded_lines": []}, "EducationalContentGenerator.get_glossary_definition": {"executed_lines": [], "summary": {"covered_lines": 0, "num_statements": 4, "percent_covered": 0.0, "percent_covered_display": "0", "missing_lines": 4, "excluded_lines": 0}, "missing_lines": [146, 147, 150, 151], "excluded_lines": []}, "EducationalContentGenerator.generate_context_explanation": {"executed_lines": [], "summary": {"covered_lines": 0, "num_statements": 10, "percent_covered": 0.0, "percent_covered_display": "0", "missing_lines": 10, "excluded_lines": 0}, "missing_lines": [167, 168, 169, 171, 172, 173, 174, 175, 176, 178], "excluded_lines": []}, "EducationalContentGenerator._generate_comparison_context": {"executed_lines": [], "summary": {"covered_lines": 0, "num_statements": 5, "percent_covered": 0.0, "percent_covered_display": "0", "missing_lines": 5, "excluded_lines": 0}, "missing_lines": [182, 183, 189, 190, 196], "excluded_lines": []}, "EducationalContentGenerator._generate_sentiment_context": {"executed_lines": [], "summary": {"covered_lines": 0, "num_statements": 5, "percent_covered": 0.0, "percent_covered_display": "0", "missing_lines": 5, "excluded_lines": 0}, "missing_lines": [200, 201, 203, 205, 211], "excluded_lines": []}, "EducationalContentGenerator._generate_performance_context": {"executed_lines": [], "summary": {"covered_lines": 0, "num_statements": 4, "percent_covered": 0.0, "percent_covered_display": "0", "missing_lines": 4, "excluded_lines": 0}, "missing_lines": [215, 216, 218, 224], "excluded_lines": []}, "EducationalContentGenerator._generate_general_context": {"executed_lines": [], "summary": {"covered_lines": 0, "num_statements": 1, "percent_covered": 0.0, "percent_covered_display": "0", "missing_lines": 1, "excluded_lines": 0}, "missing_lines": [228], "excluded_lines": []}, "EducationalContentGenerator.create_learning_sidebar": {"executed_lines": [], "summary": {"covered_lines": 0, "num_statements": 18, "percent_covered": 0.0, "percent_covered_display": "0", "missing_lines": 18, "excluded_lines": 0}, "missing_lines": [246, 249, 250, 251, 252, 253, 254, 256, 257, 259, 261, 262, 265, 266, 267, 268, 270, 272], "excluded_lines": []}, "": {"executed_lines": [], "summary": {"covered_lines": 0, "num_statements": 15, "percent_covered": 0.0, "percent_covered_display": "0", "missing_lines": 15, "excluded_lines": 0}, "missing_lines": [3, 5, 6, 9, 16, 25, 94, 125, 137, 153, 180, 198, 213, 226, 230], "excluded_lines": []}}, "classes": {"EducationalContentGenerator": {"executed_lines": [], "summary": {"covered_lines": 0, "num_statements": 62, "percent_covered": 0.0, "percent_covered_display": "0", "missing_lines": 62, "excluded_lines": 0}, "missing_lines": [22, 23, 27, 81, 110, 112, 113, 115, 117, 118, 120, 123, 127, 129, 135, 146, 147, 150, 151, 167, 168, 169, 171, 172, 173, 174, 175, 176, 178, 182, 183, 189, 190, 196, 200, 201, 203, 205, 211, 215, 216, 218, 224, 228, 246, 249, 250, 251, 252, 253, 254, 256, 257, 259, 261, 262, 265, 266, 267, 268, 270, 272], "excluded_lines": []}, "": {"executed_lines": [], "summary": {"covered_lines": 0, "num_statements": 15, "percent_covered": 0.0, "percent_covered_display": "0", "missing_lines": 15, "excluded_lines": 0}, "missing_lines": [3, 5, 6, 9, 16, 25, 94, 125, 137, 153, 180, 198, 213, 226, 230], "excluded_lines": []}}}, "src/youtubeviz/enhanced_music_sentiment.py": {"executed_lines": [], "summary": {"covered_lines": 0, "num_statements": 90, "percent_covered": 0.0, "percent_covered_display": "0", "missing_lines": 90, "excluded_lines": 0}, "missing_lines": [8, 9, 11, 14, 27, 31, 241, 264, 294, 305, 315, 316, 318, 319, 322, 323, 326, 327, 328, 329, 332, 333, 334, 335, 338, 339, 341, 342, 343, 344, 346, 349, 352, 354, 356, 357, 358, 360, 361, 362, 363, 364, 365, 368, 371, 372, 374, 375, 377, 378, 380, 382, 384, 386, 388, 391, 394, 397, 399, 405, 408, 459, 460, 462, 463, 465, 466, 467, 468, 469, 471, 472, 473, 474, 476, 478, 479, 481, 482, 484, 485, 486, 487, 489, 491, 495, 497, 500, 502, 503], "excluded_lines": [], "functions": {"ComprehensiveMusicSentimentAnalyzer.__init__": {"executed_lines": [], "summary": {"covered_lines": 0, "num_statements": 4, "percent_covered": 0.0, "percent_covered_display": "0", "missing_lines": 4, "excluded_lines": 0}, "missing_lines": [31, 241, 264, 294], "excluded_lines": []}, "ComprehensiveMusicSentimentAnalyzer.analyze_comment": {"executed_lines": [], "summary": {"covered_lines": 0, "num_statements": 49, "percent_covered": 0.0, "percent_covered_display": "0", "missing_lines": 49, "excluded_lines": 0}, "missing_lines": [315, 316, 318, 319, 322, 323, 326, 327, 328, 329, 332, 333, 334, 335, 338, 339, 341, 342, 343, 344, 346, 349, 352, 354, 356, 357, 358, 360, 361, 362, 363, 364, 365, 368, 371, 372, 374, 375, 377, 378, 380, 382, 384, 386, 388, 391, 394, 397, 399], "excluded_lines": []}, "ComprehensiveMusicSentimentAnalyzer.test_real_comments": {"executed_lines": [], "summary": {"covered_lines": 0, "num_statements": 25, "percent_covered": 0.0, "percent_covered_display": "0", "missing_lines": 25, "excluded_lines": 0}, "missing_lines": [408, 459, 460, 462, 463, 465, 466, 467, 468, 469, 471, 472, 473, 474, 476, 478, 479, 481, 482, 484, 485, 486, 487, 489, 491], "excluded_lines": []}, "get_enhanced_analyzer": {"executed_lines": [], "summary": {"covered_lines": 0, "num_statements": 1, "percent_covered": 0.0, "percent_covered_display": "0", "missing_lines": 1, "excluded_lines": 0}, "missing_lines": [497], "excluded_lines": []}, "": {"executed_lines": [], "summary": {"covered_lines": 0, "num_statements": 11, "percent_covered": 0.0, "percent_covered_display": "0", "missing_lines": 11, "excluded_lines": 0}, "missing_lines": [8, 9, 11, 14, 27, 305, 405, 495, 500, 502, 503], "excluded_lines": []}}, "classes": {"ComprehensiveMusicSentimentAnalyzer": {"executed_lines": [], "summary": {"covered_lines": 0, "num_statements": 78, "percent_covered": 0.0, "percent_covered_display": "0", "missing_lines": 78, "excluded_lines": 0}, "missing_lines": [31, 241, 264, 294, 315, 316, 318, 319, 322, 323, 326, 327, 328, 329, 332, 333, 334, 335, 338, 339, 341, 342, 343, 344, 346, 349, 352, 354, 356, 357, 358, 360, 361, 362, 363, 364, 365, 368, 371, 372, 374, 375, 377, 378, 380, 382, 384, 386, 388, 391, 394, 397, 399, 408, 459, 460, 462, 463, 465, 466, 467, 468, 469, 471, 472, 473, 474, 476, 478, 479, 481, 482, 484, 485, 486, 487, 489, 491], "excluded_lines": []}, "": {"executed_lines": [], "summary": {"covered_lines": 0, "num_statements": 12, "percent_covered": 0.0, "percent_covered_display": "0", "missing_lines": 12, "excluded_lines": 0}, "missing_lines": [8, 9, 11, 14, 27, 305, 405, 495, 497, 500, 502, 503], "excluded_lines": []}}}, "src/youtubeviz/momentum_analysis.py": {"executed_lines": [], "summary": {"covered_lines": 0, "num_statements": 111, "percent_covered": 0.0, "percent_covered_display": "0", "missing_lines": 111, "excluded_lines": 0}, "missing_lines": [13, 14, 15, 17, 18, 21, 22, 26, 27, 28, 31, 32, 35, 38, 41, 44, 45, 47, 57, 58, 61, 64, 65, 68, 70, 71, 74, 75, 77, 79, 89, 90, 93, 96, 99, 100, 105, 107, 108, 111, 112, 114, 116, 126, 127, 129, 131, 132, 135, 139, 141, 143, 153, 154, 156, 158, 159, 162, 163, 164, 167, 168, 169, 172, 174, 176, 187, 195, 196, 197, 198, 201, 208, 209, 210, 211, 212, 213, 215, 216, 218, 229, 239, 241, 242, 244, 245, 247, 250, 251, 253, 255, 265, 267, 268, 269, 270, 272, 273, 274, 275, 276, 277, 279, 281, 284, 295, 298, 301, 304, 311], "excluded_lines": [], "functions": {"ArtistMomentumAnalyzer.__init__": {"executed_lines": [], "summary": {"covered_lines": 0, "num_statements": 1, "percent_covered": 0.0, "percent_covered_display": "0", "missing_lines": 1, "excluded_lines": 0}, "missing_lines": [45], "excluded_lines": []}, "ArtistMomentumAnalyzer.calculate_view_velocity": {"executed_lines": [], "summary": {"covered_lines": 0, "num_statements": 11, "percent_covered": 0.0, "percent_covered_display": "0", "missing_lines": 11, "excluded_lines": 0}, "missing_lines": [57, 58, 61, 64, 65, 68, 70, 71, 74, 75, 77], "excluded_lines": []}, "ArtistMomentumAnalyzer.calculate_engagement_growth": {"executed_lines": [], "summary": {"covered_lines": 0, "num_statements": 12, "percent_covered": 0.0, "percent_covered_display": "0", "missing_lines": 12, "excluded_lines": 0}, "missing_lines": [89, 90, 93, 96, 99, 100, 105, 107, 108, 111, 112, 114], "excluded_lines": []}, "ArtistMomentumAnalyzer.calculate_consistency_score": {"executed_lines": [], "summary": {"covered_lines": 0, "num_statements": 8, "percent_covered": 0.0, "percent_covered_display": "0", "missing_lines": 8, "excluded_lines": 0}, "missing_lines": [126, 127, 129, 131, 132, 135, 139, 141], "excluded_lines": []}, "ArtistMomentumAnalyzer.calculate_viral_coefficient": {"executed_lines": [], "summary": {"covered_lines": 0, "num_statements": 13, "percent_covered": 0.0, "percent_covered_display": "0", "missing_lines": 13, "excluded_lines": 0}, "missing_lines": [153, 154, 156, 158, 159, 162, 163, 164, 167, 168, 169, 172, 174], "excluded_lines": []}, "ArtistMomentumAnalyzer.calculate_momentum_score": {"executed_lines": [], "summary": {"covered_lines": 0, "num_statements": 15, "percent_covered": 0.0, "percent_covered_display": "0", "missing_lines": 15, "excluded_lines": 0}, "missing_lines": [187, 195, 196, 197, 198, 201, 208, 209, 210, 211, 212, 213, 215, 216, 218], "excluded_lines": []}, "ArtistMomentumAnalyzer.analyze_portfolio_momentum": {"executed_lines": [], "summary": {"covered_lines": 0, "num_statements": 9, "percent_covered": 0.0, "percent_covered_display": "0", "missing_lines": 9, "excluded_lines": 0}, "missing_lines": [239, 241, 242, 244, 245, 247, 250, 251, 253], "excluded_lines": []}, "ArtistMomentumAnalyzer.get_investment_recommendations": {"executed_lines": [], "summary": {"covered_lines": 0, "num_statements": 13, "percent_covered": 0.0, "percent_covered_display": "0", "missing_lines": 13, "excluded_lines": 0}, "missing_lines": [265, 267, 268, 269, 270, 272, 273, 274, 275, 276, 277, 279, 281], "excluded_lines": []}, "create_momentum_report": {"executed_lines": [], "summary": {"covered_lines": 0, "num_statements": 5, "percent_covered": 0.0, "percent_covered_display": "0", "missing_lines": 5, "excluded_lines": 0}, "missing_lines": [295, 298, 301, 304, 311], "excluded_lines": []}, "": {"executed_lines": [], "summary": {"covered_lines": 0, "num_statements": 24, "percent_covered": 0.0, "percent_covered_display": "0", "missing_lines": 24, "excluded_lines": 0}, "missing_lines": [13, 14, 15, 17, 18, 21, 22, 26, 27, 28, 31, 32, 35, 38, 41, 44, 47, 79, 116, 143, 176, 229, 255, 284], "excluded_lines": []}}, "classes": {"MomentumConfig": {"executed_lines": [], "summary": {"covered_lines": 0, "num_statements": 0, "percent_covered": 100.0, "percent_covered_display": "100", "missing_lines": 0, "excluded_lines": 0}, "missing_lines": [], "excluded_lines": []}, "ArtistMomentumAnalyzer": {"executed_lines": [], "summary": {"covered_lines": 0, "num_statements": 82, "percent_covered": 0.0, "percent_covered_display": "0", "missing_lines": 82, "excluded_lines": 0}, "missing_lines": [45, 57, 58, 61, 64, 65, 68, 70, 71, 74, 75, 77, 89, 90, 93, 96, 99, 100, 105, 107, 108, 111, 112, 114, 126, 127, 129, 131, 132, 135, 139, 141, 153, 154, 156, 158, 159, 162, 163, 164, 167, 168, 169, 172, 174, 187, 195, 196, 197, 198, 201, 208, 209, 210, 211, 212, 213, 215, 216, 218, 239, 241, 242, 244, 245, 247, 250, 251, 253, 265, 267, 268, 269, 270, 272, 273, 274, 275, 276, 277, 279, 281], "excluded_lines": []}, "": {"executed_lines": [], "summary": {"covered_lines": 0, "num_statements": 29, "percent_covered": 0.0, "percent_covered_display": "0", "missing_lines": 29, "excluded_lines": 0}, "missing_lines": [13, 14, 15, 17, 18, 21, 22, 26, 27, 28, 31, 32, 35, 38, 41, 44, 47, 79, 116, 143, 176, 229, 255, 284, 295, 298, 301, 304, 311], "excluded_lines": []}}}, "src/youtubeviz/music_sentiment.py": {"executed_lines": [], "summary": {"covered_lines": 0, "num_statements": 92, "percent_covered": 0.0, "percent_covered_display": "0", "missing_lines": 92, "excluded_lines": 0}, "missing_lines": [8, 9, 10, 12, 15, 16, 20, 171, 190, 203, 212, 222, 225, 226, 228, 235, 236, 238, 241, 242, 245, 246, 247, 248, 251, 252, 255, 256, 257, 258, 259, 262, 264, 265, 266, 268, 271, 272, 273, 276, 277, 279, 280, 282, 283, 286, 289, 292, 294, 300, 302, 303, 304, 305, 307, 309, 311, 312, 313, 315, 318, 328, 330, 332, 335, 336, 337, 340, 342, 344, 345, 355, 356, 359, 360, 362, 376, 377, 380, 381, 382, 383, 394, 395, 398, 399, 410, 411, 413, 415, 417, 418], "excluded_lines": [], "functions": {"MusicIndustrySentimentAnalyzer.__init__": {"executed_lines": [], "summary": {"covered_lines": 0, "num_statements": 1, "percent_covered": 0.0, "percent_covered_display": "0", "missing_lines": 1, "excluded_lines": 0}, "missing_lines": [226], "excluded_lines": []}, "MusicIndustrySentimentAnalyzer.analyze_comment": {"executed_lines": [], "summary": {"covered_lines": 0, "num_statements": 34, "percent_covered": 0.0, "percent_covered_display": "0", "missing_lines": 34, "excluded_lines": 0}, "missing_lines": [235, 236, 238, 241, 242, 245, 246, 247, 248, 251, 252, 255, 256, 257, 258, 259, 262, 264, 265, 266, 268, 271, 272, 273, 276, 277, 279, 280, 282, 283, 286, 289, 292, 294], "excluded_lines": []}, "MusicIndustrySentimentAnalyzer._detect_beat_appreciation": {"executed_lines": [], "summary": {"covered_lines": 0, "num_statements": 4, "percent_covered": 0.0, "percent_covered_display": "0", "missing_lines": 4, "excluded_lines": 0}, "missing_lines": [302, 303, 304, 305], "excluded_lines": []}, "MusicIndustrySentimentAnalyzer.analyze_batch": {"executed_lines": [], "summary": {"covered_lines": 0, "num_statements": 5, "percent_covered": 0.0, "percent_covered_display": "0", "missing_lines": 5, "excluded_lines": 0}, "missing_lines": [309, 311, 312, 313, 315], "excluded_lines": []}, "update_comment_sentiment_table": {"executed_lines": [], "summary": {"covered_lines": 0, "num_statements": 31, "percent_covered": 0.0, "percent_covered_display": "0", "missing_lines": 31, "excluded_lines": 0}, "missing_lines": [328, 330, 332, 335, 336, 337, 340, 342, 344, 345, 355, 356, 359, 360, 362, 376, 377, 380, 381, 382, 383, 394, 395, 398, 399, 410, 411, 413, 415, 417, 418], "excluded_lines": []}, "": {"executed_lines": [], "summary": {"covered_lines": 0, "num_statements": 17, "percent_covered": 0.0, "percent_covered_display": "0", "missing_lines": 17, "excluded_lines": 0}, "missing_lines": [8, 9, 10, 12, 15, 16, 20, 171, 190, 203, 212, 222, 225, 228, 300, 307, 318], "excluded_lines": []}}, "classes": {"MusicSentimentConfig": {"executed_lines": [], "summary": {"covered_lines": 0, "num_statements": 0, "percent_covered": 100.0, "percent_covered_display": "100", "missing_lines": 0, "excluded_lines": 0}, "missing_lines": [], "excluded_lines": []}, "MusicIndustrySentimentAnalyzer": {"executed_lines": [], "summary": {"covered_lines": 0, "num_statements": 44, "percent_covered": 0.0, "percent_covered_display": "0", "missing_lines": 44, "excluded_lines": 0}, "missing_lines": [226, 235, 236, 238, 241, 242, 245, 246, 247, 248, 251, 252, 255, 256, 257, 258, 259, 262, 264, 265, 266, 268, 271, 272, 273, 276, 277, 279, 280, 282, 283, 286, 289, 292, 294, 302, 303, 304, 305, 309, 311, 312, 313, 315], "excluded_lines": []}, "": {"executed_lines": [], "summary": {"covered_lines": 0, "num_statements": 48, "percent_covered": 0.0, "percent_covered_display": "0", "missing_lines": 48, "excluded_lines": 0}, "missing_lines": [8, 9, 10, 12, 15, 16, 20, 171, 190, 203, 212, 222, 225, 228, 300, 307, 318, 328, 330, 332, 335, 336, 337, 340, 342, 344, 345, 355, 356, 359, 360, 362, 376, 377, 380, 381, 382, 383, 394, 395, 398, 399, 410, 411, 413, 415, 417, 418], "excluded_lines": []}}}, "src/youtubeviz/notebook_templates.py": {"executed_lines": [], "summary": {"covered_lines": 0, "num_statements": 140, "percent_covered": 0.0, "percent_covered_display": "0", "missing_lines": 140, "excluded_lines": 0}, "missing_lines": [3, 5, 6, 7, 8, 11, 12, 20, 21, 22, 25, 26, 27, 30, 31, 32, 35, 36, 37, 40, 41, 44, 45, 47, 49, 50, 52, 54, 55, 56, 58, 59, 60, 62, 63, 64, 66, 67, 69, 70, 72, 75, 76, 77, 80, 81, 82, 84, 85, 86, 89, 90, 91, 93, 94, 101, 102, 103, 105, 106, 108, 114, 116, 136, 143, 149, 150, 151, 153, 171, 179, 180, 181, 183, 197, 198, 200, 207, 208, 209, 210, 212, 214, 230, 231, 233, 241, 242, 243, 244, 246, 248, 269, 283, 289, 295, 298, 303, 306, 308, 313, 316, 317, 318, 319, 320, 328, 331, 342, 344, 350, 352, 354, 355, 357, 358, 360, 362, 364, 365, 367, 368, 369, 371, 372, 374, 376, 378, 380, 381, 390, 393, 397, 401, 408, 412, 416, 417, 421, 428], "excluded_lines": [], "functions": {"NotebookConfig.__post_init__": {"executed_lines": [], "summary": {"covered_lines": 0, "num_statements": 2, "percent_covered": 0.0, "percent_covered_display": "0", "missing_lines": 2, "excluded_lines": 0}, "missing_lines": [49, 50], "excluded_lines": []}, "NotebookConfig._validate_config": {"executed_lines": [], "summary": {"covered_lines": 0, "num_statements": 13, "percent_covered": 0.0, "percent_covered_display": "0", "missing_lines": 13, "excluded_lines": 0}, "missing_lines": [54, 55, 56, 58, 59, 60, 62, 63, 64, 66, 67, 69, 70], "excluded_lines": []}, "NotebookConfig._load_env_defaults": {"executed_lines": [], "summary": {"covered_lines": 0, "num_statements": 12, "percent_covered": 0.0, "percent_covered_display": "0", "missing_lines": 12, "excluded_lines": 0}, "missing_lines": [75, 76, 77, 80, 81, 82, 84, 85, 86, 89, 90, 91], "excluded_lines": []}, "NotebookConfig.from_env": {"executed_lines": [], "summary": {"covered_lines": 0, "num_statements": 6, "percent_covered": 0.0, "percent_covered_display": "0", "missing_lines": 6, "excluded_lines": 0}, "missing_lines": [101, 102, 103, 105, 106, 108], "excluded_lines": []}, "NotebookConfig.to_dict": {"executed_lines": [], "summary": {"covered_lines": 0, "num_statements": 1, "percent_covered": 0.0, "percent_covered_display": "0", "missing_lines": 1, "excluded_lines": 0}, "missing_lines": [116], "excluded_lines": []}, "StorytellingNotebook.__init__": {"executed_lines": [], "summary": {"covered_lines": 0, "num_statements": 3, "percent_covered": 0.0, "percent_covered_display": "0", "missing_lines": 3, "excluded_lines": 0}, "missing_lines": [149, 150, 151], "excluded_lines": []}, "StorytellingNotebook.add_section": {"executed_lines": [], "summary": {"covered_lines": 0, "num_statements": 4, "percent_covered": 0.0, "percent_covered_display": "0", "missing_lines": 4, "excluded_lines": 0}, "missing_lines": [171, 179, 180, 181], "excluded_lines": []}, "StorytellingNotebook.add_markdown_cell": {"executed_lines": [], "summary": {"covered_lines": 0, "num_statements": 8, "percent_covered": 0.0, "percent_covered_display": "0", "missing_lines": 8, "excluded_lines": 0}, "missing_lines": [197, 198, 200, 207, 208, 209, 210, 212], "excluded_lines": []}, "StorytellingNotebook.add_code_cell": {"executed_lines": [], "summary": {"covered_lines": 0, "num_statements": 8, "percent_covered": 0.0, "percent_covered_display": "0", "missing_lines": 8, "excluded_lines": 0}, "missing_lines": [230, 231, 233, 241, 242, 243, 244, 246], "excluded_lines": []}, "StorytellingNotebook.add_story_block_cell": {"executed_lines": [], "summary": {"covered_lines": 0, "num_statements": 2, "percent_covered": 0.0, "percent_covered_display": "0", "missing_lines": 2, "excluded_lines": 0}, "missing_lines": [269, 283], "excluded_lines": []}, "StorytellingNotebook.generate_notebook_json": {"executed_lines": [], "summary": {"covered_lines": 0, "num_statements": 14, "percent_covered": 0.0, "percent_covered_display": "0", "missing_lines": 14, "excluded_lines": 0}, "missing_lines": [295, 298, 303, 306, 308, 313, 316, 317, 318, 319, 320, 328, 331, 342], "excluded_lines": []}, "StorytellingNotebook.save_notebook": {"executed_lines": [], "summary": {"covered_lines": 0, "num_statements": 6, "percent_covered": 0.0, "percent_covered_display": "0", "missing_lines": 6, "excluded_lines": 0}, "missing_lines": [350, 352, 354, 355, 357, 358], "excluded_lines": []}, "StorytellingNotebook._generate_notebook_header": {"executed_lines": [], "summary": {"covered_lines": 0, "num_statements": 9, "percent_covered": 0.0, "percent_covered_display": "0", "missing_lines": 9, "excluded_lines": 0}, "missing_lines": [362, 364, 365, 367, 368, 369, 371, 372, 374], "excluded_lines": []}, "StorytellingNotebook._get_theme": {"executed_lines": [], "summary": {"covered_lines": 0, "num_statements": 1, "percent_covered": 0.0, "percent_covered_display": "0", "missing_lines": 1, "excluded_lines": 0}, "missing_lines": [378], "excluded_lines": []}, "StorytellingNotebook.create_artist_comparison_template": {"executed_lines": [], "summary": {"covered_lines": 0, "num_statements": 10, "percent_covered": 0.0, "percent_covered_display": "0", "missing_lines": 10, "excluded_lines": 0}, "missing_lines": [390, 393, 397, 401, 408, 412, 416, 417, 421, 428], "excluded_lines": []}, "": {"executed_lines": [], "summary": {"covered_lines": 0, "num_statements": 41, "percent_covered": 0.0, "percent_covered_display": "0", "missing_lines": 41, "excluded_lines": 0}, "missing_lines": [3, 5, 6, 7, 8, 11, 12, 20, 21, 22, 25, 26, 27, 30, 31, 32, 35, 36, 37, 40, 41, 44, 45, 47, 52, 72, 93, 94, 114, 136, 143, 153, 183, 214, 248, 289, 344, 360, 376, 380, 381], "excluded_lines": []}}, "classes": {"NotebookConfig": {"executed_lines": [], "summary": {"covered_lines": 0, "num_statements": 34, "percent_covered": 0.0, "percent_covered_display": "0", "missing_lines": 34, "excluded_lines": 0}, "missing_lines": [49, 50, 54, 55, 56, 58, 59, 60, 62, 63, 64, 66, 67, 69, 70, 75, 76, 77, 80, 81, 82, 84, 85, 86, 89, 90, 91, 101, 102, 103, 105, 106, 108, 116], "excluded_lines": []}, "StorytellingNotebook": {"executed_lines": [], "summary": {"covered_lines": 0, "num_statements": 65, "percent_covered": 0.0, "percent_covered_display": "0", "missing_lines": 65, "excluded_lines": 0}, "missing_lines": [149, 150, 151, 171, 179, 180, 181, 197, 198, 200, 207, 208, 209, 210, 212, 230, 231, 233, 241, 242, 243, 244, 246, 269, 283, 295, 298, 303, 306, 308, 313, 316, 317, 318, 319, 320, 328, 331, 342, 350, 352, 354, 355, 357, 358, 362, 364, 365, 367, 368, 369, 371, 372, 374, 378, 390, 393, 397, 401, 408, 412, 416, 417, 421, 428], "excluded_lines": []}, "": {"executed_lines": [], "summary": {"covered_lines": 0, "num_statements": 41, "percent_covered": 0.0, "percent_covered_display": "0", "missing_lines": 41, "excluded_lines": 0}, "missing_lines": [3, 5, 6, 7, 8, 11, 12, 20, 21, 22, 25, 26, 27, 30, 31, 32, 35, 36, 37, 40, 41, 44, 45, 47, 52, 72, 93, 94, 114, 136, 143, 153, 183, 214, 248, 289, 344, 360, 376, 380, 381], "excluded_lines": []}}}, "src/youtubeviz/operations_monitor.py": {"executed_lines": [], "summary": {"covered_lines": 0, "num_statements": 120, "percent_covered": 0.0, "percent_covered_display": "0", "missing_lines": 120, "excluded_lines": 0}, "missing_lines": [3, 5, 6, 7, 8, 10, 11, 13, 15, 22, 23, 26, 27, 28, 29, 30, 31, 32, 34, 36, 47, 49, 50, 52, 54, 55, 56, 58, 60, 65, 67, 68, 69, 70, 71, 73, 74, 75, 77, 78, 80, 81, 82, 83, 85, 88, 95, 97, 98, 104, 106, 107, 108, 112, 113, 114, 116, 117, 118, 124, 131, 142, 151, 152, 154, 155, 156, 158, 159, 203, 205, 206, 207, 208, 209, 212, 216, 217, 218, 219, 220, 221, 224, 229, 230, 231, 232, 233, 236, 237, 238, 239, 242, 243, 244, 245, 246, 249, 250, 251, 252, 253, 254, 257, 262, 263, 264, 265, 268, 274, 275, 276, 277, 278, 279, 280, 281, 282, 283, 284], "excluded_lines": [], "functions": {"OperationalHealthSnapshot.to_dict": {"executed_lines": [], "summary": {"covered_lines": 0, "num_statements": 1, "percent_covered": 0.0, "percent_covered_display": "0", "missing_lines": 1, "excluded_lines": 0}, "missing_lines": [36], "excluded_lines": []}, "_prepare_dataframe": {"executed_lines": [], "summary": {"covered_lines": 0, "num_statements": 24, "percent_covered": 0.0, "percent_covered_display": "0", "missing_lines": 24, "excluded_lines": 0}, "missing_lines": [49, 50, 52, 54, 55, 56, 58, 60, 65, 67, 68, 69, 70, 71, 73, 74, 75, 77, 78, 80, 81, 82, 83, 85], "excluded_lines": []}, "analyze_operational_health": {"executed_lines": [], "summary": {"covered_lines": 0, "num_statements": 15, "percent_covered": 0.0, "percent_covered_display": "0", "missing_lines": 15, "excluded_lines": 0}, "missing_lines": [95, 97, 98, 104, 106, 107, 108, 112, 113, 114, 116, 117, 118, 124, 131], "excluded_lines": []}, "record_operational_health_snapshot": {"executed_lines": [], "summary": {"covered_lines": 0, "num_statements": 7, "percent_covered": 0.0, "percent_covered_display": "0", "missing_lines": 7, "excluded_lines": 0}, "missing_lines": [151, 152, 154, 155, 156, 158, 159], "excluded_lines": []}, "_coerce_to_utc": {"executed_lines": [], "summary": {"covered_lines": 0, "num_statements": 5, "percent_covered": 0.0, "percent_covered_display": "0", "missing_lines": 5, "excluded_lines": 0}, "missing_lines": [205, 206, 207, 208, 209], "excluded_lines": []}, "_evaluate_freshness": {"executed_lines": [], "summary": {"covered_lines": 0, "num_statements": 6, "percent_covered": 0.0, "percent_covered_display": "0", "missing_lines": 6, "excluded_lines": 0}, "missing_lines": [216, 217, 218, 219, 220, 221], "excluded_lines": []}, "_partition_artist_freshness": {"executed_lines": [], "summary": {"covered_lines": 0, "num_statements": 5, "percent_covered": 0.0, "percent_covered_display": "0", "missing_lines": 5, "excluded_lines": 0}, "missing_lines": [229, 230, 231, 232, 233], "excluded_lines": []}, "_calculate_coverage_ratio": {"executed_lines": [], "summary": {"covered_lines": 0, "num_statements": 3, "percent_covered": 0.0, "percent_covered_display": "0", "missing_lines": 3, "excluded_lines": 0}, "missing_lines": [237, 238, 239], "excluded_lines": []}, "_calculate_average_daily_views": {"executed_lines": [], "summary": {"covered_lines": 0, "num_statements": 4, "percent_covered": 0.0, "percent_covered_display": "0", "missing_lines": 4, "excluded_lines": 0}, "missing_lines": [243, 244, 245, 246], "excluded_lines": []}, "_calculate_engagement_rate": {"executed_lines": [], "summary": {"covered_lines": 0, "num_statements": 5, "percent_covered": 0.0, "percent_covered_display": "0", "missing_lines": 5, "excluded_lines": 0}, "missing_lines": [250, 251, 252, 253, 254], "excluded_lines": []}, "_score_reliability": {"executed_lines": [], "summary": {"covered_lines": 0, "num_statements": 4, "percent_covered": 0.0, "percent_covered_display": "0", "missing_lines": 4, "excluded_lines": 0}, "missing_lines": [262, 263, 264, 265], "excluded_lines": []}, "_build_operational_notes": {"executed_lines": [], "summary": {"covered_lines": 0, "num_statements": 11, "percent_covered": 0.0, "percent_covered_display": "0", "missing_lines": 11, "excluded_lines": 0}, "missing_lines": [274, 275, 276, 277, 278, 279, 280, 281, 282, 283, 284], "excluded_lines": []}, "": {"executed_lines": [], "summary": {"covered_lines": 0, "num_statements": 30, "percent_covered": 0.0, "percent_covered_display": "0", "missing_lines": 30, "excluded_lines": 0}, "missing_lines": [3, 5, 6, 7, 8, 10, 11, 13, 15, 22, 23, 26, 27, 28, 29, 30, 31, 32, 34, 47, 88, 142, 203, 212, 224, 236, 242, 249, 257, 268], "excluded_lines": []}}, "classes": {"OperationalHealthSnapshot": {"executed_lines": [], "summary": {"covered_lines": 0, "num_statements": 1, "percent_covered": 0.0, "percent_covered_display": "0", "missing_lines": 1, "excluded_lines": 0}, "missing_lines": [36], "excluded_lines": []}, "": {"executed_lines": [], "summary": {"covered_lines": 0, "num_statements": 119, "percent_covered": 0.0, "percent_covered_display": "0", "missing_lines": 119, "excluded_lines": 0}, "missing_lines": [3, 5, 6, 7, 8, 10, 11, 13, 15, 22, 23, 26, 27, 28, 29, 30, 31, 32, 34, 47, 49, 50, 52, 54, 55, 56, 58, 60, 65, 67, 68, 69, 70, 71, 73, 74, 75, 77, 78, 80, 81, 82, 83, 85, 88, 95, 97, 98, 104, 106, 107, 108, 112, 113, 114, 116, 117, 118, 124, 131, 142, 151, 152, 154, 155, 156, 158, 159, 203, 205, 206, 207, 208, 209, 212, 216, 217, 218, 219, 220, 221, 224, 229, 230, 231, 232, 233, 236, 237, 238, 239, 242, 243, 244, 245, 246, 249, 250, 251, 252, 253, 254, 257, 262, 263, 264, 265, 268, 274, 275, 276, 277, 278, 279, 280, 281, 282, 283, 284], "excluded_lines": []}}}, "src/youtubeviz/production_music_sentiment.py": {"executed_lines": [], "summary": {"covered_lines": 0, "num_statements": 138, "percent_covered": 0.0, "percent_covered_display": "0", "missing_lines": 138, "excluded_lines": 0}, "missing_lines": [23, 24, 25, 26, 28, 31, 33, 39, 47, 54, 55, 56, 57, 59, 60, 63, 92, 94, 95, 98, 99, 100, 101, 102, 105, 107, 108, 109, 110, 111, 112, 115, 117, 127, 128, 130, 131, 134, 135, 138, 139, 140, 141, 144, 145, 146, 147, 150, 151, 153, 154, 155, 156, 158, 161, 164, 166, 168, 169, 170, 171, 172, 173, 174, 175, 176, 178, 181, 182, 184, 185, 187, 188, 190, 192, 194, 196, 198, 201, 204, 207, 209, 215, 217, 219, 220, 221, 222, 224, 226, 228, 229, 238, 249, 260, 261, 264, 267, 268, 269, 271, 272, 273, 276, 277, 278, 279, 281, 283, 285, 286, 288, 298, 300, 310, 312, 315, 317, 320, 321, 322, 323, 324, 325, 326, 327, 328, 331, 332, 333, 334, 337, 338, 340, 341, 342, 347, 348], "excluded_lines": [], "functions": {"ProductionMusicSentimentAnalyzer.__init__": {"executed_lines": [], "summary": {"covered_lines": 0, "num_statements": 7, "percent_covered": 0.0, "percent_covered_display": "0", "missing_lines": 7, "excluded_lines": 0}, "missing_lines": [54, 55, 56, 57, 59, 60, 63], "excluded_lines": []}, "ProductionMusicSentimentAnalyzer._load_phrases_from_dataset": {"executed_lines": [], "summary": {"covered_lines": 0, "num_statements": 15, "percent_covered": 0.0, "percent_covered_display": "0", "missing_lines": 15, "excluded_lines": 0}, "missing_lines": [94, 95, 98, 99, 100, 101, 102, 105, 107, 108, 109, 110, 111, 112, 115], "excluded_lines": []}, "ProductionMusicSentimentAnalyzer.analyze_comment": {"executed_lines": [], "summary": {"covered_lines": 0, "num_statements": 49, "percent_covered": 0.0, "percent_covered_display": "0", "missing_lines": 49, "excluded_lines": 0}, "missing_lines": [127, 128, 130, 131, 134, 135, 138, 139, 140, 141, 144, 145, 146, 147, 150, 151, 153, 154, 155, 156, 158, 161, 164, 166, 168, 169, 170, 171, 172, 173, 174, 175, 176, 178, 181, 182, 184, 185, 187, 188, 190, 192, 194, 196, 198, 201, 204, 207, 209], "excluded_lines": []}, "ProductionMusicSentimentAnalyzer.analyze_batch": {"executed_lines": [], "summary": {"covered_lines": 0, "num_statements": 6, "percent_covered": 0.0, "percent_covered_display": "0", "missing_lines": 6, "excluded_lines": 0}, "missing_lines": [217, 219, 220, 221, 222, 224], "excluded_lines": []}, "ProductionMusicSentimentAnalyzer.get_model_info": {"executed_lines": [], "summary": {"covered_lines": 0, "num_statements": 3, "percent_covered": 0.0, "percent_covered_display": "0", "missing_lines": 3, "excluded_lines": 0}, "missing_lines": [228, 229, 238], "excluded_lines": []}, "ProductionMusicSentimentAnalyzer.test_on_dataset": {"executed_lines": [], "summary": {"covered_lines": 0, "num_statements": 20, "percent_covered": 0.0, "percent_covered_display": "0", "missing_lines": 20, "excluded_lines": 0}, "missing_lines": [260, 261, 264, 267, 268, 269, 271, 272, 273, 276, 277, 278, 279, 281, 283, 285, 286, 288, 298, 300], "excluded_lines": []}, "get_production_analyzer": {"executed_lines": [], "summary": {"covered_lines": 0, "num_statements": 1, "percent_covered": 0.0, "percent_covered_display": "0", "missing_lines": 1, "excluded_lines": 0}, "missing_lines": [312], "excluded_lines": []}, "": {"executed_lines": [], "summary": {"covered_lines": 0, "num_statements": 37, "percent_covered": 0.0, "percent_covered_display": "0", "missing_lines": 37, "excluded_lines": 0}, "missing_lines": [23, 24, 25, 26, 28, 31, 33, 39, 47, 92, 117, 215, 226, 249, 310, 315, 317, 320, 321, 322, 323, 324, 325, 326, 327, 328, 331, 332, 333, 334, 337, 338, 340, 341, 342, 347, 348], "excluded_lines": []}}, "classes": {"ProductionMusicSentimentAnalyzer": {"executed_lines": [], "summary": {"covered_lines": 0, "num_statements": 100, "percent_covered": 0.0, "percent_covered_display": "0", "missing_lines": 100, "excluded_lines": 0}, "missing_lines": [54, 55, 56, 57, 59, 60, 63, 94, 95, 98, 99, 100, 101, 102, 105, 107, 108, 109, 110, 111, 112, 115, 127, 128, 130, 131, 134, 135, 138, 139, 140, 141, 144, 145, 146, 147, 150, 151, 153, 154, 155, 156, 158, 161, 164, 166, 168, 169, 170, 171, 172, 173, 174, 175, 176, 178, 181, 182, 184, 185, 187, 188, 190, 192, 194, 196, 198, 201, 204, 207, 209, 217, 219, 220, 221, 222, 224, 228, 229, 238, 260, 261, 264, 267, 268, 269, 271, 272, 273, 276, 277, 278, 279, 281, 283, 285, 286, 288, 298, 300], "excluded_lines": []}, "": {"executed_lines": [], "summary": {"covered_lines": 0, "num_statements": 38, "percent_covered": 0.0, "percent_covered_display": "0", "missing_lines": 38, "excluded_lines": 0}, "missing_lines": [23, 24, 25, 26, 28, 31, 33, 39, 47, 92, 117, 215, 226, 249, 310, 312, 315, 317, 320, 321, 322, 323, 324, 325, 326, 327, 328, 331, 332, 333, 334, 337, 338, 340, 341, 342, 347, 348], "excluded_lines": []}}}, "src/youtubeviz/storytelling.py": {"executed_lines": [], "summary": {"covered_lines": 0, "num_statements": 262, "percent_covered": 0.0, "percent_covered_display": "0", "missing_lines": 262, "excluded_lines": 0}, "missing_lines": [1, 3, 4, 5, 7, 10, 11, 12, 15, 38, 39, 40, 42, 46, 48, 49, 50, 52, 53, 55, 57, 58, 60, 70, 71, 72, 73, 76, 86, 87, 88, 89, 90, 91, 92, 93, 94, 95, 96, 99, 115, 117, 118, 119, 120, 122, 124, 130, 132, 133, 136, 139, 155, 173, 174, 176, 179, 197, 220, 221, 222, 224, 226, 227, 229, 232, 250, 258, 263, 265, 268, 269, 270, 272, 280, 283, 286, 289, 292, 313, 323, 324, 325, 336, 339, 340, 349, 352, 353, 354, 355, 365, 368, 369, 370, 371, 373, 374, 382, 383, 384, 385, 389, 392, 393, 394, 395, 396, 397, 399, 402, 404, 405, 406, 407, 415, 416, 417, 423, 425, 426, 427, 428, 436, 439, 441, 442, 443, 444, 445, 447, 448, 452, 453, 454, 460, 474, 475, 476, 477, 478, 479, 480, 481, 482, 483, 484, 485, 486, 487, 488, 490, 491, 492, 493, 496, 497, 498, 506, 507, 508, 509, 510, 512, 513, 515, 530, 545, 546, 548, 549, 550, 552, 553, 555, 556, 558, 559, 560, 561, 562, 566, 567, 568, 569, 570, 571, 573, 574, 575, 576, 577, 578, 579, 584, 585, 586, 588, 591, 602, 603, 605, 608, 609, 610, 611, 614, 615, 616, 617, 618, 619, 620, 621, 622, 623, 625, 626, 627, 629, 632, 633, 634, 635, 636, 639, 640, 641, 642, 643, 644, 645, 646, 647, 648, 651, 653, 654, 656, 657, 659, 660, 662, 663, 665, 668, 679, 681, 728, 729, 731, 733, 734, 735, 737, 738, 740, 743, 744, 745, 746, 748], "excluded_lines": [], "functions": {"_join_bullets": {"executed_lines": [], "summary": {"covered_lines": 0, "num_statements": 2, "percent_covered": 0.0, "percent_covered_display": "0", "missing_lines": 2, "excluded_lines": 0}, "missing_lines": [11, 12], "excluded_lines": []}, "story_block": {"executed_lines": [], "summary": {"covered_lines": 0, "num_statements": 18, "percent_covered": 0.0, "percent_covered_display": "0", "missing_lines": 18, "excluded_lines": 0}, "missing_lines": [38, 39, 40, 42, 46, 48, 49, 50, 52, 53, 55, 57, 58, 60, 70, 71, 72, 73], "excluded_lines": []}, "quick_takeaways": {"executed_lines": [], "summary": {"covered_lines": 0, "num_statements": 11, "percent_covered": 0.0, "percent_covered_display": "0", "missing_lines": 11, "excluded_lines": 0}, "missing_lines": [86, 87, 88, 89, 90, 91, 92, 93, 94, 95, 96], "excluded_lines": []}, "narrative_intro": {"executed_lines": [], "summary": {"covered_lines": 0, "num_statements": 11, "percent_covered": 0.0, "percent_covered_display": "0", "missing_lines": 11, "excluded_lines": 0}, "missing_lines": [115, 117, 118, 119, 120, 122, 124, 130, 132, 133, 136], "excluded_lines": []}, "educational_sidebar": {"executed_lines": [], "summary": {"covered_lines": 0, "num_statements": 4, "percent_covered": 0.0, "percent_covered_display": "0", "missing_lines": 4, "excluded_lines": 0}, "missing_lines": [155, 173, 174, 176], "excluded_lines": []}, "section_transition": {"executed_lines": [], "summary": {"covered_lines": 0, "num_statements": 8, "percent_covered": 0.0, "percent_covered_display": "0", "missing_lines": 8, "excluded_lines": 0}, "missing_lines": [197, 220, 221, 222, 224, 226, 227, 229], "excluded_lines": []}, "chart_context": {"executed_lines": [], "summary": {"covered_lines": 0, "num_statements": 8, "percent_covered": 0.0, "percent_covered_display": "0", "missing_lines": 8, "excluded_lines": 0}, "missing_lines": [250, 258, 263, 265, 268, 269, 270, 272], "excluded_lines": []}, "validate_data_for_storytelling": {"executed_lines": [], "summary": {"covered_lines": 0, "num_statements": 31, "percent_covered": 0.0, "percent_covered_display": "0", "missing_lines": 31, "excluded_lines": 0}, "missing_lines": [313, 323, 324, 325, 336, 339, 340, 349, 352, 353, 354, 355, 365, 368, 369, 370, 371, 373, 374, 382, 383, 384, 385, 389, 392, 393, 394, 395, 396, 397, 399], "excluded_lines": []}, "_validate_artist_comparison_data": {"executed_lines": [], "summary": {"covered_lines": 0, "num_statements": 7, "percent_covered": 0.0, "percent_covered_display": "0", "missing_lines": 7, "excluded_lines": 0}, "missing_lines": [404, 405, 406, 407, 415, 416, 417], "excluded_lines": []}, "_validate_sentiment_data": {"executed_lines": [], "summary": {"covered_lines": 0, "num_statements": 5, "percent_covered": 0.0, "percent_covered_display": "0", "missing_lines": 5, "excluded_lines": 0}, "missing_lines": [425, 426, 427, 428, 436], "excluded_lines": []}, "_validate_trend_data": {"executed_lines": [], "summary": {"covered_lines": 0, "num_statements": 10, "percent_covered": 0.0, "percent_covered_display": "0", "missing_lines": 10, "excluded_lines": 0}, "missing_lines": [441, 442, 443, 444, 445, 447, 448, 452, 453, 454], "excluded_lines": []}, "create_confidence_indicator": {"executed_lines": [], "summary": {"covered_lines": 0, "num_statements": 30, "percent_covered": 0.0, "percent_covered_display": "0", "missing_lines": 30, "excluded_lines": 0}, "missing_lines": [474, 475, 476, 477, 478, 479, 480, 481, 482, 483, 484, 485, 486, 487, 488, 490, 491, 492, 493, 496, 497, 498, 506, 507, 508, 509, 510, 512, 513, 515], "excluded_lines": []}, "handle_missing_data_gracefully": {"executed_lines": [], "summary": {"covered_lines": 0, "num_statements": 31, "percent_covered": 0.0, "percent_covered_display": "0", "missing_lines": 31, "excluded_lines": 0}, "missing_lines": [545, 546, 548, 549, 550, 552, 553, 555, 556, 558, 559, 560, 561, 562, 566, 567, 568, 569, 570, 571, 573, 574, 575, 576, 577, 578, 579, 584, 585, 586, 588], "excluded_lines": []}, "generate_data_quality_report": {"executed_lines": [], "summary": {"covered_lines": 0, "num_statements": 46, "percent_covered": 0.0, "percent_covered_display": "0", "missing_lines": 46, "excluded_lines": 0}, "missing_lines": [602, 603, 605, 608, 609, 610, 611, 614, 615, 616, 617, 618, 619, 620, 621, 622, 623, 625, 626, 627, 629, 632, 633, 634, 635, 636, 639, 640, 641, 642, 643, 644, 645, 646, 647, 648, 651, 653, 654, 656, 657, 659, 660, 662, 663, 665], "excluded_lines": []}, "create_error_recovery_suggestions": {"executed_lines": [], "summary": {"covered_lines": 0, "num_statements": 16, "percent_covered": 0.0, "percent_covered_display": "0", "missing_lines": 16, "excluded_lines": 0}, "missing_lines": [679, 681, 728, 729, 731, 733, 734, 735, 737, 738, 740, 743, 744, 745, 746, 748], "excluded_lines": []}, "": {"executed_lines": [], "summary": {"covered_lines": 0, "num_statements": 24, "percent_covered": 0.0, "percent_covered_display": "0", "missing_lines": 24, "excluded_lines": 0}, "missing_lines": [1, 3, 4, 5, 7, 10, 15, 76, 99, 139, 179, 232, 280, 283, 286, 289, 292, 402, 423, 439, 460, 530, 591, 668], "excluded_lines": []}}, "classes": {"StorytellingDataError": {"executed_lines": [], "summary": {"covered_lines": 0, "num_statements": 0, "percent_covered": 100.0, "percent_covered_display": "100", "missing_lines": 0, "excluded_lines": 0}, "missing_lines": [], "excluded_lines": []}, "DataQualityWarning": {"executed_lines": [], "summary": {"covered_lines": 0, "num_statements": 0, "percent_covered": 100.0, "percent_covered_display": "100", "missing_lines": 0, "excluded_lines": 0}, "missing_lines": [], "excluded_lines": []}, "": {"executed_lines": [], "summary": {"covered_lines": 0, "num_statements": 262, "percent_covered": 0.0, "percent_covered_display": "0", "missing_lines": 262, "excluded_lines": 0}, "missing_lines": [1, 3, 4, 5, 7, 10, 11, 12, 15, 38, 39, 40, 42, 46, 48, 49, 50, 52, 53, 55, 57, 58, 60, 70, 71, 72, 73, 76, 86, 87, 88, 89, 90, 91, 92, 93, 94, 95, 96, 99, 115, 117, 118, 119, 120, 122, 124, 130, 132, 133, 136, 139, 155, 173, 174, 176, 179, 197, 220, 221, 222, 224, 226, 227, 229, 232, 250, 258, 263, 265, 268, 269, 270, 272, 280, 283, 286, 289, 292, 313, 323, 324, 325, 336, 339, 340, 349, 352, 353, 354, 355, 365, 368, 369, 370, 371, 373, 374, 382, 383, 384, 385, 389, 392, 393, 394, 395, 396, 397, 399, 402, 404, 405, 406, 407, 415, 416, 417, 423, 425, 426, 427, 428, 436, 439, 441, 442, 443, 444, 445, 447, 448, 452, 453, 454, 460, 474, 475, 476, 477, 478, 479, 480, 481, 482, 483, 484, 485, 486, 487, 488, 490, 491, 492, 493, 496, 497, 498, 506, 507, 508, 509, 510, 512, 513, 515, 530, 545, 546, 548, 549, 550, 552, 553, 555, 556, 558, 559, 560, 561, 562, 566, 567, 568, 569, 570, 571, 573, 574, 575, 576, 577, 578, 579, 584, 585, 586, 588, 591, 602, 603, 605, 608, 609, 610, 611, 614, 615, 616, 617, 618, 619, 620, 621, 622, 623, 625, 626, 627, 629, 632, 633, 634, 635, 636, 639, 640, 641, 642, 643, 644, 645, 646, 647, 648, 651, 653, 654, 656, 657, 659, 660, 662, 663, 665, 668, 679, 681, 728, 729, 731, 733, 734, 735, 737, 738, 740, 743, 744, 745, 746, 748], "excluded_lines": []}}}, "src/youtubeviz/utils.py": {"executed_lines": [], "summary": {"covered_lines": 0, "num_statements": 33, "percent_covered": 0.0, "percent_covered_display": "0", "missing_lines": 33, "excluded_lines": 0}, "missing_lines": [1, 3, 4, 5, 7, 10, 12, 13, 14, 15, 16, 17, 19, 20, 23, 25, 26, 27, 29, 30, 31, 34, 36, 37, 38, 39, 42, 43, 44, 45, 47, 48, 51], "excluded_lines": [], "functions": {"ensure_cols": {"executed_lines": [], "summary": {"covered_lines": 0, "num_statements": 8, "percent_covered": 0.0, "percent_covered_display": "0", "missing_line
[...]
983, 1984, 1989, 1990, 1997, 2000, 2001, 2002, 2005, 2006, 2007, 2008, 2011, 2022, 2023, 2024, 2026, 2027], "excluded_lines": []}}, "classes": {"QuotaTracker": {"executed_lines": [], "summary": {"covered_lines": 0, "num_statements": 9, "percent_covered": 0.0, "percent_covered_display": "0", "missing_lines": 9, "excluded_lines": 0}, "missing_lines": [229, 230, 242, 243, 244, 253, 262, 263, 264], "excluded_lines": []}, "": {"executed_lines": [], "summary": {"covered_lines": 0, "num_statements": 753, "percent_covered": 0.0, "percent_covered_display": "0", "missing_lines": 753, "excluded_lines": 0}, "missing_lines": [61, 62, 63, 64, 65, 66, 67, 69, 70, 71, 72, 73, 76, 78, 79, 80, 82, 84, 93, 96, 109, 111, 114, 122, 123, 126, 127, 128, 131, 132, 135, 137, 140, 141, 143, 146, 151, 152, 153, 154, 156, 157, 158, 162, 163, 164, 165, 166, 169, 179, 182, 196, 197, 198, 199, 200, 201, 202, 206, 213, 222, 232, 246, 255, 268, 271, 278, 279, 280, 282, 285, 298, 301, 302, 303, 305, 307, 312, 313, 315, 316, 317, 318, 320, 321, 324, 357, 358, 359, 360, 361, 362, 365, 368, 369, 370, 371, 373, 376, 377, 379, 381, 383, 386, 387, 390, 391, 394, 397, 398, 401, 402, 405, 406, 407, 408, 409, 410, 412, 413, 415, 418, 420, 421, 422, 423, 427, 428, 430, 431, 432, 435, 438, 439, 442, 445, 446, 449, 461, 464, 465, 468, 469, 471, 477, 478, 479, 480, 483, 484, 486, 487, 489, 490, 491, 493, 494, 497, 498, 499, 502, 503, 504, 505, 508, 514, 515, 516, 518, 519, 520, 521, 523, 524, 527, 550, 551, 554, 555, 556, 559, 560, 561, 564, 565, 566, 567, 568, 569, 570, 571, 574, 575, 576, 577, 578, 580, 582, 585, 587, 590, 591, 592, 594, 597, 598, 601, 603, 604, 607, 608, 610, 611, 612, 617, 622, 623, 625, 626, 629, 630, 631, 633, 634, 635, 636, 639, 640, 641, 642, 645, 646, 647, 648, 649, 650, 651, 654, 656, 658, 659, 662, 663, 664, 665, 666, 667, 669, 670, 673, 675, 676, 677, 680, 717, 720, 721, 723, 733, 734, 737, 738, 745, 754, 759, 760, 763, 766, 767, 770, 771, 774, 775, 777, 778, 781, 782, 783, 786, 787, 788, 789, 790, 791, 792, 795, 798, 799, 800, 801, 804, 805, 806, 808, 809, 812, 814, 815, 817, 818, 821, 822, 823, 824, 825, 826, 829, 830, 831, 832, 833, 834, 837, 840, 841, 842, 845, 846, 847, 851, 852, 855, 866, 867, 870, 873, 876, 877, 879, 882, 885, 886, 887, 890, 891, 894, 896, 899, 901, 903, 906, 907, 908, 911, 914, 915, 918, 920, 922, 925, 926, 927, 929, 931, 934, 935, 936, 941, 942, 944, 945, 947, 948, 951, 952, 955, 956, 959, 962, 965, 966, 969, 972, 973, 976, 977, 980, 981, 983, 984, 985, 986, 987, 990, 991, 994, 995, 996, 997, 998, 999, 1000, 1003, 1004, 1007, 1009, 1010, 1013, 1014, 1017, 1020, 1023, 1039, 1041, 1042, 1043, 1045, 1046, 1047, 1049, 1063, 1066, 1074, 1077, 1078, 1081, 1084, 1086, 1087, 1090, 1092, 1095, 1098, 1101, 1104, 1105, 1106, 1107, 1108, 1111, 1112, 1118, 1120, 1123, 1132, 1134, 1137, 1138, 1139, 1142, 1151, 1153, 1154, 1155, 1156, 1159, 1173, 1176, 1185, 1187, 1188, 1189, 1190, 1193, 1207, 1210, 1222, 1224, 1225, 1226, 1227, 1230, 1231, 1234, 1235, 1236, 1237, 1238, 1239, 1240, 1242, 1243, 1246, 1249, 1261, 1273, 1275, 1276, 1277, 1278, 1281, 1282, 1285, 1286, 1287, 1288, 1289, 1290, 1291, 1293, 1294, 1297, 1300, 1312, 1322, 1324, 1325, 1326, 1327, 1330, 1342, 1350, 1352, 1353, 1354, 1356, 1357, 1358, 1359, 1360, 1361, 1364, 1372, 1373, 1374, 1375, 1378, 1390, 1393, 1394, 1395, 1398, 1399, 1400, 1403, 1404, 1405, 1408, 1409, 1410, 1412, 1415, 1427, 1429, 1431, 1433, 1434, 1437, 1438, 1440, 1443, 1445, 1446, 1447, 1450, 1451, 1454, 1462, 1463, 1466, 1467, 1470, 1473, 1476, 1479, 1482, 1484, 1486, 1489, 1499, 1502, 1505, 1506, 1507, 1508, 1522, 1524, 1527, 1528, 1529, 1530, 1544, 1546, 1548, 1551, 1566, 1569, 1570, 1573, 1574, 1577, 1578, 1581, 1582, 1583, 1584, 1585, 1588, 1589, 1593, 1594, 1597, 1598, 1599, 1600, 1601, 1603, 1606, 1650, 1653, 1655, 1656, 1658, 1661, 1664, 1667, 1670, 1671, 1673, 1675, 1689, 1690, 1700, 1701, 1702, 1703, 1704, 1705, 1708, 1709, 1719, 1722, 1723, 1732, 1735, 1736, 1737, 1738, 1740, 1743, 1745, 1746, 1747, 1749, 1752, 1755, 1758, 1764, 1766, 1768, 1770, 1771, 1772, 1773, 1774, 1775, 1777, 1778, 1781, 1784, 1785, 1786, 1791, 1796, 1797, 1798, 1799, 1801, 1803, 1804, 1805, 1806, 1808, 1811, 1812, 1815, 1816, 1817, 1818, 1820, 1821, 1822, 1824, 1825, 1826, 1828, 1831, 1832, 1835, 1837, 1840, 1842, 1843, 1844, 1848, 1849, 1851, 1860, 1862, 1873, 1874, 1875, 1878, 1880, 1881, 1882, 1885, 1887, 1888, 1889, 1892, 1893, 1894, 1895, 1898, 1899, 1901, 1902, 1906, 1907, 1909, 1912, 1918, 1919, 1921, 1922, 1924, 1925, 1927, 1930, 1932, 1934, 1936, 1939, 1941, 1943, 1945, 1948, 1949, 1952, 1953, 1959, 1965, 1971, 1977, 1983, 1984, 1989, 1990, 1997, 2000, 2001, 2002, 2005, 2006, 2007, 2008, 2011, 2022, 2023, 2024, 2026, 2027], "excluded_lines": []}}}, "web/youtube_metrics_helpers.py": {"executed_lines": [], "summary": {"covered_lines": 0, "num_statements": 44, "percent_covered": 0.0, "percent_covered_display": "0", "missing_lines": 44, "excluded_lines": 0}, "missing_lines": [8, 9, 10, 12, 13, 14, 15, 17, 19, 22, 47, 50, 52, 54, 67, 69, 93, 97, 108, 109, 112, 130, 133, 144, 145, 160, 161, 170, 173, 187, 190, 254, 256, 257, 259, 261, 264, 274, 277, 312, 314, 315, 317, 319], "excluded_lines": [], "functions": {"upsert_metrics": {"executed_lines": [], "summary": {"covered_lines": 0, "num_statements": 10, "percent_covered": 0.0, "percent_covered_display": "0", "missing_lines": 10, "excluded_lines": 0}, "missing_lines": [47, 50, 52, 54, 67, 69, 93, 97, 108, 109], "excluded_lines": []}, "get_playlist_count": {"executed_lines": [], "summary": {"covered_lines": 0, "num_statements": 1, "percent_covered": 0.0, "percent_covered_display": "0", "missing_lines": 1, "excluded_lines": 0}, "missing_lines": [130], "excluded_lines": []}, "get_latest_metrics": {"executed_lines": [], "summary": {"covered_lines": 0, "num_statements": 5, "percent_covered": 0.0, "percent_covered_display": "0", "missing_lines": 5, "excluded_lines": 0}, "missing_lines": [144, 145, 160, 161, 170], "excluded_lines": []}, "get_top_viewcount_increases": {"executed_lines": [], "summary": {"covered_lines": 0, "num_statements": 7, "percent_covered": 0.0, "percent_covered_display": "0", "missing_lines": 7, "excluded_lines": 0}, "missing_lines": [187, 190, 254, 256, 257, 259, 261], "excluded_lines": []}, "analyze_viewcount_changes": {"executed_lines": [], "summary": {"covered_lines": 0, "num_statements": 7, "percent_covered": 0.0, "percent_covered_display": "0", "missing_lines": 7, "excluded_lines": 0}, "missing_lines": [274, 277, 312, 314, 315, 317, 319], "excluded_lines": []}, "": {"executed_lines": [], "summary": {"covered_lines": 0, "num_statements": 14, "percent_covered": 0.0, "percent_covered_display": "0", "missing_lines": 14, "excluded_lines": 0}, "missing_lines": [8, 9, 10, 12, 13, 14, 15, 17, 19, 22, 112, 133, 173, 264], "excluded_lines": []}}, "classes": {"": {"executed_lines": [], "summary": {"covered_lines": 0, "num_statements": 44, "percent_covered": 0.0, "percent_covered_display": "0", "missing_lines": 44, "excluded_lines": 0}, "missing_lines": [8, 9, 10, 12, 13, 14, 15, 17, 19, 22, 47, 50, 52, 54, 67, 69, 93, 97, 108, 109, 112, 130, 133, 144, 145, 160, 161, 170, 173, 187, 190, 254, 256, 257, 259, 261, 264, 274, 277, 312, 314, 315, 317, 319], "excluded_lines": []}}}, "web/youtube_version_parser.py": {"executed_lines": [], "summary": {"covered_lines": 0, "num_statements": 446, "percent_covered": 0.0, "percent_covered_display": "0", "missing_lines": 446, "excluded_lines": 0}, "missing_lines": [32, 33, 34, 35, 36, 38, 39, 41, 42, 43, 46, 47, 49, 50, 51, 54, 153, 174, 217, 224, 227, 230, 233, 246, 247, 248, 249, 250, 251, 252, 253, 256, 266, 267, 270, 273, 274, 276, 279, 290, 291, 294, 297, 298, 299, 301, 302, 304, 310, 313, 314, 315, 316, 317, 318, 319, 323, 326, 329, 340, 341, 344, 347, 348, 349, 351, 352, 353, 354, 355, 358, 359, 360, 361, 362, 363, 364, 366, 369, 370, 371, 372, 374, 375, 376, 377, 378, 381, 382, 383, 384, 385, 386, 387, 389, 392, 395, 398, 403, 405, 406, 407, 408, 409, 410, 413, 414, 415, 416, 419, 420, 421, 422, 424, 426, 427, 428, 429, 432, 434, 440, 441, 444, 445, 447, 450, 460, 461, 462, 463, 464, 465, 466, 469, 477, 480, 482, 487, 489, 492, 494, 495, 498, 504, 505, 506, 507, 510, 513, 515, 518, 521, 522, 524, 529, 530, 532, 535, 544, 545, 547, 548, 550, 551, 553, 554, 555, 556, 558, 559, 566, 567, 569, 570, 571, 572, 574, 575, 577, 578, 580, 581, 584, 589, 590, 593, 594, 595, 598, 599, 600, 601, 604, 608, 610, 611, 614, 615, 616, 618, 621, 627, 630, 632, 633, 634, 635, 638, 645, 648, 649, 651, 652, 653, 656, 657, 659, 662, 663, 665, 668, 673, 681, 682, 684, 685, 686, 689, 690, 692, 693, 694, 695, 698, 699, 700, 701, 703, 705, 708, 712, 715, 718, 721, 722, 724, 725, 728, 729, 731, 733, 741, 743, 744, 746, 747, 748, 749, 752, 754, 763, 764, 765, 766, 767, 770, 771, 773, 775, 778, 785, 786, 787, 790, 792, 797, 798, 799, 802, 810, 813, 814, 816, 817, 818, 820, 823, 830, 831, 832, 833, 834, 837, 840, 841, 843, 845, 852, 853, 854, 857, 858, 861, 863, 864, 868, 871, 875, 879, 880, 883, 884, 887, 890, 893, 896, 897, 901, 903, 910, 925, 928, 930, 937, 948, 949, 952, 953, 954, 955, 958, 959, 960, 961, 963, 966, 977, 978, 981, 987, 988, 989, 992, 993, 994, 996, 999, 1010, 1011, 1012, 1015, 1018, 1021, 1031, 1034, 1046, 1047, 1049, 1050, 1051, 1054, 1055, 1057, 1058, 1061, 1062, 1063, 1066, 1067, 1070, 1073, 1074, 1075, 1076, 1079, 1081, 1084, 1087, 1088, 1090, 1093, 1126, 1127, 1130, 1131, 1132, 1133, 1135, 1137, 1140, 1141, 1142, 1143, 1144, 1145, 1146, 1147, 1148, 1149, 1154, 1155, 1158, 1180, 1181, 1183, 1185, 1186, 1187, 1188, 1189, 1190, 1193, 1194, 1195, 1196, 1197, 1198, 1199, 1200, 1203, 1216, 1222, 1223, 1224, 1227, 1243, 1246, 1247, 1248, 1251, 1252, 1255, 1258, 1260, 1288, 1316, 1317, 1318, 1319, 1320, 1321, 1322, 1323, 1325, 1326, 1327], "excluded_lines": [], "functions": {"_norm": {"executed_lines": [], "summary": {"covered_lines": 0, "num_statements": 8, "percent_covered": 0.0, "percent_covered_display": "0", "missing_lines": 8, "excluded_lines": 0}, "missing_lines": [246, 247, 248, 249, 250, 251, 252, 253], "excluded_lines": []}, "clean_text": {"executed_lines": [], "summary": {"covered_lines": 0, "num_statements": 6, "percent_covered": 0.0, "percent_covered_display": "0", "missing_lines": 6, "excluded_lines": 0}, "missing_lines": [266, 267, 270, 273, 274, 276], "excluded_lines": []}, "extract_version_from_title": {"executed_lines": [], "summary": {"covered_lines": 0, "num_statements": 19, "percent_covered": 0.0, "percent_covered_display": "0", "missing_lines": 19, "excluded_lines": 0}, "missing_lines": [290, 291, 294, 297, 298, 299, 301, 302, 304, 310, 313, 314, 315, 316, 317, 318, 319, 323, 326], "excluded_lines": []}, "extract_artists_from_title": {"executed_lines": [], "summary": {"covered_lines": 0, "num_statements": 60, "percent_covered": 0.0, "percent_covered_display": "0", "missing_lines": 60, "excluded_lines": 0}, "missing_lines": [340, 341, 344, 347, 348, 349, 351, 352, 353, 354, 355, 358, 359, 360, 361, 362, 363, 364, 366, 369, 370, 371, 372, 374, 375, 376, 377, 378, 381, 382, 383, 384, 385, 386, 387, 389, 392, 395, 398, 403, 413, 414, 415, 416, 419, 420, 421, 422, 424, 426, 427, 428, 429, 432, 434, 440, 441, 444, 445, 447], "excluded_lines": []}, "extract_artists_from_title.split_feat": {"executed_lines": [], "summary": {"covered_lines": 0, "num_statements": 6, "percent_covered": 0.0, "percent_covered_display": "0", "missing_lines": 6, "excluded_lines": 0}, "missing_lines": [405, 406, 407, 408, 409, 410], "excluded_lines": []}, "split_if_csv": {"executed_lines": [], "summary": {"covered_lines": 0, "num_statements": 7, "percent_covered": 0.0, "percent_covered_display": "0", "missing_lines": 7, "excluded_lines": 0}, "missing_lines": [460, 461, 462, 463, 464, 465, 466], "excluded_lines": []}, "_split_primary_block": {"executed_lines": [], "summary": {"covered_lines": 0, "num_statements": 17, "percent_covered": 0.0, "percent_covered_display": "0", "missing_lines": 17, "excluded_lines": 0}, "missing_lines": [494, 495, 498, 504, 505, 506, 507, 510, 513, 515, 518, 521, 522, 524, 529, 530, 532], "excluded_lines": []}, "_extract_collaboration_clauses": {"executed_lines": [], "summary": {"covered_lines": 0, "num_statements": 24, "percent_covered": 0.0, "percent_covered_display": "0", "missing_lines": 24, "excluded_lines": 0}, "missing_lines": [544, 545, 547, 548, 550, 551, 553, 554, 555, 556, 558, 559, 566, 567, 569, 570, 571, 572, 574, 575, 577, 578, 580, 581], "excluded_lines": []}, "_is_ripper_channel": {"executed_lines": [], "summary": {"covered_lines": 0, "num_statements": 9, "percent_covered": 0.0, "percent_covered_display": "0", "missing_lines": 9, "excluded_lines": 0}, "missing_lines": [589, 590, 593, 594, 595, 598, 599, 600, 601], "excluded_lines": []}, "_remove_meaningless_descriptors": {"executed_lines": [], "summary": {"covered_lines": 0, "num_statements": 7, "percent_covered": 0.0, "percent_covered_display": "0", "missing_lines": 7, "excluded_lines": 0}, "missing_lines": [608, 610, 611, 614, 615, 616, 618], "excluded_lines": []}, "_extract_artist_from_title_start": {"executed_lines": [], "summary": {"covered_lines": 0, "num_statements": 19, "percent_covered": 0.0, "percent_covered_display": "0", "missing_lines": 19, "excluded_lines": 0}, "missing_lines": [627, 630, 632, 633, 634, 635, 638, 645, 648, 649, 651, 652, 653, 656, 657, 659, 662, 663, 665], "excluded_lines": []}, "_detect_multi_song_performance": {"executed_lines": [], "summary": {"covered_lines": 0, "num_statements": 18, "percent_covered": 0.0, "percent_covered_display": "0", "missing_lines": 18, "excluded_lines": 0}, "missing_lines": [673, 681, 682, 684, 685, 686, 689, 690, 692, 693, 694, 695, 698, 699, 700, 701, 703, 705], "excluded_lines": []}, "parse_youtube_title": {"executed_lines": [], "summary": {"covered_lines": 0, "num_statements": 83, "percent_covered": 0.0, "percent_covered_display": "0", "missing_lines": 83, "excluded_lines": 0}, "missing_lines": [712, 715, 718, 721, 722, 724, 725, 728, 729, 731, 733, 741, 743, 744, 746, 747, 748, 749, 752, 754, 763, 764, 765, 766, 767, 770, 771, 773, 775, 778, 785, 786, 787, 790, 792, 797, 798, 799, 802, 810, 813, 814, 816, 817, 818, 820, 823, 830, 831, 832, 833, 834, 837, 840, 841, 843, 845, 852, 853, 854, 857, 858, 861, 863, 864, 868, 871, 875, 879, 880, 883, 884, 887, 890, 893, 896, 897, 901, 903, 910, 925, 928, 930], "excluded_lines": []}, "is_lyric_video": {"executed_lines": [], "summary": {"covered_lines": 0, "num_statements": 11, "percent_covered": 0.0, "percent_covered_display": "0", "missing_lines": 11, "excluded_lines": 0}, "missing_lines": [948, 949, 952, 953, 954, 955, 958, 959, 960, 961, 963], "excluded_lines": []}, "is_official_video": {"executed_lines": [], "summary": {"covered_lines": 0, "num_statements": 10, "percent_covered": 0.0, "percent_covered_display": "0", "missing_lines": 10, "excluded_lines": 0}, "missing_lines": [977, 978, 981, 987, 988, 989, 992, 993, 994, 996], "excluded_lines": []}, "extract_artists_and_title_from_youtube": {"executed_lines": [], "summary": {"covered_lines": 0, "num_statements": 7, "percent_covered": 0.0, "percent_covered_display": "0", "missing_lines": 7, "excluded_lines": 0}, "missing_lines": [1010, 1011, 1012, 1015, 1018, 1021, 1031], "excluded_lines": []}, "match_youtube_to_song": {"executed_lines": [], "summary": {"covered_lines": 0, "num_statements": 25, "percent_covered": 0.0, "percent_covered_display": "0", "missing_lines": 25, "excluded_lines": 0}, "missing_lines": [1046, 1047, 1049, 1050, 1051, 1054, 1055, 1057, 1058, 1061, 1062, 1063, 1066, 1067, 1070, 1073, 1074, 1075, 1076, 1079, 1081, 1084, 1087, 1088, 1090], "excluded_lines": []}, "calculate_similarity": {"executed_lines": [], "summary": {"covered_lines": 0, "num_statements": 20, "percent_covered": 0.0, "percent_covered_display": "0", "missing_lines": 20, "excluded_lines": 0}, "missing_lines": [1126, 1127, 1130, 1131, 1132, 1133, 1135, 1137, 1140, 1141, 1142, 1143, 1144, 1145, 1146, 1147, 1148, 1149, 1154, 1155], "excluded_lines": []}, "calculate_artist_similarity": {"executed_lines": [], "summary": {"covered_lines": 0, "num_statements": 17, "percent_covered": 0.0, "percent_covered_display": "0", "missing_lines": 17, "excluded_lines": 0}, "missing_lines": [1180, 1181, 1183, 1185, 1186, 1187, 1188, 1189, 1190, 1193, 1194, 1195, 1196, 1197, 1198, 1199, 1200], "excluded_lines": []}, "extract_version_type": {"executed_lines": [], "summary": {"covered_lines": 0, "num_statements": 12, "percent_covered": 0.0, "percent_covered_display": "0", "missing_lines": 12, "excluded_lines": 0}, "missing_lines": [1216, 1222, 1223, 1224, 1227, 1243, 1246, 1247, 1248, 1251, 1252, 1255], "excluded_lines": []}, "": {"executed_lines": [], "summary": {"covered_lines": 0, "num_statements": 61, "percent_covered": 0.0, "percent_covered_display": "0", "missing_lines": 61, "excluded_lines": 0}, "missing_lines": [32, 33, 34, 35, 36, 38, 39, 41, 42, 43, 46, 47, 49, 50, 51, 54, 153, 174, 217, 224, 227, 230, 233, 256, 279, 329, 450, 469, 477, 480, 482, 487, 489, 492, 535, 584, 604, 621, 668, 708, 937, 966, 999, 1034, 1093, 1158, 1203, 1258, 1260, 1288, 1316, 1317, 1318, 1319, 1320, 1321, 1322, 1323, 1325, 1326, 1327], "excluded_lines": []}}, "classes": {"": {"executed_lines": [], "summary": {"covered_lines": 0, "num_statements": 446, "percent_covered": 0.0, "percent_covered_display": "0", "missing_lines": 446, "excluded_lines": 0}, "missing_lines": [32, 33, 34, 35, 36, 38, 39, 41, 42, 43, 46, 47, 49, 50, 51, 54, 153, 174, 217, 224, 227, 230, 233, 246, 247, 248, 249, 250, 251, 252, 253, 256, 266, 267, 270, 273, 274, 276, 279, 290, 291, 294, 297, 298, 299, 301, 302, 304, 310, 313, 314, 315, 316, 317, 318, 319, 323, 326, 329, 340, 341, 344, 347, 348, 349, 351, 352, 353, 354, 355, 358, 359, 360, 361, 362, 363, 364, 366, 369, 370, 371, 372, 374, 375, 376, 377, 378, 381, 382, 383, 384, 385, 386, 387, 389, 392, 395, 398, 403, 405, 406, 407, 408, 409, 410, 413, 414, 415, 416, 419, 420, 421, 422, 424, 426, 427, 428, 429, 432, 434, 440, 441, 444, 445, 447, 450, 460, 461, 462, 463, 464, 465, 466, 469, 477, 480, 482, 487, 489, 492, 494, 495, 498, 504, 505, 506, 507, 510, 513, 515, 518, 521, 522, 524, 529, 530, 532, 535, 544, 545, 547, 548, 550, 551, 553, 554, 555, 556, 558, 559, 566, 567, 569, 570, 571, 572, 574, 575, 577, 578, 580, 581, 584, 589, 590, 593, 594, 595, 598, 599, 600, 601, 604, 608, 610, 611, 614, 615, 616, 618, 621, 627, 630, 632, 633, 634, 635, 638, 645, 648, 649, 651, 652, 653, 656, 657, 659, 662, 663, 665, 668, 673, 681, 682, 684, 685, 686, 689, 690, 692, 693, 694, 695, 698, 699, 700, 701, 703, 705, 708, 712, 715, 718, 721, 722, 724, 725, 728, 729, 731, 733, 741, 743, 744, 746, 747, 748, 749, 752, 754, 763, 764, 765, 766, 767, 770, 771, 773, 775, 778, 785, 786, 787, 790, 792, 797, 798, 799, 802, 810, 813, 814, 816, 817, 818, 820, 823, 830, 831, 832, 833, 834, 837, 840, 841, 843, 845, 852, 853, 854, 857, 858, 861, 863, 864, 868, 871, 875, 879, 880, 883, 884, 887, 890, 893, 896, 897, 901, 903, 910, 925, 928, 930, 937, 948, 949, 952, 953, 954, 955, 958, 959, 960, 961, 963, 966, 977, 978, 981, 987, 988, 989, 992, 993, 994, 996, 999, 1010, 1011, 1012, 1015, 1018, 1021, 1031, 1034, 1046, 1047, 1049, 1050, 1051, 1054, 1055, 1057, 1058, 1061, 1062, 1063, 1066, 1067, 1070, 1073, 1074, 1075, 1076, 1079, 1081, 1084, 1087, 1088, 1090, 1093, 1126, 1127, 1130, 1131, 1132, 1133, 1135, 1137, 1140, 1141, 1142, 1143, 1144, 1145, 1146, 1147, 1148, 1149, 1154, 1155, 1158, 1180, 1181, 1183, 1185, 1186, 1187, 1188, 1189, 1190, 1193, 1194, 1195, 1196, 1197, 1198, 1199, 1200, 1203, 1216, 1222, 1223, 1224, 1227, 1243, 1246, 1247, 1248, 1251, 1252, 1255, 1258, 1260, 1288, 1316, 1317, 1318, 1319, 1320, 1321, 1322, 1323, 1325, 1326, 1327], "excluded_lines": []}}}}, "totals": {"covered_lines": 196, "num_statements": 5001, "percent_covered": 3.919216156768646, "percent_covered_display": "4", "missing_lines": 4805, "excluded_lines": 29}}